#
# There is insufficient memory for the Java Runtime Environment to continue.
# Native memory allocation (mmap) failed to map 181403648 bytes for committing reserved memory.
# Possible reasons:
#   The system is out of physical RAM or swap space
#   In 32 bit mode, the process size limit was hit
# Possible solutions:
#   Reduce memory load on the system
#   Increase physical memory or swap space
#   Check if swap backing store is full
#   Use 64 bit Java on a 64 bit OS
#   Decrease Java heap size (-Xmx/-Xms)
#   Decrease number of Java threads
#   Decrease Java thread stack sizes (-Xss)
#   Set larger code cache with -XX:ReservedCodeCacheSize=
# This output file may be truncated or incomplete.
#
#  Out of Memory Error (os_linux.cpp:2640), pid=29124, tid=0x00007ffab33f3700
#
# JRE version: Java(TM) SE Runtime Environment (8.0_161-b12) (build 1.8.0_161-b12)
# Java VM: Java HotSpot(TM) 64-Bit Server VM (25.161-b12 mixed mode linux-amd64 compressed oops)
# Failed to write core dump. Core dumps have been disabled. To enable core dumping, try "ulimit -c unlimited" before starting Java again
#

---------------  T H R E A D  ---------------

Current thread (0x00007ffad407f800):  VMThread [stack: 0x00007ffab32f3000,0x00007ffab33f4000] [id=29135]

Stack: [0x00007ffab32f3000,0x00007ffab33f4000],  sp=0x00007ffab33f2320,  free space=1020k
Native frames: (J=compiled Java code, j=interpreted, Vv=VM code, C=native code)
V  [libjvm.so+0xacf94a]  VMError::report_and_die()+0x2ba
V  [libjvm.so+0x50050b]  report_vm_out_of_memory(char const*, int, unsigned long, VMErrorType, char const*)+0x8b
V  [libjvm.so+0x92b133]  os::Linux::commit_memory_impl(char*, unsigned long, bool)+0x103
V  [libjvm.so+0x92b5c9]  os::pd_commit_memory(char*, unsigned long, unsigned long, bool)+0x29
V  [libjvm.so+0x924c0a]  os::commit_memory(char*, unsigned long, unsigned long, bool)+0x2a
V  [libjvm.so+0x99ab53]  PSVirtualSpace::expand_by(unsigned long)+0x53
V  [libjvm.so+0x99bf58]  PSYoungGen::resize_generation(unsigned long, unsigned long)+0xf8
V  [libjvm.so+0x99b0b2]  PSYoungGen::resize(unsigned long, unsigned long)+0x22
V  [libjvm.so+0x99838b]  PSScavenge::invoke_no_policy()+0xf3b
V  [libjvm.so+0x998b11]  PSScavenge::invoke()+0x41
V  [libjvm.so+0x94f5a0]  ParallelScavengeHeap::failed_mem_allocate(unsigned long)+0x70
V  [libjvm.so+0xad13c7]  VM_ParallelGCFailedAllocation::doit()+0x97
V  [libjvm.so+0xad8ed5]  VM_Operation::evaluate()+0x55
V  [libjvm.so+0xad729a]  VMThread::evaluate_operation(VM_Operation*)+0xba
V  [libjvm.so+0xad761e]  VMThread::loop()+0x1ce
V  [libjvm.so+0xad7a90]  VMThread::run()+0x70
V  [libjvm.so+0x92da28]  java_start(Thread*)+0x108

VM_Operation (0x00007ffa4ad924f0): ParallelGCFailedAllocation, mode: safepoint, requested by thread 0x00007ffad51a9000


---------------  P R O C E S S  ---------------

Java Threads: ( => current thread )
  0x00007ffa4c035000 JavaThread "expiringMap-0" daemon [_thread_blocked, id=29397, stack(0x00007ffa49b89000,0x00007ffa49c8a000)]
  0x00007ffa40001000 JavaThread "DiscoveryClient-HeartbeatExecutor-0" daemon [_thread_blocked, id=29281, stack(0x00007ffa8c8fe000,0x00007ffa8c9ff000)]
  0x00000000006ec800 JavaThread "DiscoveryClient-CacheRefreshExecutor-0" daemon [_thread_blocked, id=29280, stack(0x00007ffab029f000,0x00007ffab03a0000)]
  0x00007ffad4011800 JavaThread "DestroyJavaVM" [_thread_blocked, id=29128, stack(0x00007ffadbc7d000,0x00007ffadbd7e000)]
  0x00007ffad51f8000 JavaThread "registrationTask1" [_thread_blocked, id=29217, stack(0x00007ffa49e8c000,0x00007ffa49f8d000)]
  0x00007ffad51f5000 JavaThread "http-nio-8080-AsyncTimeout" daemon [_thread_blocked, id=29216, stack(0x00007ffa49f8d000,0x00007ffa4a08e000)]
  0x00007ffad51f3800 JavaThread "http-nio-8080-Acceptor-0" daemon [_thread_in_native, id=29215, stack(0x00007ffa4a08e000,0x00007ffa4a18f000)]
  0x00007ffad51f1000 JavaThread "http-nio-8080-ClientPoller-1" daemon [_thread_blocked, id=29214, stack(0x00007ffa4a18f000,0x00007ffa4a290000)]
  0x00007ffad51d6800 JavaThread "http-nio-8080-ClientPoller-0" daemon [_thread_blocked, id=29213, stack(0x00007ffa4a290000,0x00007ffa4a391000)]
  0x00007ffad51ba800 JavaThread "http-nio-8080-exec-10" daemon [_thread_blocked, id=29212, stack(0x00007ffa4a391000,0x00007ffa4a492000)]
  0x00007ffad51b8800 JavaThread "http-nio-8080-exec-9" daemon [_thread_blocked, id=29211, stack(0x00007ffa4a492000,0x00007ffa4a593000)]
  0x00007ffad51b6800 JavaThread "http-nio-8080-exec-8" daemon [_thread_blocked, id=29210, stack(0x00007ffa4a593000,0x00007ffa4a694000)]
  0x00007ffad51b5000 JavaThread "http-nio-8080-exec-7" daemon [_thread_blocked, id=29209, stack(0x00007ffa4a694000,0x00007ffa4a795000)]
  0x00007ffad51b3000 JavaThread "http-nio-8080-exec-6" daemon [_thread_blocked, id=29208, stack(0x00007ffa4a795000,0x00007ffa4a896000)]
  0x00007ffad51b1000 JavaThread "http-nio-8080-exec-5" daemon [_thread_blocked, id=29207, stack(0x00007ffa4a896000,0x00007ffa4a997000)]
  0x00007ffad51af000 JavaThread "http-nio-8080-exec-4" daemon [_thread_blocked, id=29206, stack(0x00007ffa4a997000,0x00007ffa4aa98000)]
  0x00007ffad51ad000 JavaThread "http-nio-8080-exec-3" daemon [_thread_blocked, id=29205, stack(0x00007ffa4aa98000,0x00007ffa4ab99000)]
  0x00007ffad51ab000 JavaThread "http-nio-8080-exec-2" daemon [_thread_blocked, id=29204, stack(0x00007ffa4ab99000,0x00007ffa4ac9a000)]
  0x00007ffad51a9000 JavaThread "http-nio-8080-exec-1" daemon [_thread_blocked, id=29203, stack(0x00007ffa4ac9a000,0x00007ffa4ad9b000)]
  0x00007ffad51a6800 JavaThread "NioBlockingSelector.BlockPoller-1" daemon [_thread_blocked, id=29202, stack(0x00007ffa4ad9b000,0x00007ffa4ae9c000)]
  0x00007ffad5170000 JavaThread "HystrixMetricPoller" daemon [_thread_blocked, id=29201, stack(0x00007ffa4ae9c000,0x00007ffa4af9d000)]
  0x00007ffad5178000 JavaThread "DiscoveryClient-InstanceInfoReplicator-0" daemon [_thread_blocked, id=29200, stack(0x00007ffa4af9d000,0x00007ffa4b09e000)]
  0x00007ffad5175800 JavaThread "DiscoveryClient-1" daemon [_thread_blocked, id=29199, stack(0x00007ffa4b09e000,0x00007ffa4b19f000)]
  0x00007ffad5172800 JavaThread "DiscoveryClient-0" daemon [_thread_blocked, id=29198, stack(0x00007ffa4b19f000,0x00007ffa4b2a0000)]
  0x00007ffad512f800 JavaThread "AsyncResolver-bootstrap-0" daemon [_thread_blocked, id=29197, stack(0x00007ffa4b2a0000,0x00007ffa4b3a1000)]
  0x00007ffad5114000 JavaThread "Eureka-JerseyClient-Conn-Cleaner2" daemon [_thread_blocked, id=29196, stack(0x00007ffa4b5a1000,0x00007ffa4b6a2000)]
  0x00007ffad5110000 JavaThread "Eureka-JerseyClient-Conn-Cleaner2" daemon [_thread_blocked, id=29195, stack(0x00007ffa4b6a2000,0x00007ffa4b7a3000)]
  0x00007ffad4f35000 JavaThread "SimpleHostRoutingFilter.connectionManagerTimer" daemon [_thread_blocked, id=29192, stack(0x00007ffa8c0fa000,0x00007ffa8c1fb000)]
  0x00007ffad4849800 JavaThread "RxIoScheduler-1 (Evictor)" daemon [_thread_blocked, id=29189, stack(0x00007ffa8c3fb000,0x00007ffa8c4fc000)]
  0x00007ffad4105800 JavaThread "container-0" [_thread_blocked, id=29188, stack(0x00007ffa8c6fc000,0x00007ffa8c7fd000)]
  0x00007ffad4ad5800 JavaThread "ContainerBackgroundProcessor[StandardEngine[Tomcat]]" daemon [_thread_blocked, id=29187, stack(0x00007ffa8c7fd000,0x00007ffa8c8fe000)]
  0x00007ffa60049800 JavaThread "spring.cloud.inetutils" daemon [_thread_blocked, id=29186, stack(0x00007ffab13e7000,0x00007ffab14e8000)]
  0x00007ffa70019000 JavaThread "JMX server connection timeout 16" daemon [_thread_blocked, id=29162, stack(0x00007ffab16e8000,0x00007ffab17e9000)]
  0x00007ffa84001000 JavaThread "RMI TCP Connection(idle)" daemon [_thread_blocked, id=29161, stack(0x00007ffab1811000,0x00007ffab1912000)]
  0x00007ffa78007800 JavaThread "RMI Scheduler(0)" daemon [_thread_blocked, id=29160, stack(0x00007ffab1912000,0x00007ffab1a13000)]
  0x00007ffad47cc000 JavaThread "RMI TCP Accept-0" daemon [_thread_in_native, id=29151, stack(0x00007ffab1c15000,0x00007ffab1d16000)]
  0x00007ffad4795000 JavaThread "RMI TCP Accept-39633" daemon [_thread_in_native, id=29149, stack(0x00007ffab1d3c000,0x00007ffab1e3d000)]
  0x00007ffad4780800 JavaThread "RMI TCP Accept-0" daemon [_thread_in_native, id=29148, stack(0x00007ffab1e3d000,0x00007ffab1f3e000)]
  0x00007ffad40ea000 JavaThread "Service Thread" daemon [_thread_blocked, id=29143, stack(0x00007ffab2912000,0x00007ffab2a13000)]
  0x00007ffad40c5000 JavaThread "C1 CompilerThread2" daemon [_thread_blocked, id=29142, stack(0x00007ffab2a13000,0x00007ffab2b14000)]
  0x00007ffad40c3000 JavaThread "C2 CompilerThread1" daemon [_thread_blocked, id=29141, stack(0x00007ffab2b14000,0x00007ffab2c15000)]
  0x00007ffad40c0000 JavaThread "C2 CompilerThread0" daemon [_thread_blocked, id=29140, stack(0x00007ffab2c15000,0x00007ffab2d16000)]
  0x00007ffad40be800 JavaThread "Signal Dispatcher" daemon [_thread_blocked, id=29139, stack(0x00007ffab2d16000,0x00007ffab2e17000)]
  0x00007ffad408b800 JavaThread "Finalizer" daemon [_thread_blocked, id=29137, stack(0x00007ffab30f1000,0x00007ffab31f2000)]
  0x00007ffad4087000 JavaThread "Reference Handler" daemon [_thread_blocked, id=29136, stack(0x00007ffab31f2000,0x00007ffab32f3000)]

Other Threads:
=>0x00007ffad407f800 VMThread [stack: 0x00007ffab32f3000,0x00007ffab33f4000] [id=29135]
  0x00007ffad47ce800 WatcherThread [stack: 0x00007ffab1b14000,0x00007ffab1c15000] [id=29155]

VM state:at safepoint (normal execution)

VM Mutex/Monitor currently owned by a thread:  ([mutex/lock_event])
[0x00007ffad400da80] Threads_lock - owner thread: 0x00007ffad407f800
[0x00007ffad400df80] Heap_lock - owner thread: 0x00007ffad51a9000

Heap:
 PSYoungGen      total 456192K, used 18823K [0x00000000d7100000, 0x00000000f5300000, 0x0000000100000000)
  eden space 435712K, 0% used [0x00000000d7100000,0x00000000d7100000,0x00000000f1a80000)
  from space 20480K, 91% used [0x00000000f1a80000,0x00000000f2ce1f18,0x00000000f2e80000)
  to   space 17408K, 0% used [0x00000000f2e80000,0x00000000f2e80000,0x00000000f3f80000)
 ParOldGen       total 75776K, used 26192K [0x0000000085200000, 0x0000000089c00000, 0x00000000d7100000)
  object space 75776K, 34% used [0x0000000085200000,0x0000000086b943b0,0x0000000089c00000)
 Metaspace       used 45639K, capacity 46372K, committed 46680K, reserved 1089536K
  class space    used 6045K, capacity 6225K, committed 6272K, reserved 1048576K

Card table byte_map: [0x00007ffad8642000,0x00007ffad8a1a000] byte_map_base: 0x00007ffad8219000

Marking Bits: (ParMarkBitMap*) 0x00007ffadb151920
 Begin Bits: [0x00007ffac118f000, 0x00007ffac3047000)
 End Bits:   [0x00007ffac3047000, 0x00007ffac4eff000)

Polling page: 0x00007ffadbda4000

CodeCache: size=245760Kb used=10183Kb max_used=10205Kb free=235576Kb
 bounds [0x00007ffac5000000, 0x00007ffac5a00000, 0x00007ffad4000000]
 total_blobs=5410 nmethods=4913 adapters=410
 compilation: enabled

Compilation events (10 events):
Event: 113,729 Thread 0x00007ffad40c5000 5010   !   1       sun.reflect.GeneratedConstructorAccessor2::newInstance (53 bytes)
Event: 113,729 Thread 0x00007ffad40c5000 nmethod 5010 0x00007ffac567cf10 code [0x00007ffac567d0e0, 0x00007ffac567d5e8]
Event: 113,753 Thread 0x00007ffad40c5000 5011       1       java.util.concurrent.ScheduledThreadPoolExecutor::now (4 bytes)
Event: 113,754 Thread 0x00007ffad40c5000 nmethod 5011 0x00007ffac53ce4d0 code [0x00007ffac53ce620, 0x00007ffac53ce730]
Event: 114,843 Thread 0x00007ffad40c5000 5012       1       com.google.common.base.Preconditions::checkNotNull (14 bytes)
Event: 114,844 Thread 0x00007ffad40c5000 nmethod 5012 0x00007ffac567cb50 code [0x00007ffac567ccc0, 0x00007ffac567ce48]
Event: 114,961 Thread 0x00007ffad40c5000 5015       1       org.springframework.beans.factory.annotation.QualifierAnnotationAutowireCandidateResolver::isQualifier (52 bytes)
Event: 114,961 Thread 0x00007ffad40c5000 nmethod 5015 0x00007ffac54579d0 code [0x00007ffac5457ba0, 0x00007ffac5457f58]
Event: 114,962 Thread 0x00007ffad40c5000 5016       1       org.springframework.asm.MethodVisitor::visitAnnotation (19 bytes)
Event: 114,962 Thread 0x00007ffad40c5000 nmethod 5016 0x00007ffac5457690 code [0x00007ffac5457800, 0x00007ffac5457968]

GC Heap History (10 events):
Event: 5,223 GC heap after
Heap after GC invocations=6 (full 1):
 PSYoungGen      total 132096K, used 0K [0x00000000d7100000, 0x00000000e7d00000, 0x0000000100000000)
  eden space 126976K, 0% used [0x00000000d7100000,0x00000000d7100000,0x00000000ded00000)
  from space 5120K, 0% used [0x00000000ded00000,0x00000000ded00000,0x00000000df200000)
  to   space 10240K, 0% used [0x00000000e7300000,0x00000000e7300000,0x00000000e7d00000)
 ParOldGen       total 49152K, used 8737K [0x0000000085200000, 0x0000000088200000, 0x00000000d7100000)
  object space 49152K, 17% used [0x0000000085200000,0x0000000085a88548,0x0000000088200000)
 Metaspace       used 20823K, capacity 21134K, committed 21248K, reserved 1067008K
  class space    used 2661K, capacity 2762K, committed 2816K, reserved 1048576K
}
Event: 8,628 GC heap before
{Heap before GC invocations=7 (full 1):
 PSYoungGen      total 132096K, used 126976K [0x00000000d7100000, 0x00000000e7d00000, 0x0000000100000000)
  eden space 126976K, 100% used [0x00000000d7100000,0x00000000ded00000,0x00000000ded00000)
  from space 5120K, 0% used [0x00000000ded00000,0x00000000ded00000,0x00000000df200000)
  to   space 10240K, 0% used [0x00000000e7300000,0x00000000e7300000,0x00000000e7d00000)
 ParOldGen       total 49152K, used 8737K [0x0000000085200000, 0x0000000088200000, 0x00000000d7100000)
  object space 49152K, 17% used [0x0000000085200000,0x0000000085a88548,0x0000000088200000)
 Metaspace       used 24586K, capacity 25012K, committed 25216K, reserved 1071104K
  class space    used 3233K, capacity 3355K, committed 3456K, reserved 1048576K
Event: 8,655 GC heap after
Heap after GC invocations=7 (full 1):
 PSYoungGen      total 247808K, used 9490K [0x00000000d7100000, 0x00000000e7c80000, 0x0000000100000000)
  eden space 238080K, 0% used [0x00000000d7100000,0x00000000d7100000,0x00000000e5980000)
  from space 9728K, 97% used [0x00000000e7300000,0x00000000e7c44b68,0x00000000e7c80000)
  to   space 11776K, 0% used [0x00000000e6580000,0x00000000e6580000,0x00000000e7100000)
 ParOldGen       total 49152K, used 8745K [0x0000000085200000, 0x0000000088200000, 0x00000000d7100000)
  object space 49152K, 17% used [0x0000000085200000,0x0000000085a8a548,0x0000000088200000)
 Metaspace       used 24586K, capacity 25012K, committed 25216K, reserved 1071104K
  class space    used 3233K, capacity 3355K, committed 3456K, reserved 1048576K
}
Event: 11,809 GC heap before
{Heap before GC invocations=8 (full 1):
 PSYoungGen      total 247808K, used 247570K [0x00000000d7100000, 0x00000000e7c80000, 0x0000000100000000)
  eden space 238080K, 100% used [0x00000000d7100000,0x00000000e5980000,0x00000000e5980000)
  from space 9728K, 97% used [0x00000000e7300000,0x00000000e7c44b68,0x00000000e7c80000)
  to   space 11776K, 0% used [0x00000000e6580000,0x00000000e6580000,0x00000000e7100000)
 ParOldGen       total 49152K, used 8745K [0x0000000085200000, 0x0000000088200000, 0x00000000d7100000)
  object space 49152K, 17% used [0x0000000085200000,0x0000000085a8a548,0x0000000088200000)
 Metaspace       used 31857K, capacity 32348K, committed 32768K, reserved 1077248K
  class space    used 4150K, capacity 4279K, committed 4352K, reserved 1048576K
Event: 11,839 GC heap after
Heap after GC invocations=8 (full 1):
 PSYoungGen      total 262144K, used 11758K [0x00000000d7100000, 0x00000000f3f80000, 0x0000000100000000)
  eden space 250368K, 0% used [0x00000000d7100000,0x00000000d7100000,0x00000000e6580000)
  from space 11776K, 99% used [0x00000000e6580000,0x00000000e70fb880,0x00000000e7100000)
  to   space 17408K, 0% used [0x00000000f2e80000,0x00000000f2e80000,0x00000000f3f80000)
 ParOldGen       total 49152K, used 16317K [0x0000000085200000, 0x0000000088200000, 0x00000000d7100000)
  object space 49152K, 33% used [0x0000000085200000,0x00000000861ef428,0x0000000088200000)
 Metaspace       used 31857K, capacity 32348K, committed 32768K, reserved 1077248K
  class space    used 4150K, capacity 4279K, committed 4352K, reserved 1048576K
}
Event: 13,864 GC heap before
{Heap before GC invocations=9 (full 1):
 PSYoungGen      total 262144K, used 177065K [0x00000000d7100000, 0x00000000f3f80000, 0x0000000100000000)
  eden space 250368K, 66% used [0x00000000d7100000,0x00000000e126eda0,0x00000000e6580000)
  from space 11776K, 99% used [0x00000000e6580000,0x00000000e70fb880,0x00000000e7100000)
  to   space 17408K, 0% used [0x00000000f2e80000,0x00000000f2e80000,0x00000000f3f80000)
 ParOldGen       total 49152K, used 16317K [0x0000000085200000, 0x0000000088200000, 0x00000000d7100000)
  object space 49152K, 33% used [0x0000000085200000,0x00000000861ef428,0x0000000088200000)
 Metaspace       used 34767K, capacity 35206K, committed 35416K, reserved 1079296K
  class space    used 4556K, capacity 4670K, committed 4736K, reserved 1048576K
Event: 13,900 GC heap after
Heap after GC invocations=9 (full 1):
 PSYoungGen      total 453120K, used 17383K [0x00000000d7100000, 0x00000000f5300000, 0x0000000100000000)
  eden space 435712K, 0% used [0x00000000d7100000,0x00000000d7100000,0x00000000f1a80000)
  from space 17408K, 99% used [0x00000000f2e80000,0x00000000f3f79d20,0x00000000f3f80000)
  to   space 20480K, 0% used [0x00000000f1a80000,0x00000000f1a80000,0x00000000f2e80000)
 ParOldGen       total 49152K, used 17248K [0x0000000085200000, 0x0000000088200000, 0x00000000d7100000)
  object space 49152K, 35% used [0x0000000085200000,0x00000000862d8180,0x0000000088200000)
 Metaspace       used 34767K, capacity 35206K, committed 35416K, reserved 1079296K
  class space    used 4556K, capacity 4670K, committed 4736K, reserved 1048576K
}
Event: 13,900 GC heap before
{Heap before GC invocations=10 (full 2):
 PSYoungGen      total 453120K, used 17383K [0x00000000d7100000, 0x00000000f5300000, 0x0000000100000000)
  eden space 435712K, 0% used [0x00000000d7100000,0x00000000d7100000,0x00000000f1a80000)
  from space 17408K, 99% used [0x00000000f2e80000,0x00000000f3f79d20,0x00000000f3f80000)
  to   space 20480K, 0% used [0x00000000f1a80000,0x00000000f1a80000,0x00000000f2e80000)
 ParOldGen       total 49152K, used 17248K [0x0000000085200000, 0x0000000088200000, 0x00000000d7100000)
  object space 49152K, 35% used [0x0000000085200000,0x00000000862d8180,0x0000000088200000)
 Metaspace       used 34767K, capacity 35206K, committed 35416K, reserved 1079296K
  class space    used 4556K, capacity 4670K, committed 4736K, reserved 1048576K
Event: 14,100 GC heap after
Heap after GC invocations=10 (full 2):
 PSYoungGen      total 453120K, used 0K [0x00000000d7100000, 0x00000000f5300000, 0x0000000100000000)
  eden space 435712K, 0% used [0x00000000d7100000,0x00000000d7100000,0x00000000f1a80000)
  from space 17408K, 0% used [0x00000000f2e80000,0x00000000f2e80000,0x00000000f3f80000)
  to   space 20480K, 0% used [0x00000000f1a80000,0x00000000f1a80000,0x00000000f2e80000)
 ParOldGen       total 75776K, used 26192K [0x0000000085200000, 0x0000000089c00000, 0x00000000d7100000)
  object space 75776K, 34% used [0x0000000085200000,0x0000000086b943b0,0x0000000089c00000)
 Metaspace       used 34767K, capacity 35206K, committed 35416K, reserved 1079296K
  class space    used 4556K, capacity 4670K, committed 4736K, reserved 1048576K
}
Event: 115,083 GC heap before
{Heap before GC invocations=11 (full 2):
 PSYoungGen      total 453120K, used 435712K [0x00000000d7100000, 0x00000000f5300000, 0x0000000100000000)
  eden space 435712K, 100% used [0x00000000d7100000,0x00000000f1a80000,0x00000000f1a80000)
  from space 17408K, 0% used [0x00000000f2e80000,0x00000000f2e80000,0x00000000f3f80000)
  to   space 20480K, 0% used [0x00000000f1a80000,0x00000000f1a80000,0x00000000f2e80000)
 ParOldGen       total 75776K, used 26192K [0x0000000085200000, 0x0000000089c00000, 0x00000000d7100000)
  object space 75776K, 34% used [0x0000000085200000,0x0000000086b943b0,0x0000000089c00000)
 Metaspace       used 45639K, capacity 46372K, committed 46680K, reserved 1089536K
  class space    used 6045K, capacity 6225K, committed 6272K, reserved 1048576K

Deoptimization events (0 events):
No events

Classes redefined (0 events):
No events

Internal exceptions (10 events):
Event: 114,861 Thread 0x00007ffad51a9000 Exception <a 'java/lang/ArrayIndexOutOfBoundsException'> (0x00000000f17fc8c0) thrown at [/HUDSON/workspace/8-2-build-linux-amd64/jdk8u161/10277/hotspot/src/share/vm/runtime/sharedRuntime.cpp, line 605]
Event: 114,954 Thread 0x00007ffad51a9000 Exception <a 'java/lang/ClassNotFoundException': org/springframework/context/annotation/ConfigurationClassEnhancer$EnhancedConfigurationCustomizer> (0x00000000f1848d00) thrown at [/HUDSON/workspace/8-2-build-linux-amd64/jdk8u161/10277/hotspot/src/share/vm
Event: 114,956 Thread 0x00007ffad51a9000 Exception <a 'java/lang/ClassNotFoundException': org/springframework/cloud/netflix/ribbon/RibbonClientConfiguration$$EnhancerBySpringCGLIB$$4e4d96ceBeanInfo> (0x00000000f18a25c8) thrown at [/HUDSON/workspace/8-2-build-linux-amd64/jdk8u161/10277/hotspot/sr
Event: 114,957 Thread 0x00007ffad51a9000 Exception <a 'java/lang/ClassNotFoundException': org/springframework/cloud/netflix/ribbon/RibbonClientConfigurationBeanInfo> (0x00000000f18cb7f8) thrown at [/HUDSON/workspace/8-2-build-linux-amd64/jdk8u161/10277/hotspot/src/share/vm/classfile/systemDictio
Event: 114,958 Thread 0x00007ffad51a9000 Exception <a 'java/lang/ClassNotFoundException': org/springframework/cloud/netflix/ribbon/RibbonClientConfigurationCustomizer> (0x00000000f18f6100) thrown at [/HUDSON/workspace/8-2-build-linux-amd64/jdk8u161/10277/hotspot/src/share/vm/classfile/systemDict
Event: 114,958 Thread 0x00007ffad51a9000 Exception <a 'java/lang/ArrayIndexOutOfBoundsException'> (0x00000000f18f8b88) thrown at [/HUDSON/workspace/8-2-build-linux-amd64/jdk8u161/10277/hotspot/src/share/vm/runtime/sharedRuntime.cpp, line 605]
Event: 114,958 Thread 0x00007ffad51a9000 Exception <a 'java/lang/ArrayIndexOutOfBoundsException'> (0x00000000f18ff768) thrown at [/HUDSON/workspace/8-2-build-linux-amd64/jdk8u161/10277/hotspot/src/share/vm/runtime/sharedRuntime.cpp, line 605]
Event: 114,958 Thread 0x00007ffad51a9000 Exception <a 'java/lang/ArrayIndexOutOfBoundsException'> (0x00000000f19031f8) thrown at [/HUDSON/workspace/8-2-build-linux-amd64/jdk8u161/10277/hotspot/src/share/vm/runtime/sharedRuntime.cpp, line 605]
Event: 114,959 Thread 0x00007ffad51a9000 Exception <a 'java/lang/ClassNotFoundException': org/springframework/cloud/netflix/ribbon/RibbonClientConfiguration$$EnhancerBySpringCGLIB$$4e4d96ceCustomizer> (0x00000000f193dbf8) thrown at [/HUDSON/workspace/8-2-build-linux-amd64/jdk8u161/10277/hotspot/
Event: 114,960 Thread 0x00007ffad51a9000 Exception <a 'java/lang/ClassNotFoundException': org/springframework/context/annotation/ConfigurationClassEnhancer$EnhancedConfigurationCustomizer> (0x00000000f1982e30) thrown at [/HUDSON/workspace/8-2-build-linux-amd64/jdk8u161/10277/hotspot/src/share/vm

Events (10 events):
Event: 114,959 loading class org/springframework/cloud/netflix/ribbon/RibbonClientConfiguration$$EnhancerBySpringCGLIB$$4e4d96ceCustomizer done
Event: 114,959 loading class org/springframework/context/annotation/ConfigurationClassEnhancer$EnhancedConfigurationCustomizer
Event: 114,959 loading class org/springframework/context/annotation/ConfigurationClassEnhancer$EnhancedConfigurationCustomizer done
Event: 114,960 loading class org/springframework/context/annotation/ConfigurationClassEnhancer$EnhancedConfigurationCustomizer
Event: 114,960 loading class org/springframework/context/annotation/ConfigurationClassEnhancer$EnhancedConfigurationCustomizer done
Event: 114,960 loading class org/springframework/context/annotation/ConfigurationClassEnhancer$EnhancedConfigurationCustomizer
Event: 114,960 loading class org/springframework/context/annotation/ConfigurationClassEnhancer$EnhancedConfigurationCustomizer done
Event: 114,965 loading class com/netflix/client/config/DefaultClientConfigImpl
Event: 114,965 loading class com/netflix/client/config/DefaultClientConfigImpl done
Event: 115,032 Executing VM operation: ParallelGCFailedAllocation


Dynamic libraries:
00400000-00401000 r-xp 00000000 08:04 9314254                            /usr/lib/jvm/java-8-oracle/bin/java
00600000-00601000 rw-p 00000000 08:04 9314254                            /usr/lib/jvm/java-8-oracle/bin/java
006e7000-00708000 rw-p 00000000 00:00 0                                  [heap]
85200000-89c00000 rw-p 00000000 00:00 0 
89c00000-d7100000 ---p 00000000 00:00 0 
d7100000-f5300000 rw-p 00000000 00:00 0 
100000000-100620000 rw-p 00000000 00:00 0 
100620000-140000000 ---p 00000000 00:00 0 
7ffa3c000000-7ffa3c021000 rw-p 00000000 00:00 0 
7ffa3c021000-7ffa40000000 ---p 00000000 00:00 0 
7ffa40000000-7ffa40021000 rw-p 00000000 00:00 0 
7ffa40021000-7ffa44000000 ---p 00000000 00:00 0 
7ffa44000000-7ffa44021000 rw-p 00000000 00:00 0 
7ffa44021000-7ffa48000000 ---p 00000000 00:00 0 
7ffa49484000-7ffa49604000 rw-p 00000000 00:00 0 
7ffa49604000-7ffa49687000 ---p 00000000 00:00 0 
7ffa49687000-7ffa49785000 rw-p 00000000 00:00 0 
7ffa49785000-7ffa49788000 ---p 00000000 00:00 0 
7ffa49788000-7ffa49886000 rw-p 00000000 00:00 0 
7ffa49886000-7ffa49889000 ---p 00000000 00:00 0 
7ffa49889000-7ffa49987000 rw-p 00000000 00:00 0 
7ffa49987000-7ffa4998a000 ---p 00000000 00:00 0 
7ffa4998a000-7ffa49a88000 rw-p 00000000 00:00 0 
7ffa49a88000-7ffa49a8b000 ---p 00000000 00:00 0 
7ffa49a8b000-7ffa49b89000 rw-p 00000000 00:00 0 
7ffa49b89000-7ffa49b8c000 ---p 00000000 00:00 0 
7ffa49b8c000-7ffa49c8a000 rw-p 00000000 00:00 0 
7ffa49c8a000-7ffa49c8d000 ---p 00000000 00:00 0 
7ffa49c8d000-7ffa49d8b000 rw-p 00000000 00:00 0 
7ffa49d8b000-7ffa49d8e000 ---p 00000000 00:00 0 
7ffa49d8e000-7ffa49e8c000 rw-p 00000000 00:00 0 
7ffa49e8c000-7ffa49e8f000 ---p 00000000 00:00 0 
7ffa49e8f000-7ffa49f8d000 rw-p 00000000 00:00 0 
7ffa49f8d000-7ffa49f90000 ---p 00000000 00:00 0 
7ffa49f90000-7ffa4a08e000 rw-p 00000000 00:00 0 
7ffa4a08e000-7ffa4a091000 ---p 00000000 00:00 0 
7ffa4a091000-7ffa4a18f000 rw-p 00000000 00:00 0 
7ffa4a18f000-7ffa4a192000 ---p 00000000 00:00 0 
7ffa4a192000-7ffa4a290000 rw-p 00000000 00:00 0 
7ffa4a290000-7ffa4a293000 ---p 00000000 00:00 0 
7ffa4a293000-7ffa4a391000 rw-p 00000000 00:00 0 
7ffa4a391000-7ffa4a394000 ---p 00000000 00:00 0 
7ffa4a394000-7ffa4a492000 rw-p 00000000 00:00 0 
7ffa4a492000-7ffa4a495000 ---p 00000000 00:00 0 
7ffa4a495000-7ffa4a593000 rw-p 00000000 00:00 0 
7ffa4a593000-7ffa4a596000 ---p 00000000 00:00 0 
7ffa4a596000-7ffa4a694000 rw-p 00000000 00:00 0 
7ffa4a694000-7ffa4a697000 ---p 00000000 00:00 0 
7ffa4a697000-7ffa4a795000 rw-p 00000000 00:00 0 
7ffa4a795000-7ffa4a798000 ---p 00000000 00:00 0 
7ffa4a798000-7ffa4a896000 rw-p 00000000 00:00 0 
7ffa4a896000-7ffa4a899000 ---p 00000000 00:00 0 
7ffa4a899000-7ffa4a997000 rw-p 00000000 00:00 0 
7ffa4a997000-7ffa4a99a000 ---p 00000000 00:00 0 
7ffa4a99a000-7ffa4aa98000 rw-p 00000000 00:00 0 
7ffa4aa98000-7ffa4aa9b000 ---p 00000000 00:00 0 
7ffa4aa9b000-7ffa4ab99000 rw-p 00000000 00:00 0 
7ffa4ab99000-7ffa4ab9c000 ---p 00000000 00:00 0 
7ffa4ab9c000-7ffa4ac9a000 rw-p 00000000 00:00 0 
7ffa4ac9a000-7ffa4ac9d000 ---p 00000000 00:00 0 
7ffa4ac9d000-7ffa4ad9b000 rw-p 00000000 00:00 0 
7ffa4ad9b000-7ffa4ad9e000 ---p 00000000 00:00 0 
7ffa4ad9e000-7ffa4ae9c000 rw-p 00000000 00:00 0 
7ffa4ae9c000-7ffa4ae9f000 ---p 00000000 00:00 0 
7ffa4ae9f000-7ffa4af9d000 rw-p 00000000 00:00 0 
7ffa4af9d000-7ffa4afa0000 ---p 00000000 00:00 0 
7ffa4afa0000-7ffa4b09e000 rw-p 00000000 00:00 0 
7ffa4b09e000-7ffa4b0a1000 ---p 00000000 00:00 0 
7ffa4b0a1000-7ffa4b19f000 rw-p 00000000 00:00 0 
7ffa4b19f000-7ffa4b1a2000 ---p 00000000 00:00 0 
7ffa4b1a2000-7ffa4b2a0000 rw-p 00000000 00:00 0 
7ffa4b2a0000-7ffa4b2a3000 ---p 00000000 00:00 0 
7ffa4b2a3000-7ffa4b5a1000 rw-p 00000000 00:00 0 
7ffa4b5a1000-7ffa4b5a4000 ---p 00000000 00:00 0 
7ffa4b5a4000-7ffa4b6a2000 rw-p 00000000 00:00 0 
7ffa4b6a2000-7ffa4b6a5000 ---p 00000000 00:00 0 
7ffa4b6a5000-7ffa4b9a3000 rw-p 00000000 00:00 0 
7ffa4b9a3000-7ffa4b9b9000 r-xp 00000000 08:04 3412497                    /lib/x86_64-linux-gnu/libgcc_s.so.1
7ffa4b9b9000-7ffa4bbb8000 ---p 00016000 08:04 3412497                    /lib/x86_64-linux-gnu/libgcc_s.so.1
7ffa4bbb8000-7ffa4bbb9000 rw-p 00015000 08:04 3412497                    /lib/x86_64-linux-gnu/libgcc_s.so.1
7ffa4bbb9000-7ffa4bbeb000 r-xp 00000000 08:04 9322296                    /usr/lib/jvm/java-8-oracle/jre/lib/amd64/libsunec.so
7ffa4bbeb000-7ffa4bdea000 ---p 00032000 08:04 9322296                    /usr/lib/jvm/java-8-oracle/jre/lib/amd64/libsunec.so
7ffa4bdea000-7ffa4bdf0000 rw-p 00031000 08:04 9322296                    /usr/lib/jvm/java-8-oracle/jre/lib/amd64/libsunec.so
7ffa4bdf0000-7ffa4c000000 rw-p 00000000 00:00 0 
7ffa4c000000-7ffa4c080000 rw-p 00000000 00:00 0 
7ffa4c080000-7ffa50000000 ---p 00000000 00:00 0 
7ffa50000000-7ffa50021000 rw-p 00000000 00:00 0 
7ffa50021000-7ffa54000000 ---p 00000000 00:00 0 
7ffa54000000-7ffa54021000 rw-p 00000000 00:00 0 
7ffa54021000-7ffa58000000 ---p 00000000 00:00 0 
7ffa58000000-7ffa58021000 rw-p 00000000 00:00 0 
7ffa58021000-7ffa5c000000 ---p 00000000 00:00 0 
7ffa5c000000-7ffa5c02b000 rw-p 00000000 00:00 0 
7ffa5c02b000-7ffa60000000 ---p 00000000 00:00 0 
7ffa60000000-7ffa6008a000 rw-p 00000000 00:00 0 
7ffa6008a000-7ffa64000000 ---p 00000000 00:00 0 
7ffa64000000-7ffa64021000 rw-p 00000000 00:00 0 
7ffa64021000-7ffa68000000 ---p 00000000 00:00 0 
7ffa68000000-7ffa6817d000 rw-p 00000000 00:00 0 
7ffa6817d000-7ffa6c000000 ---p 00000000 00:00 0 
7ffa6c000000-7ffa6c021000 rw-p 00000000 00:00 0 
7ffa6c021000-7ffa70000000 ---p 00000000 00:00 0 
7ffa70000000-7ffa70028000 rw-p 00000000 00:00 0 
7ffa70028000-7ffa74000000 ---p 00000000 00:00 0 
7ffa74000000-7ffa74021000 rw-p 00000000 00:00 0 
7ffa74021000-7ffa78000000 ---p 00000000 00:00 0 
7ffa78000000-7ffa78021000 rw-p 00000000 00:00 0 
7ffa78021000-7ffa7c000000 ---p 00000000 00:00 0 
7ffa7c000000-7ffa7c021000 rw-p 00000000 00:00 0 
7ffa7c021000-7ffa80000000 ---p 00000000 00:00 0 
7ffa80000000-7ffa80021000 rw-p 00000000 00:00 0 
7ffa80021000-7ffa84000000 ---p 00000000 00:00 0 
7ffa84000000-7ffa84021000 rw-p 00000000 00:00 0 
7ffa84021000-7ffa88000000 ---p 00000000 00:00 0 
7ffa88000000-7ffa88021000 rw-p 00000000 00:00 0 
7ffa88021000-7ffa8c000000 ---p 00000000 00:00 0 
7ffa8c0fa000-7ffa8c0fd000 ---p 00000000 00:00 0 
7ffa8c0fd000-7ffa8c3fb000 rw-p 00000000 00:00 0 
7ffa8c3fb000-7ffa8c3fe000 ---p 00000000 00:00 0 
7ffa8c3fe000-7ffa8c6f2000 rw-p 00000000 00:00 0 
7ffa8c6f2000-7ffa8c6fc000 ---p 00000000 00:00 0 
7ffa8c6fc000-7ffa8c6ff000 ---p 00000000 00:00 0 
7ffa8c6ff000-7ffa8c7fd000 rw-p 00000000 00:00 0 
7ffa8c7fd000-7ffa8c800000 ---p 00000000 00:00 0 
7ffa8c800000-7ffa8c8fe000 rw-p 00000000 00:00 0 
7ffa8c8fe000-7ffa8c901000 ---p 00000000 00:00 0 
7ffa8c901000-7ffa8cbff000 rw-p 00000000 00:00 0 
7ffa8cbff000-7ffa8cdff000 rw-p 00000000 00:00 0 
7ffa8cdff000-7ffa8cfff000 rw-p 00000000 00:00 0 
7ffa8cfff000-7ffa90000000 rw-p 00000000 00:00 0 
7ffa90000000-7ffa9003d000 rw-p 00000000 00:00 0 
7ffa9003d000-7ffa94000000 ---p 00000000 00:00 0 
7ffa94000000-7ffa9474d000 rw-p 00000000 00:00 0 
7ffa9474d000-7ffa98000000 ---p 00000000 00:00 0 
7ffa98000000-7ffa98021000 rw-p 00000000 00:00 0 
7ffa98021000-7ffa9c000000 ---p 00000000 00:00 0 
7ffa9c000000-7ffa9c021000 rw-p 00000000 00:00 0 
7ffa9c021000-7ffaa0000000 ---p 00000000 00:00 0 
7ffaa0000000-7ffaa0021000 rw-p 00000000 00:00 0 
7ffaa0021000-7ffaa4000000 ---p 00000000 00:00 0 
7ffaa4000000-7ffaa4021000 rw-p 00000000 00:00 0 
7ffaa4021000-7ffaa8000000 ---p 00000000 00:00 0 
7ffaa8000000-7ffaa8299000 rw-p 00000000 00:00 0 
7ffaa8299000-7ffaac000000 ---p 00000000 00:00 0 
7ffaac000000-7ffaac021000 rw-p 00000000 00:00 0 
7ffaac021000-7ffab0000000 ---p 00000000 00:00 0 
7ffab009f000-7ffab029f000 rw-p 00000000 00:00 0 
7ffab029f000-7ffab02a2000 ---p 00000000 00:00 0 
7ffab02a2000-7ffab05a0000 rw-p 00000000 00:00 0 
7ffab05a0000-7ffab07a0000 rw-p 00000000 00:00 0 
7ffab07a0000-7ffab09a0000 rw-p 00000000 00:00 0 
7ffab09a0000-7ffab0ba0000 rw-p 00000000 00:00 0 
7ffab0ba0000-7ffab0da0000 rw-p 00000000 00:00 0 
7ffab0da0000-7ffab0db7000 r-xp 00000000 08:04 3418106                    /lib/x86_64-linux-gnu/libresolv-2.23.so
7ffab0db7000-7ffab0fb7000 ---p 00017000 08:04 3418106                    /lib/x86_64-linux-gnu/libresolv-2.23.so
7ffab0fb7000-7ffab0fb8000 r--p 00017000 08:04 3418106                    /lib/x86_64-linux-gnu/libresolv-2.23.so
7ffab0fb8000-7ffab0fb9000 rw-p 00018000 08:04 3418106                    /lib/x86_64-linux-gnu/libresolv-2.23.so
7ffab0fb9000-7ffab0fbb000 rw-p 00000000 00:00 0 
7ffab0fbb000-7ffab0fc0000 r-xp 00000000 08:04 3418118                    /lib/x86_64-linux-gnu/libnss_dns-2.23.so
7ffab0fc0000-7ffab11c0000 ---p 00005000 08:04 3418118                    /lib/x86_64-linux-gnu/libnss_dns-2.23.so
7ffab11c0000-7ffab11c1000 r--p 00005000 08:04 3418118                    /lib/x86_64-linux-gnu/libnss_dns-2.23.so
7ffab11c1000-7ffab11c2000 rw-p 00006000 08:04 3418118                    /lib/x86_64-linux-gnu/libnss_dns-2.23.so
7ffab11c2000-7ffab11c4000 r-xp 00000000 08:04 3412564                    /lib/x86_64-linux-gnu/libnss_mdns4_minimal.so.2
7ffab11c4000-7ffab13c3000 ---p 00002000 08:04 3412564                    /lib/x86_64-linux-gnu/libnss_mdns4_minimal.so.2
7ffab13c3000-7ffab13c4000 r--p 00001000 08:04 3412564                    /lib/x86_64-linux-gnu/libnss_mdns4_minimal.so.2
7ffab13c4000-7ffab13c5000 rw-p 00002000 08:04 3412564                    /lib/x86_64-linux-gnu/libnss_mdns4_minimal.so.2
7ffab13c6000-7ffab13c8000 r--s 00009000 08:04 9443465                    /usr/lib/jvm/java-8-oracle/jre/lib/ext/sunec.jar
7ffab13c8000-7ffab13cc000 r--s 0003a000 08:04 9443472                    /usr/lib/jvm/java-8-oracle/jre/lib/ext/sunpkcs11.jar
7ffab13cc000-7ffab13cf000 r--s 0001a000 08:04 9322354                    /usr/lib/jvm/java-8-oracle/jre/lib/jce.jar
7ffab13cf000-7ffab13d4000 r--s 002f9000 08:04 9322278                    /usr/lib/jvm/java-8-oracle/jre/lib/charsets.jar
7ffab13d4000-7ffab13e7000 r--s 00345000 08:04 9322284                    /usr/lib/jvm/java-8-oracle/jre/lib/resources.jar
7ffab13e7000-7ffab13ea000 ---p 00000000 00:00 0 
7ffab13ea000-7ffab16e8000 rw-p 00000000 00:00 0 
7ffab16e8000-7ffab16eb000 ---p 00000000 00:00 0 
7ffab16eb000-7ffab17e9000 rw-p 00000000 00:00 0 
7ffab17e9000-7ffab17f0000 r--s 00000000 08:04 9574903                    /usr/lib/x86_64-linux-gnu/gconv/gconv-modules.cache
7ffab17f0000-7ffab1811000 r--p 00000000 08:04 10229524                   /usr/share/locale-langpack/pt_BR/LC_MESSAGES/libc.mo
7ffab1811000-7ffab1814000 ---p 00000000 00:00 0 
7ffab1814000-7ffab1912000 rw-p 00000000 00:00 0 
7ffab1912000-7ffab1915000 ---p 00000000 00:00 0 
7ffab1915000-7ffab1a13000 rw-p 00000000 00:00 0 
7ffab1a13000-7ffab1a16000 ---p 00000000 00:00 0 
7ffab1a16000-7ffab1b14000 rw-p 00000000 00:00 0 
7ffab1b14000-7ffab1b15000 ---p 00000000 00:00 0 
7ffab1b15000-7ffab1c15000 rw-p 00000000 00:00 0 
7ffab1c15000-7ffab1c18000 ---p 00000000 00:00 0 
7ffab1c18000-7ffab1d16000 rw-p 00000000 00:00 0 
7ffab1d16000-7ffab1d20000 r--s 00116000 08:04 9443474                    /usr/lib/jvm/java-8-oracle/jre/lib/ext/localedata.jar
7ffab1d20000-7ffab1d3c000 r--s 00393000 08:04 9443467                    /usr/lib/jvm/java-8-oracle/jre/lib/ext/cldrdata.jar
7ffab1d3c000-7ffab1d3f000 ---p 00000000 00:00 0 
7ffab1d3f000-7ffab1e3d000 rw-p 00000000 00:00 0 
7ffab1e3d000-7ffab1e40000 ---p 00000000 00:00 0 
7ffab1e40000-7ffab1f3e000 rw-p 00000000 00:00 0 
7ffab1f3e000-7ffab1f43000 r--s 0009d000 08:04 9322285                    /usr/lib/jvm/java-8-oracle/jre/lib/jsse.jar
7ffab1f43000-7ffab1f59000 r--s 000fe000 08:04 4592842                    /home/clovis/.m2/repository/org/springframework/spring-core/4.3.14.RELEASE/spring-core-4.3.14.RELEASE.jar
7ffab1f59000-7ffab1f5b000 r--s 00009000 08:04 4591458                    /home/clovis/.m2/repository/org/hamcrest/hamcrest-core/1.3/hamcrest-core-1.3.jar
7ffab1f5b000-7ffab1f63000 r--s 00045000 08:04 4591456                    /home/clovis/.m2/repository/junit/junit/4.12/junit-4.12.jar
7ffab1f63000-7ffab1f65000 r--s 00009000 08:04 4196324                    /home/clovis/.m2/repository/org/slf4j/slf4j-api/1.7.25/slf4j-api-1.7.25.jar
7ffab1f65000-7ffab1f66000 r--s 00005000 08:04 12066234                   /home/clovis/.m2/repository/com/googlecode/json-simple/json-simple/1.1.1/json-simple-1.1.1.jar
7ffab1f66000-7ffab1f6d000 r--s 0004a000 08:04 10486158                   /home/clovis/.m2/repository/org/jolokia/jolokia-core/1.3.7/jolokia-core-1.3.7.jar
7ffab1f6d000-7ffab1f86000 r--s 000fe000 08:04 4721822                    /home/clovis/.m2/repository/org/springframework/spring-context/4.3.14.RELEASE/spring-context-4.3.14.RELEASE.jar
7ffab1f86000-7ffab1f94000 r--s 000ad000 08:04 4721826                    /home/clovis/.m2/repository/org/springframework/spring-beans/4.3.14.RELEASE/spring-beans-4.3.14.RELEASE.jar
7ffab1f94000-7ffab1f9d000 r--s 00054000 08:04 4721828                    /home/clovis/.m2/repository/org/springframework/spring-aop/4.3.14.RELEASE/spring-aop-4.3.14.RELEASE.jar
7ffab1f9d000-7ffab1faf000 r--s 000b8000 08:04 4721886                    /home/clovis/.m2/repository/org/springframework/spring-web/4.3.14.RELEASE/spring-web-4.3.14.RELEASE.jar
7ffab1faf000-7ffab1fb4000 r--s 0003c000 08:04 4721861                    /home/clovis/.m2/repository/org/springframework/spring-expression/4.3.14.RELEASE/spring-expression-4.3.14.RELEASE.jar
7ffab1fb4000-7ffab1fc6000 r--s 000cf000 08:04 4721891                    /home/clovis/.m2/repository/org/springframework/spring-webmvc/4.3.14.RELEASE/spring-webmvc-4.3.14.RELEASE.jar
7ffab1fc6000-7ffab1fc8000 r--s 0000e000 08:04 4720664                    /home/clovis/.m2/repository/com/fasterxml/classmate/1.3.4/classmate-1.3.4.jar
7ffab1fc8000-7ffab1fcb000 r--s 0000e000 08:04 4720662                    /home/clovis/.m2/repository/org/jboss/logging/jboss-logging/3.3.1.Final/jboss-logging-3.3.1.Final.jar
7ffab1fcb000-7ffab1fcf000 r--s 0000c000 08:04 4456972                    /home/clovis/.m2/repository/javax/validation/validation-api/1.1.0.Final/validation-api-1.1.0.Final.jar
7ffab1fcf000-7ffab1fe0000 r--s 000a1000 08:04 4720659                    /home/clovis/.m2/repository/org/hibernate/hibernate-validator/5.3.6.Final/hibernate-validator-5.3.6.Final.jar
7ffab1fe0000-7ffab1fe5000 r--s 0003a000 08:04 4721879                    /home/clovis/.m2/repository/org/apache/tomcat/embed/tomcat-embed-websocket/8.5.27/tomcat-embed-websocket-8.5.27.jar
7ffab1fe5000-7ffab1fe9000 r--s 00037000 08:04 4721871                    /home/clovis/.m2/repository/org/apache/tomcat/embed/tomcat-embed-el/8.5.27/tomcat-embed-el-8.5.27.jar
7ffab1fe9000-7ffab1feb000 r--s 00002000 08:04 4721866                    /home/clovis/.m2/repository/org/apache/tomcat/tomcat-annotations-api/8.5.27/tomcat-annotations-api-8.5.27.jar
7ffab1feb000-7ffab2014000 r--s 002ce000 08:04 4459160                    /home/clovis/.m2/repository/org/apache/tomcat/embed/tomcat-embed-core/8.5.27/tomcat-embed-core-8.5.27.jar
7ffab2014000-7ffab2015000 r--s 00000000 08:04 4721864                    /home/clovis/.m2/repository/org/springframework/boot/spring-boot-starter-tomcat/1.5.10.RELEASE/spring-boot-starter-tomcat-1.5.10.RELEASE.jar
7ffab2015000-7ffab2016000 r--s 00000000 08:04 4592840                    /home/clovis/.m2/repository/org/springframework/boot/spring-boot-starter-web/1.5.10.RELEASE/spring-boot-starter-web-1.5.10.RELEASE.jar
7ffab2016000-7ffab2026000 r--s 00079000 08:04 4593473                    /home/clovis/.m2/repository/org/springframework/boot/spring-boot-actuator/1.5.10.RELEASE/spring-boot-actuator-1.5.10.RELEASE.jar
7ffab2026000-7ffab2027000 r--s 00000000 08:04 4593471                    /home/clovis/.m2/repository/org/springframework/boot/spring-boot-starter-actuator/1.5.10.RELEASE/spring-boot-starter-actuator-1.5.10.RELEASE.jar
7ffab2027000-7ffab202d000 r--s 0003d000 08:04 4720645                    /home/clovis/.m2/repository/org/yaml/snakeyaml/1.17/snakeyaml-1.17.jar
7ffab202d000-7ffab202f000 r--s 00004000 08:04 4459274                    /home/clovis/.m2/repository/org/slf4j/log4j-over-slf4j/1.7.25/log4j-over-slf4j-1.7.25.jar
7ffab202f000-7ffab2031000 r--s 00000000 08:04 4459272                    /home/clovis/.m2/repository/org/slf4j/jul-to-slf4j/1.7.25/jul-to-slf4j-1.7.25.jar
7ffab2031000-7ffab2033000 r--s 00003000 08:04 4459269                    /home/clovis/.m2/repository/org/slf4j/jcl-over-slf4j/1.7.25/jcl-over-slf4j-1.7.25.jar
7ffab2033000-7ffab203e000 r--s 0006a000 08:04 4196322                    /home/clovis/.m2/repository/ch/qos/logback/logback-core/1.1.11/logback-core-1.1.11.jar
7ffab203e000-7ffab2045000 r--s 00045000 08:04 4196320                    /home/clovis/.m2/repository/ch/qos/logback/logback-classic/1.1.11/logback-classic-1.1.11.jar
7ffab2045000-7ffab2046000 r--s 00000000 08:04 4721820                    /home/clovis/.m2/repository/org/springframework/boot/spring-boot-starter-logging/1.5.10.RELEASE/spring-boot-starter-logging-1.5.10.RELEASE.jar
7ffab2046000-7ffab2056000 r--s 00095000 08:04 4721814                    /home/clovis/.m2/repository/org/springframework/boot/spring-boot/1.5.10.RELEASE/spring-boot-1.5.10.RELEASE.jar
7ffab2056000-7ffab2057000 r--s 00000000 08:04 4721648                    /home/clovis/.m2/repository/org/springframework/boot/spring-boot-starter/1.5.10.RELEASE/spring-boot-starter-1.5.10.RELEASE.jar
7ffab2057000-7ffab2059000 r--s 00004000 08:04 9840317                    /home/clovis/.m2/repository/de/codecentric/spring-boot-admin-starter-client/1.5.4/spring-boot-admin-starter-client-1.5.4.jar
7ffab2059000-7ffab205a000 r--s 00001000 08:04 6828337                    /home/clovis/.m2/repository/com/netflix/netflix-commons/netflix-commons-util/0.1.1/netflix-commons-util-0.1.1.jar
7ffab205a000-7ffab205e000 r--s 0002a000 08:04 4456940                    /home/clovis/.m2/repository/commons-io/commons-io/2.4/commons-io-2.4.jar
7ffab205e000-7ffab2060000 r--s 00013000 08:04 6828610                    /home/clovis/.m2/repository/com/netflix/zuul/zuul-core/1.3.0/zuul-core-1.3.0.jar
7ffab2060000-7ffab2079000 r--s 001bf000 08:04 4065888                    /home/clovis/.m2/repository/org/aspectj/aspectjweaver/1.8.13/aspectjweaver-1.8.13.jar
7ffab2079000-7ffab207b000 r--s 0000c000 08:04 8273                       /home/clovis/.m2/repository/org/ow2/asm/asm/5.0.4/asm-5.0.4.jar
7ffab207b000-7ffab2081000 r--s 00048000 08:04 4590621                    /home/clovis/.m2/repository/org/apache/commons/commons-lang3/3.1/commons-lang3-3.1.jar
7ffab2081000-7ffab2087000 r--s 00026000 08:04 6828608                    /home/clovis/.m2/repository/com/netflix/hystrix/hystrix-javanica/1.5.12/hystrix-javanica-1.5.12.jar
7ffab2087000-7ffab208a000 r--s 00021000 08:04 4724670                    /home/clovis/.m2/repository/com/fasterxml/jackson/module/jackson-module-afterburner/2.8.10/jackson-module-afterburner-2.8.10.jar
7ffab208a000-7ffab208c000 r--s 00007000 08:04 6828606                    /home/clovis/.m2/repository/com/netflix/hystrix/hystrix-serialization/1.5.12/hystrix-serialization-1.5.12.jar
7ffab208c000-7ffab208e000 r--s 0000c000 08:04 6828601                    /home/clovis/.m2/repository/com/netflix/hystrix/hystrix-metrics-event-stream/1.5.12/hystrix-metrics-event-stream-1.5.12.jar
7ffab208e000-7ffab2090000 r--s 0001a000 08:04 6828311                    /home/clovis/.m2/repository/org/hdrhistogram/HdrHistogram/2.1.9/HdrHistogram-2.1.9.jar
7ffab2090000-7ffab209c000 r--s 00068000 08:04 6828308                    /home/clovis/.m2/repository/com/netflix/hystrix/hystrix-core/1.5.12/hystrix-core-1.5.12.jar
7ffab209c000-7ffab209d000 r--s 00000000 08:04 4593718                    /home/clovis/.m2/repository/org/springframework/cloud/spring-cloud-starter-netflix-hystrix/1.4.3.RELEASE/spring-cloud-starter-netflix-hystrix-1.4.3.RELEASE.jar
7ffab209d000-7ffab209e000 r--s 00000000 08:04 4593716                    /home/clovis/.m2/repository/org/springframework/cloud/spring-cloud-starter-netflix-zuul/1.4.3.RELEASE/spring-cloud-starter-netflix-zuul-1.4.3.RELEASE.jar
7ffab209e000-7ffab209f000 r--s 00000000 08:04 4593714                    /home/clovis/.m2/repository/org/springframework/cloud/spring-cloud-starter-zuul/1.4.3.RELEASE/spring-cloud-starter-zuul-1.4.3.RELEASE.jar
7ffab209f000-7ffab20a1000 r--s 00005000 08:04 4587535                    /home/clovis/.m2/repository/xpp3/xpp3_min/1.1.4c/xpp3_min-1.1.4c.jar
7ffab20a1000-7ffab20a2000 r--s 00001000 08:04 4458697                    /home/clovis/.m2/repository/xmlpull/xmlpull/1.1.3.1/xmlpull-1.1.3.1.jar
7ffab20a2000-7ffab20b0000 r--s 00079000 08:04 6828348                    /home/clovis/.m2/repository/com/thoughtworks/xstream/xstream/1.4.9/xstream-1.4.9.jar
7ffab20b0000-7ffab20b2000 r--s 00003000 08:04 6828347                    /home/clovis/.m2/repository/com/netflix/ribbon/ribbon-eureka/2.2.4/ribbon-eureka-2.2.4.jar
7ffab20b2000-7ffab20ca000 r--s 000fc000 08:04 6828343                    /home/clovis/.m2/repository/io/reactivex/rxjava/1.2.0/rxjava-1.2.0.jar
7ffab20ca000-7ffab20cc000 r--s 00002000 08:04 6828341                    /home/clovis/.m2/repository/com/netflix/netflix-commons/netflix-statistics/0.1.1/netflix-statistics-0.1.1.jar
7ffab20cc000-7ffab20d0000 r--s 00024000 08:04 6828339                    /home/clovis/.m2/repository/com/netflix/ribbon/ribbon-loadbalancer/2.2.4/ribbon-loadbalancer-2.2.4.jar
7ffab20d0000-7ffab20dd000 r--s 00083000 08:04 6828335                    /home/clovis/.m2/repository/commons-collections/commons-collections/3.2.2/commons-collections-3.2.2.jar
7ffab20dd000-7ffab20df000 r--s 0000c000 08:04 6828333                    /home/clovis/.m2/repository/com/netflix/ribbon/ribbon-httpclient/2.2.4/ribbon-httpclient-2.2.4.jar
7ffab20df000-7ffab20e3000 r--s 00011000 08:04 6828332                    /home/clovis/.m2/repository/com/netflix/ribbon/ribbon-core/2.2.4/ribbon-core-2.2.4.jar
7ffab20e3000-7ffab20ea000 r--s 00047000 08:04 6828328                    /home/clovis/.m2/repository/io/netty/netty-transport/4.0.27.Final/netty-transport-4.0.27.Final.jar
7ffab20ea000-7ffab20ec000 r--s 00027000 08:04 6828325                    /home/clovis/.m2/repository/io/netty/netty-buffer/4.0.27.Final/netty-buffer-4.0.27.Final.jar
7ffab20ec000-7ffab20f3000 r--s 00060000 08:04 6828323                    /home/clovis/.m2/repository/io/netty/netty-common/4.0.27.Final/netty-common-4.0.27.Final.jar
7ffab20f3000-7ffab20f5000 r--s 00016000 08:04 6828320                    /home/clovis/.m2/repository/io/netty/netty-transport-native-epoll/4.0.27.Final/netty-transport-native-epoll-4.0.27.Final.jar
7ffab20f5000-7ffab20fa000 r--s 00036000 08:04 6828318                    /home/clovis/.m2/repository/io/netty/netty-handler/4.0.27.Final/netty-handler-4.0.27.Final.jar
7ffab20fa000-7ffab20fe000 r--s 00020000 08:04 6828317                    /home/clovis/.m2/repository/io/netty/netty-codec/4.0.27.Final/netty-codec-4.0.27.Final.jar
7ffab20fe000-7ffab2106000 r--s 00061000 08:04 6828316                    /home/clovis/.m2/repository/io/netty/netty-codec-http/4.0.27.Final/netty-codec-http-4.0.27.Final.jar
7ffab2106000-7ffab2110000 r--s 00059000 08:04 6828312                    /home/clovis/.m2/repository/io/reactivex/rxnetty/0.4.9/rxnetty-0.4.9.jar
7ffab2110000-7ffab2112000 r--s 00006000 08:04 6828307                    /home/clovis/.m2/repository/io/reactivex/rxnetty-servo/0.4.9/rxnetty-servo-0.4.9.jar
7ffab2112000-7ffab2115000 r--s 0000b000 08:04 6828303                    /home/clovis/.m2/repository/io/reactivex/rxnetty-contexts/0.4.9/rxnetty-contexts-0.4.9.jar
7ffab2115000-7ffab2116000 r--s 00009000 08:04 6828302                    /home/clovis/.m2/repository/com/netflix/ribbon/ribbon-transport/2.2.4/ribbon-transport-2.2.4.jar
7ffab2116000-7ffab211a000 r--s 00012000 08:04 6828300                    /home/clovis/.m2/repository/com/netflix/ribbon/ribbon/2.2.4/ribbon-2.2.4.jar
7ffab211a000-7ffab211b000 r--s 00000000 08:04 6828597                    /home/clovis/.m2/repository/org/springframework/cloud/spring-cloud-starter-netflix-ribbon/1.4.3.RELEASE/spring-cloud-starter-netflix-ribbon-1.4.3.RELEASE.jar
7ffab211b000-7ffab2146000 r--s 001fc000 08:04 4590018                    /home/clovis/.m2/repository/com/google/guava/guava/18.0/guava-18.0.jar
7ffab2146000-7ffab214b000 r--s 00041000 08:04 4457932                    /home/clovis/.m2/repository/commons-lang/commons-lang/2.6/commons-lang-2.6.jar
7ffab214b000-7ffab2152000 r--s 00050000 08:04 6828296                    /home/clovis/.m2/repository/commons-configuration/commons-configuration/1.8/commons-configuration-1.8.jar
7ffab2152000-7ffab2153000 r--s 00000000 08:04 6828591                    /home/clovis/.m2/repository/org/springframework/cloud/spring-cloud-starter-netflix-archaius/1.4.3.RELEASE/spring-cloud-starter-netflix-archaius-1.4.3.RELEASE.jar
7ffab2153000-7ffab2157000 r--s 00024000 08:04 6828291                    /home/clovis/.m2/repository/org/codehaus/woodstox/stax2-api/3.1.4/stax2-api-3.1.4.jar
7ffab2157000-7ffab2159000 r--s 00004000 08:04 6828290                    /home/clovis/.m2/repository/javax/xml/stream/stax-api/1.0-2/stax-api-1.0-2.jar
7ffab2159000-7ffab215f000 r--s 00071000 08:04 6828287                    /home/clovis/.m2/repository/org/codehaus/woodstox/woodstox-core-asl/4.4.1/woodstox-core-asl-4.4.1.jar
7ffab215f000-7ffab2164000 r--s 00039000 08:04 6828286                    /home/clovis/.m2/repository/com/netflix/eureka/eureka-core/1.7.0/eureka-core-1.7.0.jar
7ffab2164000-7ffab2166000 r--s 00000000 08:04 4591444                    /home/clovis/.m2/repository/aopalliance/aopalliance/1.0/aopalliance-1.0.jar
7ffab2166000-7ffab2174000 r--s 00097000 08:04 6828285                    /home/clovis/.m2/repository/com/google/inject/guice/4.1.0/guice-4.1.0.jar
7ffab2174000-7ffab2176000 r--s 00003000 08:04 6828284                    /home/clovis/.m2/repository/com/sun/jersey/contribs/jersey-apache-client4/1.19.1/jersey-apache-client4-1.19.1.jar
7ffab2176000-7ffab2179000 r--s 0001e000 08:04 6828279                    /home/clovis/.m2/repository/com/sun/jersey/jersey-client/1.19.1/jersey-client-1.19.1.jar
7ffab2179000-7ffab2183000 r--s 00061000 08:04 6828278                    /home/clovis/.m2/repository/com/sun/jersey/jersey-core/1.19.1/jersey-core-1.19.1.jar
7ffab2183000-7ffab2187000 r--s 00027000 08:04 6828277                    /home/clovis/.m2/repository/com/netflix/servo/servo-internal/0.10.1/servo-internal-0.10.1.jar
7ffab2187000-7ffab218c000 r--s 00032000 08:04 6828273                    /home/clovis/.m2/repository/com/netflix/servo/servo-core/0.10.1/servo-core-0.10.1.jar
7ffab218c000-7ffab218e000 r--s 0000a000 08:04 6828272                    /home/clovis/.m2/repository/javax/ws/rs/jsr311-api/1.1.1/jsr311-api-1.1.1.jar
7ffab218e000-7ffab2192000 r--s 0001e000 08:04 6828271                    /home/clovis/.m2/repository/com/netflix/archaius/archaius-core/0.7.4/archaius-core-0.7.4.jar
7ffab2192000-7ffab21a5000 r--s 000df000 08:04 6828268                    /home/clovis/.m2/repository/org/apache/commons/commons-math/2.2/commons-math-2.2.jar
7ffab21a5000-7ffab21aa000 r--s 00034000 08:04 6828587                    /home/clovis/.m2/repository/com/google/code/gson/gson/2.8.2/gson-2.8.2.jar
7ffab21aa000-7ffab21af000 r--s 00068000 08:04 4195647                    /home/clovis/.m2/repository/antlr/antlr/2.7.7/antlr-2.7.7.jar
7ffab21af000-7ffab21b2000 r--s 00022000 08:04 6828264                    /home/clovis/.m2/repository/org/antlr/stringtemplate/3.2.1/stringtemplate-3.2.1.jar
7ffab21b2000-7ffab21b6000 r--s 00025000 08:04 6828261                    /home/clovis/.m2/repository/org/antlr/antlr-runtime/3.4/antlr-runtime-3.4.jar
7ffab21b6000-7ffab21c7000 r--s 0008a000 08:04 6828260                    /home/clovis/.m2/repository/joda-time/joda-time/2.9.9/joda-time-2.9.9.jar
7ffab21c7000-7ffab21cd000 r--s 00044000 08:04 6828259                    /home/clovis/.m2/repository/commons-jxpath/commons-jxpath/1.3/commons-jxpath-1.3.jar
7ffab21cd000-7ffab21d6000 r--s 0005b000 08:04 6828248                    /home/clovis/.m2/repository/com/netflix/eureka/eureka-client/1.7.0/eureka-client-1.7.0.jar
7ffab21d6000-7ffab21e1000 r--s 0005e000 08:04 6828580                    /home/clovis/.m2/repository/org/springframework/cloud/spring-cloud-netflix-core/1.4.3.RELEASE/spring-cloud-netflix-core-1.4.3.RELEASE.jar
7ffab21e1000-7ffab2201000 r--s 000e6000 08:04 4721816                    /home/clovis/.m2/repository/org/springframework/boot/spring-boot-autoconfigure/1.5.10.RELEASE/spring-boot-autoconfigure-1.5.10.RELEASE.jar
7ffab2201000-7ffab224b000 r--s 002f4000 08:04 4852071                    /home/clovis/.m2/repository/org/bouncycastle/bcprov-jdk15on/1.55/bcprov-jdk15on-1.55.jar
7ffab224b000-7ffab22e1000 r--s 0110a000 08:04 9443468                    /usr/lib/jvm/java-8-oracle/jre/lib/ext/jfxrt.jar
7ffab22e1000-7ffab22f2000 r-xp 00000000 08:04 9322341                    /usr/lib/jvm/java-8-oracle/jre/lib/amd64/libnio.so
7ffab22f2000-7ffab24f1000 ---p 00011000 08:04 9322341                    /usr/lib/jvm/java-8-oracle/jre/lib/amd64/libnio.so
7ffab24f1000-7ffab24f2000 rw-p 00010000 08:04 9322341                    /usr/lib/jvm/java-8-oracle/jre/lib/amd64/libnio.so
7ffab24f2000-7ffab2508000 r-xp 00000000 08:04 9322338                    /usr/lib/jvm/java-8-oracle/jre/lib/amd64/libnet.so
7ffab2508000-7ffab2708000 ---p 00016000 08:04 9322338                    /usr/lib/jvm/java-8-oracle/jre/lib/amd64/libnet.so
7ffab2708000-7ffab2709000 rw-p 00016000 08:04 9322338                    /usr/lib/jvm/java-8-oracle/jre/lib/amd64/libnet.so
7ffab2709000-7ffab2712000 r-xp 00000000 08:04 9322346                    /usr/lib/jvm/java-8-oracle/jre/lib/amd64/libmanagement.so
7ffab2712000-7ffab2911000 ---p 00009000 08:04 9322346                    /usr/lib/jvm/java-8-oracle/jre/lib/amd64/libmanagement.so
7ffab2911000-7ffab2912000 rw-p 00008000 08:04 9322346                    /usr/lib/jvm/java-8-oracle/jre/lib/amd64/libmanagement.so
7ffab2912000-7ffab2915000 ---p 00000000 00:00 0 
7ffab2915000-7ffab2a13000 rw-p 00000000 00:00 0 
7ffab2a13000-7ffab2a16000 ---p 00000000 00:00 0 
7ffab2a16000-7ffab2b14000 rw-p 00000000 00:00 0 
7ffab2b14000-7ffab2b17000 ---p 00000000 00:00 0 
7ffab2b17000-7ffab2c15000 rw-p 00000000 00:00 0 
7ffab2c15000-7ffab2c18000 ---p 00000000 00:00 0 
7ffab2c18000-7ffab2d16000 rw-p 00000000 00:00 0 
7ffab2d16000-7ffab2d19000 ---p 00000000 00:00 0 
7ffab2d19000-7ffab2e17000 rw-p 00000000 00:00 0 
7ffab2e17000-7ffab30f1000 r--p 00000000 08:04 9177196                    /usr/lib/locale/locale-archive
7ffab30f1000-7ffab30f4000 ---p 00000000 00:00 0 
7ffab30f4000-7ffab31f2000 rw-p 00000000 00:00 0 
7ffab31f2000-7ffab31f5000 ---p 00000000 00:00 0 
7ffab31f5000-7ffab32f3000 rw-p 00000000 00:00 0 
7ffab32f3000-7ffab32f4000 ---p 00000000 00:00 0 
7ffab32f4000-7ffab4000000 rw-p 00000000 00:00 0 
7ffab4000000-7ffab402a000 rw-p 00000000 00:00 0 
7ffab402a000-7ffab8000000 ---p 00000000 00:00 0 
7ffab8000000-7ffab8021000 rw-p 00000000 00:00 0 
7ffab8021000-7ffabc000000 ---p 00000000 00:00 0 
7ffabc000000-7ffabc021000 rw-p 00000000 00:00 0 
7ffabc021000-7ffac0000000 ---p 00000000 00:00 0 
7ffac0000000-7ffac0003000 r--s 00016000 08:04 6828256                    /home/clovis/.m2/repository/com/netflix/netflix-commons/netflix-infix/0.3.0/netflix-infix-0.3.0.jar
7ffac0003000-7ffac0005000 r--s 0000f000 08:04 6828254                    /home/clovis/.m2/repository/com/netflix/netflix-commons/netflix-eventbus/0.3.0/netflix-eventbus-0.3.0.jar
7ffac0005000-7ffac0007000 r--s 00005000 08:04 6828252                    /home/clovis/.m2/repository/stax/stax-api/1.0.1/stax-api-1.0.1.jar
7ffac0007000-7ffac0019000 r--s 0011e000 08:04 4720669                    /home/clovis/.m2/repository/com/fasterxml/jackson/core/jackson-databind/2.8.10/jackson-databind-2.8.10.jar
7ffac0019000-7ffac002a000 r--s 00096000 08:04 4852069                    /home/clovis/.m2/repository/org/bouncycastle/bcpkix-jdk15on/1.55/bcpkix-jdk15on-1.55.jar
7ffac002a000-7ffac03df000 rw-p 00000000 00:00 0 
7ffac03df000-7ffac05b8000 r--s 03d64000 08:04 9322280                    /usr/lib/jvm/java-8-oracle/jre/lib/rt.jar
7ffac05b8000-7ffac4eff000 rw-p 00000000 00:00 0 
7ffac4eff000-7ffac4f00000 ---p 00000000 00:00 0 
7ffac4f00000-7ffac5000000 rw-p 00000000 00:00 0 
7ffac5000000-7ffac5a00000 rwxp 00000000 00:00 0 
7ffac5a00000-7ffad4000000 ---p 00000000 00:00 0 
7ffad4000000-7ffad5208000 rw-p 00000000 00:00 0 
7ffad5208000-7ffad8000000 ---p 00000000 00:00 0 
7ffad8000000-7ffad8003000 r--s 00012000 08:04 6828249                    /home/clovis/.m2/repository/org/codehaus/jettison/jettison/1.3.7/jettison-1.3.7.jar
7ffad8003000-7ffad8006000 r--s 00014000 08:04 6828585                    /home/clovis/.m2/repository/org/springframework/cloud/spring-cloud-netflix-eureka-client/1.4.3.RELEASE/spring-cloud-netflix-eureka-client-1.4.3.RELEASE.jar
7ffad8006000-7ffad800a000 r--s 00042000 08:04 4720673                    /home/clovis/.m2/repository/com/fasterxml/jackson/core/jackson-core/2.8.10/jackson-core-2.8.10.jar
7ffad800a000-7ffad8018000 r--s 000ae000 08:04 4593710                    /home/clovis/.m2/repository/org/apache/httpcomponents/httpclient/4.5.5/httpclient-4.5.5.jar
7ffad8018000-7ffad80af000 rw-p 00000000 00:00 0 
7ffad80af000-7ffad80b0000 ---p 00000000 00:00 0 
7ffad80b0000-7ffad81b0000 rw-p 00000000 00:00 0 
7ffad81b0000-7ffad81b1000 ---p 00000000 00:00 0 
7ffad81b1000-7ffad82b1000 rw-p 00000000 00:00 0 
7ffad82b1000-7ffad82b2000 ---p 00000000 00:00 0 
7ffad82b2000-7ffad83d7000 rw-p 00000000 00:00 0 
7ffad83d7000-7ffad8642000 ---p 00000000 00:00 0 
7ffad8642000-7ffad8667000 rw-p 00000000 00:00 0 
7ffad8667000-7ffad88d1000 ---p 00000000 00:00 0 
7ffad88d1000-7ffad89c3000 rw-p 00000000 00:00 0 
7ffad89c3000-7ffad8a19000 ---p 00000000 00:00 0 
7ffad8a19000-7ffad8a42000 rw-p 00000000 00:00 0 
7ffad8a42000-7ffad8dda000 ---p 00000000 00:00 0 
7ffad8dda000-7ffad8df5000 r-xp 00000000 08:04 9322334                    /usr/lib/jvm/java-8-oracle/jre/lib/amd64/libzip.so
7ffad8df5000-7ffad8ff5000 ---p 0001b000 08:04 9322334                    /usr/lib/jvm/java-8-oracle/jre/lib/amd64/libzip.so
7ffad8ff5000-7ffad8ff6000 rw-p 0001b000 08:04 9322334                    /usr/lib/jvm/java-8-oracle/jre/lib/amd64/libzip.so
7ffad8ff6000-7ffad9001000 r-xp 00000000 08:04 3418124                    /lib/x86_64-linux-gnu/libnss_files-2.23.so
7ffad9001000-7ffad9200000 ---p 0000b000 08:04 3418124                    /lib/x86_64-linux-gnu/libnss_files-2.23.so
7ffad9200000-7ffad9201000 r--p 0000a000 08:04 3418124                    /lib/x86_64-linux-gnu/libnss_files-2.23.so
7ffad9201000-7ffad9202000 rw-p 0000b000 08:04 3418124                    /lib/x86_64-linux-gnu/libnss_files-2.23.so
7ffad9202000-7ffad9208000 rw-p 00000000 00:00 0 
7ffad9208000-7ffad9213000 r-xp 00000000 08:04 3418132                    /lib/x86_64-linux-gnu/libnss_nis-2.23.so
7ffad9213000-7ffad9412000 ---p 0000b000 08:04 3418132                    /lib/x86_64-linux-gnu/libnss_nis-2.23.so
7ffad9412000-7ffad9413000 r--p 0000a000 08:04 3418132                    /lib/x86_64-linux-gnu/libnss_nis-2.23.so
7ffad9413000-7ffad9414000 rw-p 0000b000 08:04 3418132                    /lib/x86_64-linux-gnu/libnss_nis-2.23.so
7ffad9414000-7ffad942a000 r-xp 00000000 08:04 3412616                    /lib/x86_64-linux-gnu/libnsl-2.23.so
7ffad942a000-7ffad9629000 ---p 00016000 08:04 3412616                    /lib/x86_64-linux-gnu/libnsl-2.23.so
7ffad9629000-7ffad962a000 r--p 00015000 08:04 3412616                    /lib/x86_64-linux-gnu/libnsl-2.23.so
7ffad962a000-7ffad962b000 rw-p 00016000 08:04 3412616                    /lib/x86_64-linux-gnu/libnsl-2.23.so
7ffad962b000-7ffad962d000 rw-p 00000000 00:00 0 
7ffad962d000-7ffad9635000 r-xp 00000000 08:04 3418114                    /lib/x86_64-linux-gnu/libnss_compat-2.23.so
7ffad9635000-7ffad9834000 ---p 00008000 08:04 3418114                    /lib/x86_64-linux-gnu/libnss_compat-2.23.so
7ffad9834000-7ffad9835000 r--p 00007000 08:04 3418114                    /lib/x86_64-linux-gnu/libnss_compat-2.23.so
7ffad9835000-7ffad9836000 rw-p 00008000 08:04 3418114                    /lib/x86_64-linux-gnu/libnss_compat-2.23.so
7ffad9836000-7ffad9861000 r-xp 00000000 08:04 9322328                    /usr/lib/jvm/java-8-oracle/jre/lib/amd64/libjava.so
7ffad9861000-7ffad9a60000 ---p 0002b000 08:04 9322328                    /usr/lib/jvm/java-8-oracle/jre/lib/amd64/libjava.so
7ffad9a60000-7ffad9a62000 rw-p 0002a000 08:04 9322328                    /usr/lib/jvm/java-8-oracle/jre/lib/amd64/libjava.so
7ffad9a62000-7ffad9a6f000 r-xp 00000000 08:04 9322333                    /usr/lib/jvm/java-8-oracle/jre/lib/amd64/libverify.so
7ffad9a6f000-7ffad9c6f000 ---p 0000d000 08:04 9322333                    /usr/lib/jvm/java-8-oracle/jre/lib/amd64/libverify.so
7ffad9c6f000-7ffad9c71000 rw-p 0000d000 08:04 9322333                    /usr/lib/jvm/java-8-oracle/jre/lib/amd64/libverify.so
7ffad9c71000-7ffad9c78000 r-xp 00000000 08:04 3418134                    /lib/x86_64-linux-gnu/librt-2.23.so
7ffad9c78000-7ffad9e77000 ---p 00007000 08:04 3418134                    /lib/x86_64-linux-gnu/librt-2.23.so
7ffad9e77000-7ffad9e78000 r--p 00006000 08:04 3418134                    /lib/x86_64-linux-gnu/librt-2.23.so
7ffad9e78000-7ffad9e79000 rw-p 00007000 08:04 3418134                    /lib/x86_64-linux-gnu/librt-2.23.so
7ffad9e79000-7ffad9f81000 r-xp 00000000 08:04 3412615                    /lib/x86_64-linux-gnu/libm-2.23.so
7ffad9f81000-7ffada180000 ---p 00108000 08:04 3412615                    /lib/x86_64-linux-gnu/libm-2.23.so
7ffada180000-7ffada181000 r--p 00107000 08:04 3412615                    /lib/x86_64-linux-gnu/libm-2.23.so
7ffada181000-7ffada182000 rw-p 00108000 08:04 3412615                    /lib/x86_64-linux-gnu/libm-2.23.so
7ffada182000-7ffadae5b000 r-xp 00000000 08:04 9443567                    /usr/lib/jvm/java-8-oracle/jre/lib/amd64/server/libjvm.so
7ffadae5b000-7ffadb05a000 ---p 00cd9000 08:04 9443567                    /usr/lib/jvm/java-8-oracle/jre/lib/amd64/server/libjvm.so
7ffadb05a000-7ffadb133000 rw-p 00cd8000 08:04 9443567                    /usr/lib/jvm/java-8-oracle/jre/lib/amd64/server/libjvm.so
7ffadb133000-7ffadb17f000 rw-p 00000000 00:00 0 
7ffadb17f000-7ffadb33f000 r-xp 00000000 08:04 3418098                    /lib/x86_64-linux-gnu/libc-2.23.so
7ffadb33f000-7ffadb53f000 ---p 001c0000 08:04 3418098                    /lib/x86_64-linux-gnu/libc-2.23.so
7ffadb53f000-7ffadb543000 r--p 001c0000 08:04 3418098                    /lib/x86_64-linux-gnu/libc-2.23.so
7ffadb543000-7ffadb545000 rw-p 001c4000 08:04 3418098                    /lib/x86_64-linux-gnu/libc-2.23.so
7ffadb545000-7ffadb549000 rw-p 00000000 00:00 0 
7ffadb549000-7ffadb54c000 r-xp 00000000 08:04 3418102                    /lib/x86_64-linux-gnu/libdl-2.23.so
7ffadb54c000-7ffadb74b000 ---p 00003000 08:04 3418102                    /lib/x86_64-linux-gnu/libdl-2.23.so
7ffadb74b000-7ffadb74c000 r--p 00002000 08:04 3418102                    /lib/x86_64-linux-gnu/libdl-2.23.so
7ffadb74c000-7ffadb74d000 rw-p 00003000 08:04 3418102                    /lib/x86_64-linux-gnu/libdl-2.23.so
7ffadb74d000-7ffadb763000 r-xp 00000000 08:04 9322152                    /usr/lib/jvm/java-8-oracle/lib/amd64/jli/libjli.so
7ffadb763000-7ffadb962000 ---p 00016000 08:04 9322152                    /usr/lib/jvm/java-8-oracle/lib/amd64/jli/libjli.so
7ffadb962000-7ffadb963000 rw-p 00015000 08:04 9322152                    /usr/lib/jvm/java-8-oracle/lib/amd64/jli/libjli.so
7ffadb963000-7ffadb97b000 r-xp 00000000 08:04 3418096                    /lib/x86_64-linux-gnu/libpthread-2.23.so
7ffadb97b000-7ffadbb7a000 ---p 00018000 08:04 3418096                    /lib/x86_64-linux-gnu/libpthread-2.23.so
7ffadbb7a000-7ffadbb7b000 r--p 00017000 08:04 3418096                    /lib/x86_64-linux-gnu/libpthread-2.23.so
7ffadbb7b000-7ffadbb7c000 rw-p 00018000 08:04 3418096                    /lib/x86_64-linux-gnu/libpthread-2.23.so
7ffadbb7c000-7ffadbb80000 rw-p 00000000 00:00 0 
7ffadbb80000-7ffadbba6000 r-xp 00000000 08:04 3418094                    /lib/x86_64-linux-gnu/ld-2.23.so
7ffadbba6000-7ffadbba7000 r--s 00000000 08:04 4458882                    /home/clovis/.m2/repository/javax/inject/javax.inject/1/javax.inject-1.jar
7ffadbba7000-7ffadbba8000 r--s 00000000 08:04 6828575                    /home/clovis/.m2/repository/org/springframework/cloud/spring-cloud-starter-netflix-eureka-client/1.4.3.RELEASE/spring-cloud-starter-netflix-eureka-client-1.4.3.RELEASE.jar
7ffadbba8000-7ffadbbab000 r--s 0000b000 08:04 4720671                    /home/clovis/.m2/repository/com/fasterxml/jackson/core/jackson-annotations/2.8.0/jackson-annotations-2.8.0.jar
7ffadbbab000-7ffadbbb2000 r--s 0003f000 08:04 4460282                    /home/clovis/.m2/repository/commons-codec/commons-codec/1.10/commons-codec-1.10.jar
7ffadbbb2000-7ffadbc7d000 rw-p 00000000 00:00 0 
7ffadbc7d000-7ffadbc80000 ---p 00000000 00:00 0 
7ffadbc80000-7ffadbd83000 rw-p 00000000 00:00 0 
7ffadbd83000-7ffadbd84000 r--s 00000000 08:04 6828569                    /home/clovis/.m2/repository/org/springframework/cloud/spring-cloud-starter-eureka/1.4.3.RELEASE/spring-cloud-starter-eureka-1.4.3.RELEASE.jar
7ffadbd84000-7ffadbd86000 r--s 00007000 08:04 6828565                    /home/clovis/.m2/repository/org/springframework/cloud/spring-cloud-config-client/1.4.2.RELEASE/spring-cloud-config-client-1.4.2.RELEASE.jar
7ffadbd86000-7ffadbd87000 r--s 00004000 08:04 4723373                    /home/clovis/.m2/repository/org/springframework/security/spring-security-rsa/1.0.3.RELEASE/spring-security-rsa-1.0.3.RELEASE.jar
7ffadbd87000-7ffadbd8e000 r--s 00049000 08:04 4593712                    /home/clovis/.m2/repository/org/apache/httpcomponents/httpcore/4.4.9/httpcore-4.4.9.jar
7ffadbd8e000-7ffadbd94000 r--s 0001b000 08:04 6828556                    /home/clovis/.m2/repository/org/springframework/cloud/spring-cloud-commons/1.3.2.RELEASE/spring-cloud-commons-1.3.2.RELEASE.jar
7ffadbd94000-7ffadbd96000 r--s 0000c000 08:04 4724668                    /home/clovis/.m2/repository/org/springframework/security/spring-security-crypto/4.2.4.RELEASE/spring-security-crypto-4.2.4.RELEASE.jar
7ffadbd96000-7ffadbd99000 r--s 00015000 08:04 6828553                    /home/clovis/.m2/repository/org/springframework/cloud/spring-cloud-context/1.3.2.RELEASE/spring-cloud-context-1.3.2.RELEASE.jar
7ffadbd99000-7ffadbd9a000 r--s 00000000 08:04 6828551                    /home/clovis/.m2/repository/org/springframework/cloud/spring-cloud-starter/1.3.2.RELEASE/spring-cloud-starter-1.3.2.RELEASE.jar
7ffadbd9a000-7ffadbd9b000 r--s 00000000 08:04 6828537                    /home/clovis/.m2/repository/org/springframework/cloud/spring-cloud-starter-config/1.4.2.RELEASE/spring-cloud-starter-config-1.4.2.RELEASE.jar
7ffadbd9b000-7ffadbda3000 rw-s 00000000 08:04 8126499                    /tmp/hsperfdata_clovis/29124
7ffadbda3000-7ffadbda4000 rw-p 00000000 00:00 0 
7ffadbda4000-7ffadbda5000 ---p 00000000 00:00 0 
7ffadbda5000-7ffadbda6000 r--p 00025000 08:04 3418094                    /lib/x86_64-linux-gnu/ld-2.23.so
7ffadbda6000-7ffadbda7000 rw-p 00026000 08:04 3418094                    /lib/x86_64-linux-gnu/ld-2.23.so
7ffadbda7000-7ffadbda8000 rw-p 00000000 00:00 0 
7ffe84a68000-7ffe84a8c000 rw-p 00000000 00:00 0                          [stack]
7ffe84abe000-7ffe84ac1000 r--p 00000000 00:00 0                          [vvar]
7ffe84ac1000-7ffe84ac3000 r-xp 00000000 00:00 0                          [vdso]
ffffffffff600000-ffffffffff601000 r-xp 00000000 00:00 0                  [vsyscall]

VM Arguments:
jvm_args: -Dcom.sun.management.jmxremote -Dcom.sun.management.jmxremote.port=39633 -Dcom.sun.management.jmxremote.authenticate=false -Dcom.sun.management.jmxremote.ssl=false -Djava.rmi.server.hostname=localhost -Dspring.liveBeansView.mbeanDomain -Dspring.application.admin.enabled=true -Djava.security.egd=file:/dev/./urandom -Xverify:none -XX:TieredStopAtLevel=1 -Dfile.encoding=UTF-8 
java_command: com.gk.ZullGatewayApplication --spring.profiles.active=dev --spring.output.ansi.enabled=always
java_class_path (initial): /usr/lib/jvm/java-8-oracle/jre/lib/resources.jar:/usr/lib/jvm/java-8-oracle/jre/lib/rt.jar:/usr/lib/jvm/java-8-oracle/jre/lib/jsse.jar:/usr/lib/jvm/java-8-oracle/jre/lib/jce.jar:/usr/lib/jvm/java-8-oracle/jre/lib/charsets.jar:/usr/lib/jvm/java-8-oracle/jre/lib/jfr.jar:/usr/lib/jvm/java-8-oracle/jre/lib/ext/dnsns.jar:/usr/lib/jvm/java-8-oracle/jre/lib/ext/sunpkcs11.jar:/usr/lib/jvm/java-8-oracle/jre/lib/ext/cldrdata.jar:/usr/lib/jvm/java-8-oracle/jre/lib/ext/nashorn.jar:/usr/lib/jvm/java-8-oracle/jre/lib/ext/jaccess.jar:/usr/lib/jvm/java-8-oracle/jre/lib/ext/jfxrt.jar:/usr/lib/jvm/java-8-oracle/jre/lib/ext/sunjce_provider.jar:/usr/lib/jvm/java-8-oracle/jre/lib/ext/sunec.jar:/usr/lib/jvm/java-8-oracle/jre/lib/ext/zipfs.jar:/usr/lib/jvm/java-8-oracle/jre/lib/ext/localedata.jar:/media/clovis/Data/workspace_bicho/ZuulGateway/target/classes:/home/clovis/.m2/repository/org/springframework/cloud/spring-cloud-starter-config/1.4.2.RELEASE/spring-cloud-starter-config-1.4.2.RELEASE.jar:/home/clovis/.m2/repository/org/springframework/cloud/spring-cloud-starter/1.3.2.RELEASE/spring-cloud-starter-1.3.2.RELEASE.jar:/home/clovis/.m2/repository/org/springframework/cloud/spring-cloud-context/1.3.2.RELEASE/spring-cloud-context-1.3.2.RELEASE.jar:/home/clovis/.m2/repository/org/springframework/security/spring-security-crypto/4.2.4.RELEASE/spring-security-crypto-4.2.4.RELEASE.jar:/home/clovis/.m2/repository/org/springframework/cloud/spring-cloud-commons/1.3.2.RELEASE/spring-cloud-commons-1.3.2.RELEASE.jar:/home/clovis/.m2/repository/org/apache/httpcomponents/httpclient/4.5.5/httpclient-4.5.5.jar:/home/clovis/.m2/repository/org/apache/httpcomponents/httpcore/4.4.9/httpcore-4.4.9.jar:/home/clovis/.m2/repository/commons-codec/commons-codec/1.10/commons-codec-1.10.jar:/home/clovis/.m2/repository/org/springframework/security/spring-security-rsa/1.0.3.RELEASE/spring-security-rsa-1.0.3.RELEASE.jar:/home/clovis/.m2/repository/org/bouncycastle/bcpkix-jdk15on/1.55/bcpki
Launcher Type: SUN_STANDARD

Environment Variables:
PATH=/home/clovis/bin:/home/clovis/.local/bin:/usr/local/sbin:/usr/local/bin:/usr/sbin:/usr/bin:/sbin:/bin:/usr/games:/usr/local/games
SHELL=/bin/bash
DISPLAY=:0

Signal Handlers:
SIGSEGV: [libjvm.so+0xad01e0], sa_mask[0]=11111111011111111101111111111110, sa_flags=SA_RESTART|SA_SIGINFO
SIGBUS: [libjvm.so+0xad01e0], sa_mask[0]=11111111011111111101111111111110, sa_flags=SA_RESTART|SA_SIGINFO
SIGFPE: [libjvm.so+0x927fb0], sa_mask[0]=11111111011111111101111111111110, sa_flags=SA_RESTART|SA_SIGINFO
SIGPIPE: [libjvm.so+0x927fb0], sa_mask[0]=11111111011111111101111111111110, sa_flags=SA_RESTART|SA_SIGINFO
SIGXFSZ: [libjvm.so+0x927fb0], sa_mask[0]=11111111011111111101111111111110, sa_flags=SA_RESTART|SA_SIGINFO
SIGILL: [libjvm.so+0x927fb0], sa_mask[0]=11111111011111111101111111111110, sa_flags=SA_RESTART|SA_SIGINFO
SIGUSR1: SIG_DFL, sa_mask[0]=00000000000000000000000000000000, sa_flags=none
SIGUSR2: [libjvm.so+0x9297f0], sa_mask[0]=00100000000000000000000000000000, sa_flags=SA_RESTART|SA_SIGINFO
SIGHUP: [libjvm.so+0x92abf0], sa_mask[0]=11111111011111111101111111111110, sa_flags=SA_RESTART|SA_SIGINFO
SIGINT: [libjvm.so+0x92abf0], sa_mask[0]=11111111011111111101111111111110, sa_flags=SA_RESTART|SA_SIGINFO
SIGTERM: [libjvm.so+0x92abf0], sa_mask[0]=11111111011111111101111111111110, sa_flags=SA_RESTART|SA_SIGINFO
SIGQUIT: [libjvm.so+0x92abf0], sa_mask[0]=11111111011111111101111111111110, sa_flags=SA_RESTART|SA_SIGINFO


---------------  S Y S T E M  ---------------

OS:DISTRIB_ID=LinuxMint
DISTRIB_RELEASE=18.2
DISTRIB_CODENAME=sonya
DISTRIB_DESCRIPTION="Linux Mint 18.2 Sonya"

uname:Linux 4.13.0-38-generic #43~16.04.1-Ubuntu SMP Wed Mar 14 17:48:43 UTC 2018 x86_64
libc:glibc 2.23 NPTL 2.23 
rlimit: STACK 8192k, CORE 0k, NPROC 31091, NOFILE 1048576, AS infinity
load average:3,49 1,76 1,00

/proc/meminfo:
MemTotal:        8050096 kB
MemFree:          127156 kB
MemAvailable:      49004 kB
Buffers:            2152 kB
Cached:           420760 kB
SwapCached:         3840 kB
Active:          6480212 kB
Inactive:        1136732 kB
Active(anon):    6452084 kB
Inactive(anon):  1105016 kB
Active(file):      28128 kB
Inactive(file):    31716 kB
Unevictable:          64 kB
Mlocked:              64 kB
SwapTotal:        131068 kB
SwapFree:              0 kB
Dirty:               228 kB
Writeback:             0 kB
AnonPages:       7190816 kB
Mapped:           275996 kB
Shmem:            362748 kB
Slab:             140768 kB
SReclaimable:      53472 kB
SUnreclaim:        87296 kB
KernelStack:       20640 kB
PageTables:        75004 kB
NFS_Unstable:          0 kB
Bounce:                0 kB
WritebackTmp:          0 kB
CommitLimit:     4156116 kB
Committed_AS:   14213836 kB
VmallocTotal:   34359738367 kB
VmallocUsed:           0 kB
VmallocChunk:          0 kB
HardwareCorrupted:     0 kB
AnonHugePages:         0 kB
ShmemHugePages:        0 kB
ShmemPmdMapped:        0 kB
CmaTotal:              0 kB
CmaFree:               0 kB
HugePages_Total:       0
HugePages_Free:        0
HugePages_Rsvd:        0
HugePages_Surp:        0
Hugepagesize:       2048 kB
DirectMap4k:      270520 kB
DirectMap2M:     7999488 kB
DirectMap1G:     1048576 kB


CPU:total 4 (initial active 4) (2 cores per cpu, 2 threads per core) family 6 model 69 stepping 1, cmov, cx8, fxsr, mmx, sse, sse2, sse3, ssse3, sse4.1, sse4.2, popcnt, avx, avx2, aes, clmul, erms, lzcnt, ht, tsc, tscinvbit, bmi1, bmi2

/proc/cpuinfo:
processor	: 0
vendor_id	: GenuineIntel
cpu family	: 6
model		: 69
model name	: Intel(R) Core(TM) i5-4200U CPU @ 1.60GHz
stepping	: 1
microcode	: 0x23
cpu MHz		: 1541.385
cache size	: 3072 KB
physical id	: 0
siblings	: 4
core id		: 0
cpu cores	: 2
apicid		: 0
initial apicid	: 0
fpu		: yes
fpu_exception	: yes
cpuid level	: 13
wp		: yes
flags		: fpu vme de pse tsc msr pae mce cx8 apic sep mtrr pge mca cmov pat pse36 clflush dts acpi mmx fxsr sse sse2 ss ht tm pbe syscall nx pdpe1gb rdtscp lm constant_tsc arch_perfmon pebs bts rep_good nopl xtopology nonstop_tsc cpuid aperfmperf pni pclmulqdq dtes64 monitor ds_cpl vmx est tm2 ssse3 sdbg fma cx16 xtpr pdcm pcid sse4_1 sse4_2 movbe popcnt tsc_deadline_timer aes xsave avx f16c rdrand lahf_lm abm cpuid_fault epb invpcid_single pti retpoline spec_ctrl tpr_shadow vnmi flexpriority ept vpid fsgsbase tsc_adjust bmi1 avx2 smep bmi2 erms invpcid xsaveopt dtherm ida arat pln pts
bugs		: cpu_meltdown spectre_v1 spectre_v2
bogomips	: 4589.68
clflush size	: 64
cache_alignment	: 64
address sizes	: 39 bits physical, 48 bits virtual
power management:

processor	: 1
vendor_id	: GenuineIntel
cpu family	: 6
model		: 69
model name	: Intel(R) Core(TM) i5-4200U CPU @ 1.60GHz
stepping	: 1
microcode	: 0x23
cpu MHz		: 1558.360
cache size	: 3072 KB
physical id	: 0
siblings	: 4
core id		: 1
cpu cores	: 2
apicid		: 2
initial apicid	: 2
fpu		: yes
fpu_exception	: yes
cpuid level	: 13
wp		: yes
flags		: fpu vme de pse tsc msr pae mce cx8 apic sep mtrr pge mca cmov pat pse36 clflush dts acpi mmx fxsr sse sse2 ss ht tm pbe syscall nx pdpe1gb rdtscp lm constant_tsc arch_perfmon pebs bts rep_good nopl xtopology nonstop_tsc cpuid aperfmperf pni pclmulqdq dtes64 monitor ds_cpl vmx est tm2 ssse3 sdbg fma cx16 xtpr pdcm pcid sse4_1 sse4_2 movbe popcnt tsc_deadline_timer aes xsave avx f16c rdrand lahf_lm abm cpuid_fault epb invpcid_single pti retpoline spec_ctrl tpr_shadow vnmi flexpriority ept vpid fsgsbase tsc_adjust bmi1 avx2 smep bmi2 erms invpcid xsaveopt dtherm ida arat pln pts
bugs		: cpu_meltdown spectre_v1 spectre_v2
bogomips	: 4589.68
clflush size	: 64
cache_alignment	: 64
address sizes	: 39 bits physical, 48 bits virtual
power management:

processor	: 2
vendor_id	: GenuineIntel
cpu family	: 6
model		: 69
model name	: Intel(R) Core(TM) i5-4200U CPU @ 1.60GHz
stepping	: 1
microcode	: 0x23
cpu MHz		: 1520.912
cache size	: 3072 KB
physical id	: 0
siblings	: 4
core id		: 0
cpu cores	: 2
apicid		: 1
initial apicid	: 1
fpu		: yes
fpu_exception	: yes
cpuid level	: 13
wp		: yes
flags		: fpu vme de pse tsc msr pae mce cx8 apic sep mtrr pge mca cmov pat pse36 clflush dts acpi mmx fxsr sse sse2 ss ht tm pbe syscall nx pdpe1gb rdtscp lm constant_tsc arch_perfmon pebs bts rep_good nopl xtopology nonstop_tsc cpuid aperfmperf pni pclmulqdq dtes64 monitor ds_cpl vmx est tm2 ssse3 sdbg fma cx16 xtpr pdcm pcid sse4_1 sse4_2 movbe popcnt tsc_deadline_timer aes xsave avx f16c rdrand lahf_lm abm cpuid_fault epb invpcid_single pti retpoline spec_ctrl tpr_shadow vnmi flexpriority ept vpid fsgsbase tsc_adjust bmi1 avx2 smep bmi2 erms invpcid xsaveopt dtherm ida arat pln pts
bugs		: cpu_meltdown spectre_v1 spectre_v2
bogomips	: 4589.68
clflush size	: 64
cache_alignment	: 64
address sizes	: 39 bits physical, 48 bits virtual
power management:

processor	: 3
vendor_id	: GenuineIntel
cpu family	: 6
model		: 69
model name	: Intel(R) Core(TM) i5-4200U CPU @ 1.60GHz
stepping	: 1
microcode	: 0x23
cpu MHz		: 1829.471
cache size	: 3072 KB
physical id	: 0
siblings	: 4
core id		: 1
cpu cores	: 2
apicid		: 3
initial apicid	: 3
fpu		: yes
fpu_exception	: yes
cpuid level	: 13
wp		: yes
flags		: fpu vme de pse tsc msr pae mce cx8 apic sep mtrr pge mca cmov pat pse36 clflush dts acpi mmx fxsr sse sse2 ss ht tm pbe syscall nx pdpe1gb rdtscp lm constant_tsc arch_perfmon pebs bts rep_good nopl xtopology nonstop_tsc cpuid aperfmperf pni pclmulqdq dtes64 monitor ds_cpl vmx est tm2 ssse3 sdbg fma cx16 xtpr pdcm pcid sse4_1 sse4_2 movbe popcnt tsc_deadline_timer aes xsave avx f16c rdrand lahf_lm abm cpuid_fault epb invpcid_single pti retpoline spec_ctrl tpr_shadow vnmi flexpriority ept vpid fsgsbase tsc_adjust bmi1 avx2 smep bmi2 erms invpcid xsaveopt dtherm ida arat pln pts
bugs		: cpu_meltdown spectre_v1 spectre_v2
bogomips	: 4589.68
clflush size	: 64
cache_alignment	: 64
address sizes	: 39 bits physical, 48 bits virtual
power management:



Memory: 4k page, physical 8050096k(127032k free), swap 131068k(0k free)

vm_info: Java HotSpot(TM) 64-Bit Server VM (25.161-b12) for linux-amd64 JRE (1.8.0_161-b12), built on Dec 19 2017 16:12:43 by "java_re" with gcc 4.3.0 20080428 (Red Hat 4.3.0-8)

time: Tue Apr 17 06:01:24 2018
elapsed time: 123 seconds (0d 0h 2m 3s)

