#
# There is insufficient memory for the Java Runtime Environment to continue.
# Native memory allocation (mmap) failed to map 141557760 bytes for committing reserved memory.
# Possible reasons:
#   The system is out of physical RAM or swap space
#   In 32 bit mode, the process size limit was hit
# Possible solutions:
#   Reduce memory load on the system
#   Increase physical memory or swap space
#   Check if swap backing store is full
#   Use 64 bit Java on a 64 bit OS
#   Decrease Java heap size (-Xmx/-Xms)
#   Decrease number of Java threads
#   Decrease Java thread stack sizes (-Xss)
#   Set larger code cache with -XX:ReservedCodeCacheSize=
# This output file may be truncated or incomplete.
#
#  Out of Memory Error (os_linux.cpp:2640), pid=9030, tid=0x00007f1aa56fa700
#
# JRE version: Java(TM) SE Runtime Environment (8.0_161-b12) (build 1.8.0_161-b12)
# Java VM: Java HotSpot(TM) 64-Bit Server VM (25.161-b12 mixed mode linux-amd64 compressed oops)
# Failed to write core dump. Core dumps have been disabled. To enable core dumping, try "ulimit -c unlimited" before starting Java again
#

---------------  T H R E A D  ---------------

Current thread (0x00007f1ab807d000):  VMThread [stack: 0x00007f1aa55fa000,0x00007f1aa56fb000] [id=9045]

Stack: [0x00007f1aa55fa000,0x00007f1aa56fb000],  sp=0x00007f1aa56f9220,  free space=1020k
Native frames: (J=compiled Java code, j=interpreted, Vv=VM code, C=native code)
V  [libjvm.so+0xacf94a]  VMError::report_and_die()+0x2ba
V  [libjvm.so+0x50050b]  report_vm_out_of_memory(char const*, int, unsigned long, VMErrorType, char const*)+0x8b
V  [libjvm.so+0x92b133]  os::Linux::commit_memory_impl(char*, unsigned long, bool)+0x103
V  [libjvm.so+0x92b5c9]  os::pd_commit_memory(char*, unsigned long, unsigned long, bool)+0x29
V  [libjvm.so+0x924c0a]  os::commit_memory(char*, unsigned long, unsigned long, bool)+0x2a
V  [libjvm.so+0x99ab53]  PSVirtualSpace::expand_by(unsigned long)+0x53
V  [libjvm.so+0x99bf58]  PSYoungGen::resize_generation(unsigned long, unsigned long)+0xf8
V  [libjvm.so+0x99b0b2]  PSYoungGen::resize(unsigned long, unsigned long)+0x22
V  [libjvm.so+0x99838b]  PSScavenge::invoke_no_policy()+0xf3b
V  [libjvm.so+0x998b11]  PSScavenge::invoke()+0x41
V  [libjvm.so+0x94f5a0]  ParallelScavengeHeap::failed_mem_allocate(unsigned long)+0x70
V  [libjvm.so+0xad13c7]  VM_ParallelGCFailedAllocation::doit()+0x97
V  [libjvm.so+0xad8ed5]  VM_Operation::evaluate()+0x55
V  [libjvm.so+0xad729a]  VMThread::evaluate_operation(VM_Operation*)+0xba
V  [libjvm.so+0xad765d]  VMThread::loop()+0x20d
V  [libjvm.so+0xad7a90]  VMThread::run()+0x70
V  [libjvm.so+0x92da28]  java_start(Thread*)+0x108

VM_Operation (0x00007f1a1ea91680): ParallelGCFailedAllocation, mode: safepoint, requested by thread 0x00007f1ab9146000


---------------  P R O C E S S  ---------------

Java Threads: ( => current thread )
  0x00007f1a4c18c800 JavaThread "hz._hzInstance_1_dev.cached.thread-4" [_thread_blocked, id=9565, stack(0x00007f1a1da88000,0x00007f1a1db89000)]
  0x00007f1a4c17e800 JavaThread "hz._hzInstance_1_dev.cached.thread-1" [_thread_blocked, id=9498, stack(0x00007f1a1d987000,0x00007f1a1da88000)]
  0x00007f1a4c18f800 JavaThread "hz._hzInstance_1_dev.cached.thread-11" [_thread_blocked, id=9318, stack(0x00007f1a1d886000,0x00007f1a1d987000)]
  0x00007f1a4c188000 JavaThread "hz._hzInstance_1_dev.cached.thread-8" [_thread_blocked, id=9315, stack(0x00007f1a1db89000,0x00007f1a1dc8a000)]
  0x00007f1a90035800 JavaThread "expiringMap-0" daemon [_thread_blocked, id=9209, stack(0x00007f1a444dd000,0x00007f1a445de000)]
  0x00007f1a68004800 JavaThread "RMI TCP Connection(idle)" daemon [_thread_blocked, id=9180, stack(0x00007f1a1e48e000,0x00007f1a1e58f000)]
  0x00007f1ab800f000 JavaThread "DestroyJavaVM" [_thread_blocked, id=9037, stack(0x00007f1abe1dc000,0x00007f1abe2dd000)]
  0x00007f1ab9146000 JavaThread "updateTask1" [_thread_blocked, id=9173, stack(0x00007f1a1e993000,0x00007f1a1ea94000)]
  0x00007f1ab9143000 JavaThread "http-nio-8181-AsyncTimeout" daemon [_thread_blocked, id=9172, stack(0x00007f1a1ea94000,0x00007f1a1eb95000)]
  0x00007f1ab9142000 JavaThread "http-nio-8181-Acceptor-0" daemon [_thread_blocked, id=9171, stack(0x00007f1a1eb95000,0x00007f1a1ec96000)]
  0x00007f1ab913f000 JavaThread "http-nio-8181-ClientPoller-1" daemon [_thread_blocked, id=9170, stack(0x00007f1a1ec96000,0x00007f1a1ed97000)]
  0x00007f1ab9124800 JavaThread "http-nio-8181-ClientPoller-0" daemon [_thread_blocked, id=9169, stack(0x00007f1a1ed97000,0x00007f1a1ee98000)]
  0x00007f1ab9108800 JavaThread "http-nio-8181-exec-10" daemon [_thread_blocked, id=9168, stack(0x00007f1a1ee98000,0x00007f1a1ef99000)]
  0x00007f1ab9107000 JavaThread "http-nio-8181-exec-9" daemon [_thread_blocked, id=9167, stack(0x00007f1a1ef99000,0x00007f1a1f09a000)]
  0x00007f1ab9105000 JavaThread "http-nio-8181-exec-8" daemon [_thread_blocked, id=9166, stack(0x00007f1a1f09a000,0x00007f1a1f19b000)]
  0x00007f1ab9103000 JavaThread "http-nio-8181-exec-7" daemon [_thread_blocked, id=9165, stack(0x00007f1a1f19b000,0x00007f1a1f29c000)]
  0x00007f1ab9101000 JavaThread "http-nio-8181-exec-6" daemon [_thread_blocked, id=9164, stack(0x00007f1a1f29c000,0x00007f1a1f39d000)]
  0x00007f1ab90ff000 JavaThread "http-nio-8181-exec-5" daemon [_thread_blocked, id=9163, stack(0x00007f1a1f39d000,0x00007f1a1f49e000)]
  0x00007f1ab90fd000 JavaThread "http-nio-8181-exec-4" daemon [_thread_blocked, id=9162, stack(0x00007f1a1f49e000,0x00007f1a1f59f000)]
  0x00007f1ab90fb000 JavaThread "http-nio-8181-exec-3" daemon [_thread_blocked, id=9161, stack(0x00007f1a1f59f000,0x00007f1a1f6a0000)]
  0x00007f1ab90f9000 JavaThread "http-nio-8181-exec-2" daemon [_thread_blocked, id=9160, stack(0x00007f1a1f6a0000,0x00007f1a1f7a1000)]
  0x00007f1ab90f7000 JavaThread "http-nio-8181-exec-1" daemon [_thread_blocked, id=9159, stack(0x00007f1a1f7a1000,0x00007f1a1f8a2000)]
  0x00007f1ab90d6000 JavaThread "NioBlockingSelector.BlockPoller-1" daemon [_thread_blocked, id=9158, stack(0x00007f1a1f8a2000,0x00007f1a1f9a3000)]
  0x00007f1ab9014800 JavaThread "SimpleHostRoutingFilter.connectionManagerTimer" daemon [_thread_blocked, id=9157, stack(0x00007f1a442db000,0x00007f1a443dc000)]
  0x00007f1ab900a800 JavaThread "spring.cloud.inetutils" daemon [_thread_blocked, id=9156, stack(0x00007f1a443dc000,0x00007f1a444dd000)]
  0x00007f1ab8f97000 JavaThread "hz._hzInstance_1_dev.HealthMonitor" daemon [_thread_blocked, id=9147, stack(0x00007f1a447de000,0x00007f1a448df000)]
  0x00007f1ab8f7c800 JavaThread "hz._hzInstance_1_dev.MulticastThread" [_thread_blocked, id=9141, stack(0x00007f1a448df000,0x00007f1a449e0000)]
  0x00007f1ab8f7b000 JavaThread "hz._hzInstance_1_dev.IO.thread-Acceptor" [_thread_in_native, id=9140, stack(0x00007f1a449e0000,0x00007f1a44ae1000)]
  0x00007f1ab8f79000 JavaThread "hz._hzInstance_1_dev.IOBalancerThread" [_thread_blocked, id=9139, stack(0x00007f1a44ae1000,0x00007f1a44be2000)]
  0x00007f1ab8f75800 JavaThread "hz._hzInstance_1_dev.IO.thread-out-2" [_thread_blocked, id=9138, stack(0x00007f1a44be2000,0x00007f1a44ce3000)]
  0x00007f1ab8f5a800 JavaThread "hz._hzInstance_1_dev.IO.thread-out-1" [_thread_blocked, id=9137, stack(0x00007f1a44ce3000,0x00007f1a44de4000)]
  0x00007f1ab8f3f800 JavaThread "hz._hzInstance_1_dev.IO.thread-out-0" [_thread_blocked, id=9136, stack(0x00007f1a44de4000,0x00007f1a44ee5000)]
  0x00007f1ab8f24800 JavaThread "hz._hzInstance_1_dev.IO.thread-in-2" [_thread_blocked, id=9135, stack(0x00007f1a44ee5000,0x00007f1a44fe6000)]
  0x00007f1ab8f0a000 JavaThread "hz._hzInstance_1_dev.IO.thread-in-1" [_thread_blocked, id=9134, stack(0x00007f1a44fe6000,0x00007f1a450e7000)]
  0x00007f1ab8eef800 JavaThread "hz._hzInstance_1_dev.IO.thread-in-0" [_thread_blocked, id=9133, stack(0x00007f1a450e7000,0x00007f1a451e8000)]
  0x00007f1ab8ec9800 JavaThread "hz._hzInstance_1_dev.SlowOperationDetectorThread" [_thread_blocked, id=9132, stack(0x00007f1a451e8000,0x00007f1a452e9000)]
  0x00007f1ab8ec8000 JavaThread "hz._hzInstance_1_dev.response" [_thread_blocked, id=9131, stack(0x00007f1a452e9000,0x00007f1a453ea000)]
  0x00007f1ab8ec6000 JavaThread "hz._hzInstance_1_dev.generic-operation.thread-1" [_thread_blocked, id=9130, stack(0x00007f1a453ea000,0x00007f1a454eb000)]
  0x00007f1ab8ec4000 JavaThread "hz._hzInstance_1_dev.generic-operation.thread-0" [_thread_blocked, id=9129, stack(0x00007f1a454eb000,0x00007f1a455ec000)]
  0x00007f1ab8ec2000 JavaThread "hz._hzInstance_1_dev.priority-generic-operation.thread-0" [_thread_blocked, id=9128, stack(0x00007f1a455ec000,0x00007f1a456ed000)]
  0x00007f1ab8ec0000 JavaThread "hz._hzInstance_1_dev.partition-operation.thread-3" [_thread_blocked, id=9127, stack(0x00007f1a456ed000,0x00007f1a457ee000)]
  0x00007f1ab8ebe000 JavaThread "hz._hzInstance_1_dev.partition-operation.thread-2" [_thread_blocked, id=9126, stack(0x00007f1a457ee000,0x00007f1a458ef000)]
  0x00007f1ab8ebc800 JavaThread "hz._hzInstance_1_dev.partition-operation.thread-1" [_thread_blocked, id=9125, stack(0x00007f1a458ef000,0x00007f1a459f0000)]
  0x00007f1ab8eb8800 JavaThread "hz._hzInstance_1_dev.partition-operation.thread-0" [_thread_blocked, id=9124, stack(0x00007f1a459f0000,0x00007f1a45af1000)]
  0x00007f1ab8eb7000 JavaThread "hz._hzInstance_1_dev.InvocationMonitorThread" [_thread_blocked, id=9123, stack(0x00007f1a45af1000,0x00007f1a45bf2000)]
  0x00007f1ab8eb2800 JavaThread "hz._hzInstance_1_dev.migration" [_thread_blocked, id=9122, stack(0x00007f1a45bf2000,0x00007f1a45cf3000)]
  0x00007f1a20001000 JavaThread "pool-1-thread-2" [_thread_blocked, id=9121, stack(0x00007f1a45cf3000,0x00007f1a45df4000)]
  0x00007f1ab8e68000 JavaThread "pool-1-thread-1" [_thread_blocked, id=9120, stack(0x00007f1a45df4000,0x00007f1a45ef5000)]
  0x00007f1a4c182000 JavaThread "hz._hzInstance_1_dev.cached.thread-3" [_thread_blocked, id=9118, stack(0x00007f1a460f5000,0x00007f1a461f6000)]
  0x00007f1ab8d53000 JavaThread "hz._hzInstance_1_dev.wait-notify" [_thread_blocked, id=9115, stack(0x00007f1a465f8000,0x00007f1a466f9000)]
  0x00007f1ab8d4c800 JavaThread "hz._hzInstance_1_dev.event-5" [_thread_blocked, id=9114, stack(0x00007f1a466f9000,0x00007f1a467fa000)]
  0x00007f1ab8d4b000 JavaThread "hz._hzInstance_1_dev.event-4" [_thread_blocked, id=9113, stack(0x00007f1a467fa000,0x00007f1a468fb000)]
  0x00007f1ab8d47800 JavaThread "hz._hzInstance_1_dev.event-3" [_thread_blocked, id=9112, stack(0x00007f1a468fb000,0x00007f1a469fc000)]
  0x00007f1ab8d46000 JavaThread "hz._hzInstance_1_dev.event-2" [_thread_blocked, id=9111, stack(0x00007f1a469fc000,0x00007f1a46afd000)]
  0x00007f1ab8d45800 JavaThread "hz._hzInstance_1_dev.event-1" [_thread_blocked, id=9110, stack(0x00007f1a472ff000,0x00007f1a47400000)]
  0x00007f1ab8d14800 JavaThread "hz._hzInstance_1_dev.scheduled" [_thread_blocked, id=9109, stack(0x00007f1a6c8fa000,0x00007f1a6c9fb000)]
  0x00007f1ab8846800 JavaThread "container-0" [_thread_blocked, id=9087, stack(0x00007f1a46efd000,0x00007f1a46ffe000)]
  0x00007f1ab8844800 JavaThread "ContainerBackgroundProcessor[StandardEngine[Tomcat]]" daemon [_thread_blocked, id=9086, stack(0x00007f1a46ffe000,0x00007f1a470ff000)]
  0x00007f1a58006000 JavaThread "JMX server connection timeout 16" daemon [_thread_blocked, id=9063, stack(0x00007f1a6cbfb000,0x00007f1a6ccfc000)]
  0x00007f1ab8557800 JavaThread "RMI TCP Accept-0" daemon [_thread_in_native, id=9061, stack(0x00007f1a6cdfd000,0x00007f1a6cefe000)]
  0x00007f1a64008000 JavaThread "RMI Scheduler(0)" daemon [_thread_blocked, id=9060, stack(0x00007f1a6cefe000,0x00007f1a6cfff000)]
  0x00007f1ab8520800 JavaThread "RMI TCP Accept-42569" daemon [_thread_in_native, id=9056, stack(0x00007f1aa40a8000,0x00007f1aa41a9000)]
  0x00007f1ab850c000 JavaThread "RMI TCP Accept-0" daemon [_thread_in_native, id=9055, stack(0x00007f1aa41a9000,0x00007f1aa42aa000)]
  0x00007f1ab80c5800 JavaThread "Service Thread" daemon [_thread_blocked, id=9052, stack(0x00007f1aa4c19000,0x00007f1aa4d1a000)]
  0x00007f1ab80c2800 JavaThread "C1 CompilerThread2" daemon [_thread_blocked, id=9051, stack(0x00007f1aa4d1a000,0x00007f1aa4e1b000)]
  0x00007f1ab80c0800 JavaThread "C2 CompilerThread1" daemon [_thread_blocked, id=9050, stack(0x00007f1aa4e1b000,0x00007f1aa4f1c000)]
  0x00007f1ab80be000 JavaThread "C2 CompilerThread0" daemon [_thread_blocked, id=9049, stack(0x00007f1aa4f1c000,0x00007f1aa501d000)]
  0x00007f1ab80bc800 JavaThread "Signal Dispatcher" daemon [_thread_blocked, id=9048, stack(0x00007f1aa501d000,0x00007f1aa511e000)]
  0x00007f1ab8089000 JavaThread "Finalizer" daemon [_thread_blocked, id=9047, stack(0x00007f1aa53f8000,0x00007f1aa54f9000)]
  0x00007f1ab8084800 JavaThread "Reference Handler" daemon [_thread_blocked, id=9046, stack(0x00007f1aa54f9000,0x00007f1aa55fa000)]

Other Threads:
=>0x00007f1ab807d000 VMThread [stack: 0x00007f1aa55fa000,0x00007f1aa56fb000] [id=9045]
  0x00007f1ab855a000 WatcherThread [stack: 0x00007f1a6ccfc000,0x00007f1a6cdfd000] [id=9062]

VM state:at safepoint (normal execution)

VM Mutex/Monitor currently owned by a thread:  ([mutex/lock_event])
[0x00007f1ab800b3d0] Threads_lock - owner thread: 0x00007f1ab807d000
[0x00007f1ab800b8d0] Heap_lock - owner thread: 0x00007f1ab9146000

Heap:
 PSYoungGen      total 303104K, used 13613K [0x00000000d7100000, 0x00000000eaa00000, 0x0000000100000000)
  eden space 286720K, 0% used [0x00000000d7100000,0x00000000d7100000,0x00000000e8900000)
  from space 16384K, 83% used [0x00000000e8a00000,0x00000000e974b418,0x00000000e9a00000)
  to   space 14336K, 0% used [0x00000000e9c00000,0x00000000e9c00000,0x00000000eaa00000)
 ParOldGen       total 76800K, used 40006K [0x0000000085200000, 0x0000000089d00000, 0x00000000d7100000)
  object space 76800K, 52% used [0x0000000085200000,0x0000000087911b28,0x0000000089d00000)
 Metaspace       used 49612K, capacity 50510K, committed 50648K, reserved 1093632K
  class space    used 6851K, capacity 7056K, committed 7128K, reserved 1048576K

Card table byte_map: [0x00007f1aa79d1000,0x00007f1aa7da9000] byte_map_base: 0x00007f1aa75a8000

Marking Bits: (ParMarkBitMap*) 0x00007f1abd6b0920
 Begin Bits: [0x00007f1a9c290000, 0x00007f1a9e148000)
 End Bits:   [0x00007f1a9e148000, 0x00007f1aa0000000)

Polling page: 0x00007f1abe303000

CodeCache: size=245760Kb used=12143Kb max_used=12143Kb free=233616Kb
 bounds [0x00007f1aa8169000, 0x00007f1aa8d59000, 0x00007f1ab7169000]
 total_blobs=6812 nmethods=6303 adapters=421
 compilation: enabled

Compilation events (10 events):
Event: 381,572 Thread 0x00007f1ab80c2800 6477       1       org.apache.coyote.Response::setCommitted (24 bytes)
Event: 381,573 Thread 0x00007f1ab80c2800 nmethod 6477 0x00007f1aa8d48a90 code [0x00007f1aa8d48be0, 0x00007f1aa8d48d30]
Event: 386,051 Thread 0x00007f1ab80c2800 6478       1       com.fasterxml.jackson.databind.deser.DeserializerCache::_hasCustomValueHandler (38 bytes)
Event: 386,052 Thread 0x00007f1ab80c2800 nmethod 6478 0x00007f1aa8d48d90 code [0x00007f1aa8d48f00, 0x00007f1aa8d490b8]
Event: 386,055 Thread 0x00007f1ab80c2800 6480   !   1       com.fasterxml.jackson.databind.ser.std.BeanSerializerBase::serializeFields (186 bytes)
Event: 386,880 Thread 0x00007f1ab80c2800 nmethod 6480 0x00007f1aa8d49190 code [0x00007f1aa8d49360, 0x00007f1aa8d498b8]
Event: 386,880 Thread 0x00007f1ab80c2800 6479       1       com.fasterxml.jackson.databind.ser.BeanSerializer::serialize (55 bytes)
Event: 386,880 Thread 0x00007f1ab80c2800 nmethod 6479 0x00007f1aa8d49ed0 code [0x00007f1aa8d4a080, 0x00007f1aa8d4a2b8]
Event: 386,880 Thread 0x00007f1ab80c2800 6481       1       com.fasterxml.jackson.databind.SerializerProvider::getActiveView (5 bytes)
Event: 386,880 Thread 0x00007f1ab80c2800 nmethod 6481 0x00007f1aa8d4a3d0 code [0x00007f1aa8d4a520, 0x00007f1aa8d4a630]

GC Heap History (10 events):
Event: 11,888 GC heap after
Heap after GC invocations=10 (full 1):
 PSYoungGen      total 134144K, used 8681K [0x00000000d7100000, 0x00000000e4480000, 0x0000000100000000)
  eden space 125440K, 0% used [0x00000000d7100000,0x00000000d7100000,0x00000000deb80000)
  from space 8704K, 99% used [0x00000000deb80000,0x00000000df3fa530,0x00000000df400000)
  to   space 12288K, 0% used [0x00000000e3880000,0x00000000e3880000,0x00000000e4480000)
 ParOldGen       total 44544K, used 14736K [0x0000000085200000, 0x0000000087d80000, 0x00000000d7100000)
  object space 44544K, 33% used [0x0000000085200000,0x00000000860643e8,0x0000000087d80000)
 Metaspace       used 27764K, capacity 28172K, committed 28416K, reserved 1073152K
  class space    used 3632K, capacity 3751K, committed 3840K, reserved 1048576K
}
Event: 14,717 GC heap before
{Heap before GC invocations=11 (full 1):
 PSYoungGen      total 134144K, used 134121K [0x00000000d7100000, 0x00000000e4480000, 0x0000000100000000)
  eden space 125440K, 100% used [0x00000000d7100000,0x00000000deb80000,0x00000000deb80000)
  from space 8704K, 99% used [0x00000000deb80000,0x00000000df3fa530,0x00000000df400000)
  to   space 12288K, 0% used [0x00000000e3880000,0x00000000e3880000,0x00000000e4480000)
 ParOldGen       total 44544K, used 14736K [0x0000000085200000, 0x0000000087d80000, 0x00000000d7100000)
  object space 44544K, 33% used [0x0000000085200000,0x00000000860643e8,0x0000000087d80000)
 Metaspace       used 29135K, capacity 29652K, committed 29824K, reserved 1075200K
  class space    used 3833K, capacity 3955K, committed 3968K, reserved 1048576K
Event: 14,745 GC heap after
Heap after GC invocations=11 (full 1):
 PSYoungGen      total 203264K, used 10216K [0x00000000d7100000, 0x00000000e4800000, 0x0000000100000000)
  eden space 190976K, 0% used [0x00000000d7100000,0x00000000d7100000,0x00000000e2b80000)
  from space 12288K, 83% used [0x00000000e3880000,0x00000000e427a178,0x00000000e4480000)
  to   space 13312K, 0% used [0x00000000e2b80000,0x00000000e2b80000,0x00000000e3880000)
 ParOldGen       total 44544K, used 17081K [0x0000000085200000, 0x0000000087d80000, 0x00000000d7100000)
  object space 44544K, 38% used [0x0000000085200000,0x00000000862ae5d0,0x0000000087d80000)
 Metaspace       used 29135K, capacity 29652K, committed 29824K, reserved 1075200K
  class space    used 3833K, capacity 3955K, committed 3968K, reserved 1048576K
}
Event: 25,738 GC heap before
{Heap before GC invocations=12 (full 1):
 PSYoungGen      total 203264K, used 191315K [0x00000000d7100000, 0x00000000e4800000, 0x0000000100000000)
  eden space 190976K, 94% used [0x00000000d7100000,0x00000000e21dabd0,0x00000000e2b80000)
  from space 12288K, 83% used [0x00000000e3880000,0x00000000e427a178,0x00000000e4480000)
  to   space 13312K, 0% used [0x00000000e2b80000,0x00000000e2b80000,0x00000000e3880000)
 ParOldGen       total 44544K, used 17081K [0x0000000085200000, 0x0000000087d80000, 0x00000000d7100000)
  object space 44544K, 38% used [0x0000000085200000,0x00000000862ae5d0,0x0000000087d80000)
 Metaspace       used 34681K, capacity 35176K, committed 35416K, reserved 1079296K
  class space    used 4715K, capacity 4865K, committed 4952K, reserved 1048576K
Event: 25,778 GC heap after
Heap after GC invocations=12 (full 1):
 PSYoungGen      total 204288K, used 12003K [0x00000000d7100000, 0x00000000eaa00000, 0x0000000100000000)
  eden space 190976K, 0% used [0x00000000d7100000,0x00000000d7100000,0x00000000e2b80000)
  from space 13312K, 90% used [0x00000000e2b80000,0x00000000e3738cd8,0x00000000e3880000)
  to   space 14336K, 0% used [0x00000000e9c00000,0x00000000e9c00000,0x00000000eaa00000)
 ParOldGen       total 44544K, used 25932K [0x0000000085200000, 0x0000000087d80000, 0x00000000d7100000)
  object space 44544K, 58% used [0x0000000085200000,0x0000000086b53130,0x0000000087d80000)
 Metaspace       used 34681K, capacity 35176K, committed 35416K, reserved 1079296K
  class space    used 4715K, capacity 4865K, committed 4952K, reserved 1048576K
}
Event: 25,778 GC heap before
{Heap before GC invocations=13 (full 2):
 PSYoungGen      total 204288K, used 12003K [0x00000000d7100000, 0x00000000eaa00000, 0x0000000100000000)
  eden space 190976K, 0% used [0x00000000d7100000,0x00000000d7100000,0x00000000e2b80000)
  from space 13312K, 90% used [0x00000000e2b80000,0x00000000e3738cd8,0x00000000e3880000)
  to   space 14336K, 0% used [0x00000000e9c00000,0x00000000e9c00000,0x00000000eaa00000)
 ParOldGen       total 44544K, used 25932K [0x0000000085200000, 0x0000000087d80000, 0x00000000d7100000)
  object space 44544K, 58% used [0x0000000085200000,0x0000000086b53130,0x0000000087d80000)
 Metaspace       used 34681K, capacity 35176K, committed 35416K, reserved 1079296K
  class space    used 4715K, capacity 4865K, committed 4952K, reserved 1048576K
Event: 25,929 GC heap after
Heap after GC invocations=13 (full 2):
 PSYoungGen      total 204288K, used 0K [0x00000000d7100000, 0x00000000eaa00000, 0x0000000100000000)
  eden space 190976K, 0% used [0x00000000d7100000,0x00000000d7100000,0x00000000e2b80000)
  from space 13312K, 0% used [0x00000000e2b80000,0x00000000e2b80000,0x00000000e3880000)
  to   space 14336K, 0% used [0x00000000e9c00000,0x00000000e9c00000,0x00000000eaa00000)
 ParOldGen       total 76800K, used 31141K [0x0000000085200000, 0x0000000089d00000, 0x00000000d7100000)
  object space 76800K, 40% used [0x0000000085200000,0x0000000087069418,0x0000000089d00000)
 Metaspace       used 34681K, capacity 35176K, committed 35416K, reserved 1079296K
  class space    used 4715K, capacity 4865K, committed 4952K, reserved 1048576K
}
Event: 34,068 GC heap before
{Heap before GC invocations=14 (full 2):
 PSYoungGen      total 204288K, used 190976K [0x00000000d7100000, 0x00000000eaa00000, 0x0000000100000000)
  eden space 190976K, 100% used [0x00000000d7100000,0x00000000e2b80000,0x00000000e2b80000)
  from space 13312K, 0% used [0x00000000e2b80000,0x00000000e2b80000,0x00000000e3880000)
  to   space 14336K, 0% used [0x00000000e9c00000,0x00000000e9c00000,0x00000000eaa00000)
 ParOldGen       total 76800K, used 31141K [0x0000000085200000, 0x0000000089d00000, 0x00000000d7100000)
  object space 76800K, 40% used [0x0000000085200000,0x0000000087069418,0x0000000089d00000)
 Metaspace       used 41364K, capacity 41988K, committed 42328K, reserved 1085440K
  class space    used 5791K, capacity 5915K, committed 5976K, reserved 1048576K
Event: 34,094 GC heap after
Heap after GC invocations=14 (full 2):
 PSYoungGen      total 301056K, used 14314K [0x00000000d7100000, 0x00000000eaa00000, 0x0000000100000000)
  eden space 286720K, 0% used [0x00000000d7100000,0x00000000d7100000,0x00000000e8900000)
  from space 14336K, 99% used [0x00000000e9c00000,0x00000000ea9fa978,0x00000000eaa00000)
  to   space 16384K, 0% used [0x00000000e8a00000,0x00000000e8a00000,0x00000000e9a00000)
 ParOldGen       total 76800K, used 32250K [0x0000000085200000, 0x0000000089d00000, 0x00000000d7100000)
  object space 76800K, 41% used [0x0000000085200000,0x000000008717e948,0x0000000089d00000)
 Metaspace       used 41364K, capacity 41988K, committed 42328K, reserved 1085440K
  class space    used 5791K, capacity 5915K, committed 5976K, reserved 1048576K
}
Event: 390,913 GC heap before
{Heap before GC invocations=15 (full 2):
 PSYoungGen      total 301056K, used 301034K [0x00000000d7100000, 0x00000000eaa00000, 0x0000000100000000)
  eden space 286720K, 100% used [0x00000000d7100000,0x00000000e8900000,0x00000000e8900000)
  from space 14336K, 99% used [0x00000000e9c00000,0x00000000ea9fa978,0x00000000eaa00000)
  to   space 16384K, 0% used [0x00000000e8a00000,0x00000000e8a00000,0x00000000e9a00000)
 ParOldGen       total 76800K, used 32250K [0x0000000085200000, 0x0000000089d00000, 0x00000000d7100000)
  object space 76800K, 41% used [0x0000000085200000,0x000000008717e948,0x0000000089d00000)
 Metaspace       used 49612K, capacity 50510K, committed 50648K, reserved 1093632K
  class space    used 6851K, capacity 7056K, committed 7128K, reserved 1048576K

Deoptimization events (0 events):
No events

Classes redefined (0 events):
No events

Internal exceptions (10 events):
Event: 378,860 Thread 0x00007f1ab8f7c800 Exception <a 'java/net/SocketTimeoutException': Receive timed out> (0x00000000d7c60178) thrown at [/HUDSON/workspace/8-2-build-linux-amd64/jdk8u161/10277/hotspot/src/share/vm/prims/jni.cpp, line 735]
Event: 379,861 Thread 0x00007f1ab8f7c800 Exception <a 'java/net/SocketTimeoutException': Receive timed out> (0x00000000d7c603d8) thrown at [/HUDSON/workspace/8-2-build-linux-amd64/jdk8u161/10277/hotspot/src/share/vm/prims/jni.cpp, line 735]
Event: 380,862 Thread 0x00007f1ab8f7c800 Exception <a 'java/net/SocketTimeoutException': Receive timed out> (0x00000000d7c60638) thrown at [/HUDSON/workspace/8-2-build-linux-amd64/jdk8u161/10277/hotspot/src/share/vm/prims/jni.cpp, line 735]
Event: 381,171 Thread 0x00007f1ab9101000 Exception <a 'java/lang/reflect/InvocationTargetException'> (0x00000000e8864f20) thrown at [/HUDSON/workspace/8-2-build-linux-amd64/jdk8u161/10277/hotspot/src/share/vm/runtime/reflection.cpp, line 1092]
Event: 381,862 Thread 0x00007f1ab8f7c800 Exception <a 'java/net/SocketTimeoutException': Receive timed out> (0x00000000d7c60898) thrown at [/HUDSON/workspace/8-2-build-linux-amd64/jdk8u161/10277/hotspot/src/share/vm/prims/jni.cpp, line 735]
Event: 382,863 Thread 0x00007f1ab8f7c800 Exception <a 'java/net/SocketTimeoutException': Receive timed out> (0x00000000d7c60af8) thrown at [/HUDSON/workspace/8-2-build-linux-amd64/jdk8u161/10277/hotspot/src/share/vm/prims/jni.cpp, line 735]
Event: 383,865 Thread 0x00007f1ab8f7c800 Exception <a 'java/net/SocketTimeoutException': Receive timed out> (0x00000000d7c60d58) thrown at [/HUDSON/workspace/8-2-build-linux-amd64/jdk8u161/10277/hotspot/src/share/vm/prims/jni.cpp, line 735]
Event: 384,866 Thread 0x00007f1ab8f7c800 Exception <a 'java/net/SocketTimeoutException': Receive timed out> (0x00000000d7c60fb8) thrown at [/HUDSON/workspace/8-2-build-linux-amd64/jdk8u161/10277/hotspot/src/share/vm/prims/jni.cpp, line 735]
Event: 385,867 Thread 0x00007f1ab8f7c800 Exception <a 'java/net/SocketTimeoutException': Receive timed out> (0x00000000d7c61218) thrown at [/HUDSON/workspace/8-2-build-linux-amd64/jdk8u161/10277/hotspot/src/share/vm/prims/jni.cpp, line 735]
Event: 386,868 Thread 0x00007f1ab8f7c800 Exception <a 'java/net/SocketTimeoutException': Receive timed out> (0x00000000d7c61478) thrown at [/HUDSON/workspace/8-2-build-linux-amd64/jdk8u161/10277/hotspot/src/share/vm/prims/jni.cpp, line 735]

Events (10 events):
Event: 361,592 Executing VM operation: RevokeBias done
Event: 363,933 Executing VM operation: RevokeBias
Event: 363,933 Executing VM operation: RevokeBias done
Event: 366,871 Executing VM operation: RevokeBias
Event: 366,871 Executing VM operation: RevokeBias done
Event: 367,484 Executing VM operation: RevokeBias
Event: 367,485 Executing VM operation: RevokeBias done
Event: 383,937 Executing VM operation: RevokeBias
Event: 383,938 Executing VM operation: RevokeBias done
Event: 387,091 Executing VM operation: RevokeBias


Dynamic libraries:
00400000-00401000 r-xp 00000000 08:04 9314254                            /usr/lib/jvm/java-8-oracle/bin/java
00600000-00601000 rw-p 00000000 08:04 9314254                            /usr/lib/jvm/java-8-oracle/bin/java
024e4000-025a1000 rw-p 00000000 00:00 0                                  [heap]
85200000-89d00000 rw-p 00000000 00:00 0 
89d00000-d7100000 ---p 00000000 00:00 0 
d7100000-eaa00000 rw-p 00000000 00:00 0 
f3100000-100000000 ---p 00000000 00:00 0 
100000000-1006f6000 rw-p 00000000 00:00 0 
1006f6000-140000000 ---p 00000000 00:00 0 
7f1a1d886000-7f1a1d889000 ---p 00000000 00:00 0 
7f1a1d889000-7f1a1d987000 rw-p 00000000 00:00 0 
7f1a1d987000-7f1a1d98a000 ---p 00000000 00:00 0 
7f1a1d98a000-7f1a1da88000 rw-p 00000000 00:00 0 
7f1a1da88000-7f1a1da8b000 ---p 00000000 00:00 0 
7f1a1da8b000-7f1a1db89000 rw-p 00000000 00:00 0 
7f1a1db89000-7f1a1db8c000 ---p 00000000 00:00 0 
7f1a1db8c000-7f1a1dd0a000 rw-p 00000000 00:00 0 
7f1a1dd0a000-7f1a1de8a000 ---p 00000000 00:00 0 
7f1a1de8a000-7f1a1e08a000 rw-p 00000000 00:00 0 
7f1a1e08a000-7f1a1e08d000 ---p 00000000 00:00 0 
7f1a1e08d000-7f1a1e18b000 rw-p 00000000 00:00 0 
7f1a1e18b000-7f1a1e18e000 ---p 00000000 00:00 0 
7f1a1e18e000-7f1a1e28c000 rw-p 00000000 00:00 0 
7f1a1e28c000-7f1a1e28f000 ---p 00000000 00:00 0 
7f1a1e28f000-7f1a1e38d000 rw-p 00000000 00:00 0 
7f1a1e38d000-7f1a1e390000 ---p 00000000 00:00 0 
7f1a1e390000-7f1a1e48e000 rw-p 00000000 00:00 0 
7f1a1e48e000-7f1a1e491000 ---p 00000000 00:00 0 
7f1a1e491000-7f1a1e58f000 rw-p 00000000 00:00 0 
7f1a1e58f000-7f1a1e592000 ---p 00000000 00:00 0 
7f1a1e592000-7f1a1e690000 rw-p 00000000 00:00 0 
7f1a1e690000-7f1a1e693000 ---p 00000000 00:00 0 
7f1a1e693000-7f1a1e791000 rw-p 00000000 00:00 0 
7f1a1e791000-7f1a1e794000 ---p 00000000 00:00 0 
7f1a1e794000-7f1a1e892000 rw-p 00000000 00:00 0 
7f1a1e892000-7f1a1e895000 ---p 00000000 00:00 0 
7f1a1e895000-7f1a1e993000 rw-p 00000000 00:00 0 
7f1a1e993000-7f1a1e996000 ---p 00000000 00:00 0 
7f1a1e996000-7f1a1ea94000 rw-p 00000000 00:00 0 
7f1a1ea94000-7f1a1ea97000 ---p 00000000 00:00 0 
7f1a1ea97000-7f1a1eb95000 rw-p 00000000 00:00 0 
7f1a1eb95000-7f1a1eb98000 ---p 00000000 00:00 0 
7f1a1eb98000-7f1a1ec96000 rw-p 00000000 00:00 0 
7f1a1ec96000-7f1a1ec99000 ---p 00000000 00:00 0 
7f1a1ec99000-7f1a1ed97000 rw-p 00000000 00:00 0 
7f1a1ed97000-7f1a1ed9a000 ---p 00000000 00:00 0 
7f1a1ed9a000-7f1a1ee98000 rw-p 00000000 00:00 0 
7f1a1ee98000-7f1a1ee9b000 ---p 00000000 00:00 0 
7f1a1ee9b000-7f1a1ef99000 rw-p 00000000 00:00 0 
7f1a1ef99000-7f1a1ef9c000 ---p 00000000 00:00 0 
7f1a1ef9c000-7f1a1f09a000 rw-p 00000000 00:00 0 
7f1a1f09a000-7f1a1f09d000 ---p 00000000 00:00 0 
7f1a1f09d000-7f1a1f19b000 rw-p 00000000 00:00 0 
7f1a1f19b000-7f1a1f19e000 ---p 00000000 00:00 0 
7f1a1f19e000-7f1a1f29c000 rw-p 00000000 00:00 0 
7f1a1f29c000-7f1a1f29f000 ---p 00000000 00:00 0 
7f1a1f29f000-7f1a1f39d000 rw-p 00000000 00:00 0 
7f1a1f39d000-7f1a1f3a0000 ---p 00000000 00:00 0 
7f1a1f3a0000-7f1a1f49e000 rw-p 00000000 00:00 0 
7f1a1f49e000-7f1a1f4a1000 ---p 00000000 00:00 0 
7f1a1f4a1000-7f1a1f59f000 rw-p 00000000 00:00 0 
7f1a1f59f000-7f1a1f5a2000 ---p 00000000 00:00 0 
7f1a1f5a2000-7f1a1f6a0000 rw-p 00000000 00:00 0 
7f1a1f6a0000-7f1a1f6a3000 ---p 00000000 00:00 0 
7f1a1f6a3000-7f1a1f7a1000 rw-p 00000000 00:00 0 
7f1a1f7a1000-7f1a1f7a4000 ---p 00000000 00:00 0 
7f1a1f7a4000-7f1a1f8a2000 rw-p 00000000 00:00 0 
7f1a1f8a2000-7f1a1f8a5000 ---p 00000000 00:00 0 
7f1a1f8a5000-7f1a1fba3000 rw-p 00000000 00:00 0 
7f1a1fba3000-7f1a1fbb9000 r-xp 00000000 08:04 3412497                    /lib/x86_64-linux-gnu/libgcc_s.so.1
7f1a1fbb9000-7f1a1fdb8000 ---p 00016000 08:04 3412497                    /lib/x86_64-linux-gnu/libgcc_s.so.1
7f1a1fdb8000-7f1a1fdb9000 rw-p 00015000 08:04 3412497                    /lib/x86_64-linux-gnu/libgcc_s.so.1
7f1a1fdb9000-7f1a1fdeb000 r-xp 00000000 08:04 9322296                    /usr/lib/jvm/java-8-oracle/jre/lib/amd64/libsunec.so
7f1a1fdeb000-7f1a1ffea000 ---p 00032000 08:04 9322296                    /usr/lib/jvm/java-8-oracle/jre/lib/amd64/libsunec.so
7f1a1ffea000-7f1a1fff0000 rw-p 00031000 08:04 9322296                    /usr/lib/jvm/java-8-oracle/jre/lib/amd64/libsunec.so
7f1a1fff0000-7f1a20000000 rw-p 00000000 00:00 0 
7f1a20000000-7f1a20021000 rw-p 00000000 00:00 0 
7f1a20021000-7f1a24000000 ---p 00000000 00:00 0 
7f1a24000000-7f1a2402d000 rw-p 00000000 00:00 0 
7f1a2402d000-7f1a28000000 ---p 00000000 00:00 0 
7f1a28000000-7f1a28021000 rw-p 00000000 00:00 0 
7f1a28021000-7f1a2c000000 ---p 00000000 00:00 0 
7f1a2c000000-7f1a2c021000 rw-p 00000000 00:00 0 
7f1a2c021000-7f1a30000000 ---p 00000000 00:00 0 
7f1a30000000-7f1a30021000 rw-p 00000000 00:00 0 
7f1a30021000-7f1a34000000 ---p 00000000 00:00 0 
7f1a34000000-7f1a34021000 rw-p 00000000 00:00 0 
7f1a34021000-7f1a38000000 ---p 00000000 00:00 0 
7f1a38000000-7f1a38021000 rw-p 00000000 00:00 0 
7f1a38021000-7f1a3c000000 ---p 00000000 00:00 0 
7f1a3c000000-7f1a3c021000 rw-p 00000000 00:00 0 
7f1a3c021000-7f1a40000000 ---p 00000000 00:00 0 
7f1a40000000-7f1a40084000 rw-p 00000000 00:00 0 
7f1a40084000-7f1a44000000 ---p 00000000 00:00 0 
7f1a440db000-7f1a442db000 rw-p 00000000 00:00 0 
7f1a442db000-7f1a442de000 ---p 00000000 00:00 0 
7f1a442de000-7f1a443dc000 rw-p 00000000 00:00 0 
7f1a443dc000-7f1a443df000 ---p 00000000 00:00 0 
7f1a443df000-7f1a444dd000 rw-p 00000000 00:00 0 
7f1a444dd000-7f1a444e0000 ---p 00000000 00:00 0 
7f1a444e0000-7f1a447de000 rw-p 00000000 00:00 0 
7f1a447de000-7f1a447e1000 ---p 00000000 00:00 0 
7f1a447e1000-7f1a448df000 rw-p 00000000 00:00 0 
7f1a448df000-7f1a448e2000 ---p 00000000 00:00 0 
7f1a448e2000-7f1a449e0000 rw-p 00000000 00:00 0 
7f1a449e0000-7f1a449e3000 ---p 00000000 00:00 0 
7f1a449e3000-7f1a44ae1000 rw-p 00000000 00:00 0 
7f1a44ae1000-7f1a44ae4000 ---p 00000000 00:00 0 
7f1a44ae4000-7f1a44be2000 rw-p 00000000 00:00 0 
7f1a44be2000-7f1a44be5000 ---p 00000000 00:00 0 
7f1a44be5000-7f1a44ce3000 rw-p 00000000 00:00 0 
7f1a44ce3000-7f1a44ce6000 ---p 00000000 00:00 0 
7f1a44ce6000-7f1a44de4000 rw-p 00000000 00:00 0 
7f1a44de4000-7f1a44de7000 ---p 00000000 00:00 0 
7f1a44de7000-7f1a44ee5000 rw-p 00000000 00:00 0 
7f1a44ee5000-7f1a44ee8000 ---p 00000000 00:00 0 
7f1a44ee8000-7f1a44fe6000 rw-p 00000000 00:00 0 
7f1a44fe6000-7f1a44fe9000 ---p 00000000 00:00 0 
7f1a44fe9000-7f1a450e7000 rw-p 00000000 00:00 0 
7f1a450e7000-7f1a450ea000 ---p 00000000 00:00 0 
7f1a450ea000-7f1a451e8000 rw-p 00000000 00:00 0 
7f1a451e8000-7f1a451eb000 ---p 00000000 00:00 0 
7f1a451eb000-7f1a452e9000 rw-p 00000000 00:00 0 
7f1a452e9000-7f1a452ec000 ---p 00000000 00:00 0 
7f1a452ec000-7f1a453ea000 rw-p 00000000 00:00 0 
7f1a453ea000-7f1a453ed000 ---p 00000000 00:00 0 
7f1a453ed000-7f1a454eb000 rw-p 00000000 00:00 0 
7f1a454eb000-7f1a454ee000 ---p 00000000 00:00 0 
7f1a454ee000-7f1a455ec000 rw-p 00000000 00:00 0 
7f1a455ec000-7f1a455ef000 ---p 00000000 00:00 0 
7f1a455ef000-7f1a456ed000 rw-p 00000000 00:00 0 
7f1a456ed000-7f1a456f0000 ---p 00000000 00:00 0 
7f1a456f0000-7f1a457ee000 rw-p 00000000 00:00 0 
7f1a457ee000-7f1a457f1000 ---p 00000000 00:00 0 
7f1a457f1000-7f1a458ef000 rw-p 00000000 00:00 0 
7f1a458ef000-7f1a458f2000 ---p 00000000 00:00 0 
7f1a458f2000-7f1a459f0000 rw-p 00000000 00:00 0 
7f1a459f0000-7f1a459f3000 ---p 00000000 00:00 0 
7f1a459f3000-7f1a45af1000 rw-p 00000000 00:00 0 
7f1a45af1000-7f1a45af4000 ---p 00000000 00:00 0 
7f1a45af4000-7f1a45bf2000 rw-p 00000000 00:00 0 
7f1a45bf2000-7f1a45bf5000 ---p 00000000 00:00 0 
7f1a45bf5000-7f1a45cf3000 rw-p 00000000 00:00 0 
7f1a45cf3000-7f1a45cf6000 ---p 00000000 00:00 0 
7f1a45cf6000-7f1a45df4000 rw-p 00000000 00:00 0 
7f1a45df4000-7f1a45df7000 ---p 00000000 00:00 0 
7f1a45df7000-7f1a460f5000 rw-p 00000000 00:00 0 
7f1a460f5000-7f1a460f8000 ---p 00000000 00:00 0 
7f1a460f8000-7f1a463f6000 rw-p 00000000 00:00 0 
7f1a463f6000-7f1a463f9000 ---p 00000000 00:00 0 
7f1a463f9000-7f1a464f7000 rw-p 00000000 00:00 0 
7f1a464f7000-7f1a464fa000 ---p 00000000 00:00 0 
7f1a464fa000-7f1a465f8000 rw-p 00000000 00:00 0 
7f1a465f8000-7f1a465fb000 ---p 00000000 00:00 0 
7f1a465fb000-7f1a466f9000 rw-p 00000000 00:00 0 
7f1a466f9000-7f1a466fc000 ---p 00000000 00:00 0 
7f1a466fc000-7f1a467fa000 rw-p 00000000 00:00 0 
7f1a467fa000-7f1a467fd000 ---p 00000000 00:00 0 
7f1a467fd000-7f1a468fb000 rw-p 00000000 00:00 0 
7f1a468fb000-7f1a468fe000 ---p 00000000 00:00 0 
7f1a468fe000-7f1a469fc000 rw-p 00000000 00:00 0 
7f1a469fc000-7f1a469ff000 ---p 00000000 00:00 0 
7f1a469ff000-7f1a46cfd000 rw-p 00000000 00:00 0 
7f1a46cfd000-7f1a46efd000 rw-p 00000000 00:00 0 
7f1a46efd000-7f1a46f00000 ---p 00000000 00:00 0 
7f1a46f00000-7f1a46ffe000 rw-p 00000000 00:00 0 
7f1a46ffe000-7f1a47001000 ---p 00000000 00:00 0 
7f1a47001000-7f1a472ff000 rw-p 00000000 00:00 0 
7f1a472ff000-7f1a47302000 ---p 00000000 00:00 0 
7f1a47302000-7f1a47600000 rw-p 00000000 00:00 0 
7f1a47600000-7f1a47800000 rw-p 00000000 00:00 0 
7f1a47800000-7f1a47a00000 rw-p 00000000 00:00 0 
7f1a47a00000-7f1a47c00000 rw-p 00000000 00:00 0 
7f1a47c00000-7f1a47e00000 rw-p 00000000 00:00 0 
7f1a47e00000-7f1a48000000 rw-p 00000000 00:00 0 
7f1a48000000-7f1a4806c000 rw-p 00000000 00:00 0 
7f1a4806c000-7f1a4c000000 ---p 00000000 00:00 0 
7f1a4c000000-7f1a4c420000 rw-p 00000000 00:00 0 
7f1a4c420000-7f1a50000000 ---p 00000000 00:00 0 
7f1a50000000-7f1a50021000 rw-p 00000000 00:00 0 
7f1a50021000-7f1a54000000 ---p 00000000 00:00 0 
7f1a54000000-7f1a54021000 rw-p 00000000 00:00 0 
7f1a54021000-7f1a58000000 ---p 00000000 00:00 0 
7f1a58000000-7f1a58299000 rw-p 00000000 00:00 0 
7f1a58299000-7f1a5c000000 ---p 00000000 00:00 0 
7f1a5c000000-7f1a5c021000 rw-p 00000000 00:00 0 
7f1a5c021000-7f1a60000000 ---p 00000000 00:00 0 
7f1a60000000-7f1a60021000 rw-p 00000000 00:00 0 
7f1a60021000-7f1a64000000 ---p 00000000 00:00 0 
7f1a64000000-7f1a64021000 rw-p 00000000 00:00 0 
7f1a64021000-7f1a68000000 ---p 00000000 00:00 0 
7f1a68000000-7f1a68021000 rw-p 00000000 00:00 0 
7f1a68021000-7f1a6c000000 ---p 00000000 00:00 0 
7f1a6c0d5000-7f1a6c2d5000 rw-p 00000000 00:00 0 
7f1a6c2d5000-7f1a6c2ec000 r-xp 00000000 08:04 3418106                    /lib/x86_64-linux-gnu/libresolv-2.23.so
7f1a6c2ec000-7f1a6c4ec000 ---p 00017000 08:04 3418106                    /lib/x86_64-linux-gnu/libresolv-2.23.so
7f1a6c4ec000-7f1a6c4ed000 r--p 00017000 08:04 3418106                    /lib/x86_64-linux-gnu/libresolv-2.23.so
7f1a6c4ed000-7f1a6c4ee000 rw-p 00018000 08:04 3418106                    /lib/x86_64-linux-gnu/libresolv-2.23.so
7f1a6c4ee000-7f1a6c4f0000 rw-p 00000000 00:00 0 
7f1a6c4f0000-7f1a6c4f5000 r-xp 00000000 08:04 3418118                    /lib/x86_64-linux-gnu/libnss_dns-2.23.so
7f1a6c4f5000-7f1a6c6f5000 ---p 00005000 08:04 3418118                    /lib/x86_64-linux-gnu/libnss_dns-2.23.so
7f1a6c6f5000-7f1a6c6f6000 r--p 00005000 08:04 3418118                    /lib/x86_64-linux-gnu/libnss_dns-2.23.so
7f1a6c6f6000-7f1a6c6f7000 rw-p 00006000 08:04 3418118                    /lib/x86_64-linux-gnu/libnss_dns-2.23.so
7f1a6c6f7000-7f1a6c6f9000 r-xp 00000000 08:04 3412564                    /lib/x86_64-linux-gnu/libnss_mdns4_minimal.so.2
7f1a6c6f9000-7f1a6c8f8000 ---p 00002000 08:04 3412564                    /lib/x86_64-linux-gnu/libnss_mdns4_minimal.so.2
7f1a6c8f8000-7f1a6c8f9000 r--p 00001000 08:04 3412564                    /lib/x86_64-linux-gnu/libnss_mdns4_minimal.so.2
7f1a6c8f9000-7f1a6c8fa000 rw-p 00002000 08:04 3412564                    /lib/x86_64-linux-gnu/libnss_mdns4_minimal.so.2
7f1a6c8fa000-7f1a6c8fd000 ---p 00000000 00:00 0 
7f1a6c8fd000-7f1a6cbfb000 rw-p 00000000 00:00 0 
7f1a6cbfb000-7f1a6cbfe000 ---p 00000000 00:00 0 
7f1a6cbfe000-7f1a6ccfc000 rw-p 00000000 00:00 0 
7f1a6ccfc000-7f1a6ccfd000 ---p 00000000 00:00 0 
7f1a6ccfd000-7f1a6cdfd000 rw-p 00000000 00:00 0 
7f1a6cdfd000-7f1a6ce00000 ---p 00000000 00:00 0 
7f1a6ce00000-7f1a6cefe000 rw-p 00000000 00:00 0 
7f1a6cefe000-7f1a6cf01000 ---p 00000000 00:00 0 
7f1a6cf01000-7f1a70000000 rw-p 00000000 00:00 0 
7f1a70000000-7f1a7075d000 rw-p 00000000 00:00 0 
7f1a7075d000-7f1a74000000 ---p 00000000 00:00 0 
7f1a74000000-7f1a74021000 rw-p 00000000 00:00 0 
7f1a74021000-7f1a78000000 ---p 00000000 00:00 0 
7f1a78000000-7f1a78047000 rw-p 00000000 00:00 0 
7f1a78047000-7f1a7c000000 ---p 00000000 00:00 0 
7f1a7c000000-7f1a7c021000 rw-p 00000000 00:00 0 
7f1a7c021000-7f1a80000000 ---p 00000000 00:00 0 
7f1a80000000-7f1a80021000 rw-p 00000000 00:00 0 
7f1a80021000-7f1a84000000 ---p 00000000 00:00 0 
7f1a84000000-7f1a84021000 rw-p 00000000 00:00 0 
7f1a84021000-7f1a88000000 ---p 00000000 00:00 0 
7f1a88000000-7f1a88290000 rw-p 00000000 00:00 0 
7f1a88290000-7f1a8c000000 ---p 00000000 00:00 0 
7f1a8c000000-7f1a8c021000 rw-p 00000000 00:00 0 
7f1a8c021000-7f1a90000000 ---p 00000000 00:00 0 
7f1a90000000-7f1a90071000 rw-p 00000000 00:00 0 
7f1a90071000-7f1a94000000 ---p 00000000 00:00 0 
7f1a94000000-7f1a94021000 rw-p 00000000 00:00 0 
7f1a94021000-7f1a98000000 ---p 00000000 00:00 0 
7f1a98000000-7f1a980b7000 rw-p 00000000 00:00 0 
7f1a980b7000-7f1a9c000000 ---p 00000000 00:00 0 
7f1a9c08e000-7f1a9c091000 ---p 00000000 00:00 0 
7f1a9c091000-7f1a9c18f000 rw-p 00000000 00:00 0 
7f1a9c18f000-7f1a9c192000 ---p 00000000 00:00 0 
7f1a9c192000-7f1aa0000000 rw-p 00000000 00:00 0 
7f1aa0000000-7f1aa0021000 rw-p 00000000 00:00 0 
7f1aa0021000-7f1aa4000000 ---p 00000000 00:00 0 
7f1aa4039000-7f1aa403b000 r--s 00009000 08:04 9443465                    /usr/lib/jvm/java-8-oracle/jre/lib/ext/sunec.jar
7f1aa403b000-7f1aa403f000 r--s 0003a000 08:04 9443472                    /usr/lib/jvm/java-8-oracle/jre/lib/ext/sunpkcs11.jar
7f1aa403f000-7f1aa4042000 r--s 0001a000 08:04 9322354                    /usr/lib/jvm/java-8-oracle/jre/lib/jce.jar
7f1aa4042000-7f1aa4047000 r--s 002f9000 08:04 9322278                    /usr/lib/jvm/java-8-oracle/jre/lib/charsets.jar
7f1aa4047000-7f1aa405a000 r--s 00345000 08:04 9322284                    /usr/lib/jvm/java-8-oracle/jre/lib/resources.jar
7f1aa405a000-7f1aa4061000 r--s 00000000 08:04 9574903                    /usr/lib/x86_64-linux-gnu/gconv/gconv-modules.cache
7f1aa4061000-7f1aa4082000 r--p 00000000 08:04 10229524                   /usr/share/locale-langpack/pt_BR/LC_MESSAGES/libc.mo
7f1aa4082000-7f1aa408c000 r--s 00116000 08:04 9443474                    /usr/lib/jvm/java-8-oracle/jre/lib/ext/localedata.jar
7f1aa408c000-7f1aa40a8000 r--s 00393000 08:04 9443467                    /usr/lib/jvm/java-8-oracle/jre/lib/ext/cldrdata.jar
7f1aa40a8000-7f1aa40ab000 ---p 00000000 00:00 0 
7f1aa40ab000-7f1aa41a9000 rw-p 00000000 00:00 0 
7f1aa41a9000-7f1aa41ac000 ---p 00000000 00:00 0 
7f1aa41ac000-7f1aa42aa000 rw-p 00000000 00:00 0 
7f1aa42aa000-7f1aa42af000 r--s 0009d000 08:04 9322285                    /usr/lib/jvm/java-8-oracle/jre/lib/jsse.jar
7f1aa42af000-7f1aa42b1000 r--s 0000e000 08:04 4198231                    /home/clovis/.m2/repository/javax/activation/activation/1.1/activation-1.1.jar
7f1aa42b1000-7f1aa42ba000 r--s 0008c000 08:04 6831280                    /home/clovis/.m2/repository/com/sun/mail/javax.mail/1.5.6/javax.mail-1.5.6.jar
7f1aa42ba000-7f1aa42bf000 r--s 00029000 08:04 6831278                    /home/clovis/.m2/repository/org/springframework/spring-context-support/4.3.14.RELEASE/spring-context-support-4.3.14.RELEASE.jar
7f1aa42bf000-7f1aa42d8000 r--s 000fe000 08:04 4721822                    /home/clovis/.m2/repository/org/springframework/spring-context/4.3.14.RELEASE/spring-context-4.3.14.RELEASE.jar
7f1aa42d8000-7f1aa42d9000 r--s 00000000 08:04 4593833                    /home/clovis/.m2/repository/org/springframework/boot/spring-boot-starter-mail/1.5.10.RELEASE/spring-boot-starter-mail-1.5.10.RELEASE.jar
7f1aa42d9000-7f1aa4375000 r--s 00647000 08:04 4198223                    /home/clovis/.m2/repository/com/hazelcast/hazelcast/3.7.8/hazelcast-3.7.8.jar
7f1aa4375000-7f1aa4377000 r--s 00002000 08:04 4065890                    /home/clovis/.m2/repository/org/atteo/evo-inflector/1.2.2/evo-inflector-1.2.2.jar
7f1aa4377000-7f1aa4378000 r--s 00004000 08:04 6684916                    /home/clovis/.m2/repository/org/springframework/plugin/spring-plugin-core/1.2.0.RELEASE/spring-plugin-core-1.2.0.RELEASE.jar
7f1aa4378000-7f1aa438b000 r--s 000ae000 08:04 6686373                    /home/clovis/.m2/repository/org/springframework/data/spring-data-commons/1.13.10.RELEASE/spring-data-commons-1.13.10.RELEASE.jar
7f1aa438b000-7f1aa4390000 r--s 0002d000 08:04 6684914                    /home/clovis/.m2/repository/org/springframework/hateoas/spring-hateoas/0.23.0.RELEASE/spring-hateoas-0.23.0.RELEASE.jar
7f1aa4390000-7f1aa4398000 r--s 0003a000 08:04 6686377                    /home/clovis/.m2/repository/org/springframework/spring-tx/4.3.14.RELEASE/spring-tx-4.3.14.RELEASE.jar
7f1aa4398000-7f1aa439d000 r--s 0001b000 08:04 6686385                    /home/clovis/.m2/repository/org/springframework/data/spring-data-rest-core/2.6.10.RELEASE/spring-data-rest-core-2.6.10.RELEASE.jar
7f1aa439d000-7f1aa43a5000 r--s 00047000 08:04 6686383                    /home/clovis/.m2/repository/org/springframework/data/spring-data-rest-webmvc/2.6.10.RELEASE/spring-data-rest-webmvc-2.6.10.RELEASE.jar
7f1aa43a5000-7f1aa43a8000 r--s 0000b000 08:04 4720671                    /home/clovis/.m2/repository/com/fasterxml/jackson/core/jackson-annotations/2.8.0/jackson-annotations-2.8.0.jar
7f1aa43a8000-7f1aa43a9000 r--s 00000000 08:04 6686381                    /home/clovis/.m2/repository/org/springframework/boot/spring-boot-starter-data-rest/1.5.10.RELEASE/spring-boot-starter-data-rest-1.5.10.RELEASE.jar
7f1aa43a9000-7f1aa43ae000 r--s 0003c000 08:04 4721861                    /home/clovis/.m2/repository/org/springframework/spring-expression/4.3.14.RELEASE/spring-expression-4.3.14.RELEASE.jar
7f1aa43ae000-7f1aa43c0000 r--s 000cf000 08:04 4721891                    /home/clovis/.m2/repository/org/springframework/spring-webmvc/4.3.14.RELEASE/spring-webmvc-4.3.14.RELEASE.jar
7f1aa43c0000-7f1aa43ce000 r--s 000ad000 08:04 4721826                    /home/clovis/.m2/repository/org/springframework/spring-beans/4.3.14.RELEASE/spring-beans-4.3.14.RELEASE.jar
7f1aa43ce000-7f1aa43d7000 r--s 00054000 08:04 4721828                    /home/clovis/.m2/repository/org/springframework/spring-aop/4.3.14.RELEASE/spring-aop-4.3.14.RELEASE.jar
7f1aa43d7000-7f1aa43e9000 r--s 000b8000 08:04 4721886                    /home/clovis/.m2/repository/org/springframework/spring-web/4.3.14.RELEASE/spring-web-4.3.14.RELEASE.jar
7f1aa43e9000-7f1aa43eb000 r--s 0000e000 08:04 4720664                    /home/clovis/.m2/repository/com/fasterxml/classmate/1.3.4/classmate-1.3.4.jar
7f1aa43eb000-7f1aa43ee000 r--s 0000e000 08:04 4720662                    /home/clovis/.m2/repository/org/jboss/logging/jboss-logging/3.3.1.Final/jboss-logging-3.3.1.Final.jar
7f1aa43ee000-7f1aa43f2000 r--s 0000c000 08:04 4456972                    /home/clovis/.m2/repository/javax/validation/validation-api/1.1.0.Final/validation-api-1.1.0.Final.jar
7f1aa43f2000-7f1aa4403000 r--s 000a1000 08:04 4720659                    /home/clovis/.m2/repository/org/hibernate/hibernate-validator/5.3.6.Final/hibernate-validator-5.3.6.Final.jar
7f1aa4403000-7f1aa4408000 r--s 0003a000 08:04 4721879                    /home/clovis/.m2/repository/org/apache/tomcat/embed/tomcat-embed-websocket/8.5.27/tomcat-embed-websocket-8.5.27.jar
7f1aa4408000-7f1aa440c000 r--s 00037000 08:04 4721871                    /home/clovis/.m2/repository/org/apache/tomcat/embed/tomcat-embed-el/8.5.27/tomcat-embed-el-8.5.27.jar
7f1aa440c000-7f1aa440e000 r--s 00002000 08:04 4721866                    /home/clovis/.m2/repository/org/apache/tomcat/tomcat-annotations-api/8.5.27/tomcat-annotations-api-8.5.27.jar
7f1aa440e000-7f1aa4437000 r--s 002ce000 08:04 4459160                    /home/clovis/.m2/repository/org/apache/tomcat/embed/tomcat-embed-core/8.5.27/tomcat-embed-core-8.5.27.jar
7f1aa4437000-7f1aa4438000 r--s 00000000 08:04 4721864                    /home/clovis/.m2/repository/org/springframework/boot/spring-boot-starter-tomcat/1.5.10.RELEASE/spring-boot-starter-tomcat-1.5.10.RELEASE.jar
7f1aa4438000-7f1aa4439000 r--s 00000000 08:04 4592840                    /home/clovis/.m2/repository/org/springframework/boot/spring-boot-starter-web/1.5.10.RELEASE/spring-boot-starter-web-1.5.10.RELEASE.jar
7f1aa4439000-7f1aa443d000 r--s 000d4000 08:04 9570055                    /home/clovis/.m2/repository/de/codecentric/spring-boot-admin-server-ui/1.5.4/spring-boot-admin-server-ui-1.5.4.jar
7f1aa443d000-7f1aa4444000 r--s 0003f000 08:04 4460282                    /home/clovis/.m2/repository/commons-codec/commons-codec/1.10/commons-codec-1.10.jar
7f1aa4444000-7f1aa444b000 r--s 00049000 08:04 4593712                    /home/clovis/.m2/repository/org/apache/httpcomponents/httpcore/4.4.9/httpcore-4.4.9.jar
7f1aa444b000-7f1aa4459000 r--s 000ae000 08:04 4593710                    /home/clovis/.m2/repository/org/apache/httpcomponents/httpclient/4.5.5/httpclient-4.5.5.jar
7f1aa4459000-7f1aa445e000 r--s 00017000 08:04 6831252                    /home/clovis/.m2/repository/org/springframework/cloud/spring-cloud-commons/1.2.3.RELEASE/spring-cloud-commons-1.2.3.RELEASE.jar
7f1aa445e000-7f1aa4460000 r--s 0000c000 08:04 4724668                    /home/clovis/.m2/repository/org/springframework/security/spring-security-crypto/4.2.4.RELEASE/spring-security-crypto-4.2.4.RELEASE.jar
7f1aa4460000-7f1aa4463000 r--s 00015000 08:04 6831250                    /home/clovis/.m2/repository/org/springframework/cloud/spring-cloud-context/1.2.3.RELEASE/spring-cloud-context-1.2.3.RELEASE.jar
7f1aa4463000-7f1aa446d000 r--s 00056000 08:04 6831248                    /home/clovis/.m2/repository/org/springframework/cloud/spring-cloud-netflix-core/1.3.4.RELEASE/spring-cloud-netflix-core-1.3.4.RELEASE.jar
7f1aa446d000-7f1aa446f000 r--s 0001a000 08:04 6828311                    /home/clovis/.m2/repository/org/hdrhistogram/HdrHistogram/2.1.9/HdrHistogram-2.1.9.jar
7f1aa446f000-7f1aa4487000 r--s 000fc000 08:04 6828343                    /home/clovis/.m2/repository/io/reactivex/rxjava/1.2.0/rxjava-1.2.0.jar
7f1aa4487000-7f1aa4493000 r--s 00068000 08:04 6828308                    /home/clovis/.m2/repository/com/netflix/hystrix/hystrix-core/1.5.12/hystrix-core-1.5.12.jar
7f1aa4493000-7f1aa4494000 r--s 00001000 08:04 6828337                    /home/clovis/.m2/repository/com/netflix/netflix-commons/netflix-commons-util/0.1.1/netflix-commons-util-0.1.1.jar
7f1aa4494000-7f1aa449b000 r--s 00056000 08:04 6831246                    /home/clovis/.m2/repository/com/netflix/servo/servo-core/0.7.2/servo-core-0.7.2.jar
7f1aa449b000-7f1aa449f000 r--s 0000f000 08:04 4593807                    /home/clovis/.m2/repository/com/google/code/findbugs/annotations/2.0.0/annotations-2.0.0.jar
7f1aa449f000-7f1aa44a3000 r--s 00035000 08:04 4198207                    /home/clovis/.m2/repository/org/codehaus/jackson/jackson-core-asl/1.9.11/jackson-core-asl-1.9.11.jar
7f1aa44a3000-7f1aa44a5000 r--s 0000d000 08:04 4587601                    /home/clovis/.m2/repository/commons-logging/commons-logging/1.1.1/commons-logging-1.1.1.jar
7f1aa44a5000-7f1aa44aa000 r--s 00041000 08:04 4457932                    /home/clovis/.m2/repository/commons-lang/commons-lang/2.6/commons-lang-2.6.jar
7f1aa44aa000-7f1aa44b1000 r--s 00050000 08:04 6828296                    /home/clovis/.m2/repository/commons-configuration/commons-configuration/1.8/commons-configuration-1.8.jar
7f1aa44b1000-7f1aa44c0000 r--s 000b0000 08:04 4198203                    /home/clovis/.m2/repository/org/codehaus/jackson/jackson-mapper-asl/1.9.11/jackson-mapper-asl-1.9.11.jar
7f1aa44c0000-7f1aa44c3000 r--s 00006000 08:04 4195969                    /home/clovis/.m2/repository/com/google/code/findbugs/jsr305/1.3.9/jsr305-1.3.9.jar
7f1aa44c3000-7f1aa44e4000 r--s 00172000 08:04 4462352                    /home/clovis/.m2/repository/com/google/guava/guava/11.0.2/guava-11.0.2.jar
7f1aa44e4000-7f1aa44e7000 r--s 0001e000 08:04 6831243                    /home/clovis/.m2/repository/com/netflix/archaius/archaius-core/0.6.0/archaius-core-0.6.0.jar
7f1aa44e7000-7f1aa44e9000 r--s 00009000 08:04 4196324                    /home/clovis/.m2/repository/org/slf4j/slf4j-api/1.7.25/slf4j-api-1.7.25.jar
7f1aa44e9000-7f1aa44ed000 r--s 0002a000 08:04 4456940                    /home/clovis/.m2/repository/commons-io/commons-io/2.4/commons-io-2.4.jar
7f1aa44ed000-7f1aa44ef000 r--s 00013000 08:04 6828610                    /home/clovis/.m2/repository/com/netflix/zuul/zuul-core/1.3.0/zuul-core-1.3.0.jar
7f1aa44ef000-7f1aa4501000 r--s 0011e000 08:04 4720669                    /home/clovis/.m2/repository/com/fasterxml/jackson/core/jackson-databind/2.8.10/jackson-databind-2.8.10.jar
7f1aa4501000-7f1aa4511000 r--s 00079000 08:04 4593473                    /home/clovis/.m2/repository/org/springframework/boot/spring-boot-actuator/1.5.10.RELEASE/spring-boot-actuator-1.5.10.RELEASE.jar
7f1aa4511000-7f1aa4527000 r--s 000fe000 08:04 4592842                    /home/clovis/.m2/repository/org/springframework/spring-core/4.3.14.RELEASE/spring-core-4.3.14.RELEASE.jar
7f1aa4527000-7f1aa4532000 r--s 0006a000 08:04 4196322                    /home/clovis/.m2/repository/ch/qos/logback/logback-core/1.1.11/logback-core-1.1.11.jar
7f1aa4532000-7f1aa4552000 r--s 000e6000 08:04 4721816                    /home/clovis/.m2/repository/org/springframework/boot/spring-boot-autoconfigure/1.5.10.RELEASE/spring-boot-autoconfigure-1.5.10.RELEASE.jar
7f1aa4552000-7f1aa45e8000 r--s 0110a000 08:04 9443468                    /usr/lib/jvm/java-8-oracle/jre/lib/ext/jfxrt.jar
7f1aa45e8000-7f1aa45f9000 r-xp 00000000 08:04 9322341                    /usr/lib/jvm/java-8-oracle/jre/lib/amd64/libnio.so
7f1aa45f9000-7f1aa47f8000 ---p 00011000 08:04 9322341                    /usr/lib/jvm/java-8-oracle/jre/lib/amd64/libnio.so
7f1aa47f8000-7f1aa47f9000 rw-p 00010000 08:04 9322341                    /usr/lib/jvm/java-8-oracle/jre/lib/amd64/libnio.so
7f1aa47f9000-7f1aa480f000 r-xp 00000000 08:04 9322338                    /usr/lib/jvm/java-8-oracle/jre/lib/amd64/libnet.so
7f1aa480f000-7f1aa4a0f000 ---p 00016000 08:04 9322338                    /usr/lib/jvm/java-8-oracle/jre/lib/amd64/libnet.so
7f1aa4a0f000-7f1aa4a10000 rw-p 00016000 08:04 9322338                    /usr/lib/jvm/java-8-oracle/jre/lib/amd64/libnet.so
7f1aa4a10000-7f1aa4a19000 r-xp 00000000 08:04 9322346                    /usr/lib/jvm/java-8-oracle/jre/lib/amd64/libmanagement.so
7f1aa4a19000-7f1aa4c18000 ---p 00009000 08:04 9322346                    /usr/lib/jvm/java-8-oracle/jre/lib/amd64/libmanagement.so
7f1aa4c18000-7f1aa4c19000 rw-p 00008000 08:04 9322346                    /usr/lib/jvm/java-8-oracle/jre/lib/amd64/libmanagement.so
7f1aa4c19000-7f1aa4c1c000 ---p 00000000 00:00 0 
7f1aa4c1c000-7f1aa4d1a000 rw-p 00000000 00:00 0 
7f1aa4d1a000-7f1aa4d1d000 ---p 00000000 00:00 0 
7f1aa4d1d000-7f1aa4e1b000 rw-p 00000000 00:00 0 
7f1aa4e1b000-7f1aa4e1e000 ---p 00000000 00:00 0 
7f1aa4e1e000-7f1aa4f1c000 rw-p 00000000 00:00 0 
7f1aa4f1c000-7f1aa4f1f000 ---p 00000000 00:00 0 
7f1aa4f1f000-7f1aa501d000 rw-p 00000000 00:00 0 
7f1aa501d000-7f1aa5020000 ---p 00000000 00:00 0 
7f1aa5020000-7f1aa511e000 rw-p 00000000 00:00 0 
7f1aa511e000-7f1aa53f8000 r--p 00000000 08:04 9177196                    /usr/lib/locale/locale-archive
7f1aa53f8000-7f1aa53fb000 ---p 00000000 00:00 0 
7f1aa53fb000-7f1aa54f9000 rw-p 00000000 00:00 0 
7f1aa54f9000-7f1aa54fc000 ---p 00000000 00:00 0 
7f1aa54fc000-7f1aa55fa000 rw-p 00000000 00:00 0 
7f1aa55fa000-7f1aa55fb000 ---p 00000000 00:00 0 
7f1aa55fb000-7f1aa668e000 rw-p 00000000 00:00 0 
7f1aa668e000-7f1aa6867000 r--s 03d64000 08:04 9322280                    /usr/lib/jvm/java-8-oracle/jre/lib/rt.jar
7f1aa6867000-7f1aa743e000 rw-p 00000000 00:00 0 
7f1aa743e000-7f1aa743f000 ---p 00000000 00:00 0 
7f1aa743f000-7f1aa753f000 rw-p 00000000 00:00 0 
7f1aa753f000-7f1aa7540000 ---p 00000000 00:00 0 
7f1aa7540000-7f1aa7640000 rw-p 00000000 00:00 0 
7f1aa7640000-7f1aa7641000 ---p 00000000 00:00 0 
7f1aa7641000-7f1aa7767000 rw-p 00000000 00:00 0 
7f1aa7767000-7f1aa79d1000 ---p 00000000 00:00 0 
7f1aa79d1000-7f1aa79f7000 rw-p 00000000 00:00 0 
7f1aa79f7000-7f1aa7c60000 ---p 00000000 00:00 0 
7f1aa7c60000-7f1aa7cfd000 rw-p 00000000 00:00 0 
7f1aa7cfd000-7f1aa7da8000 ---p 00000000 00:00 0 
7f1aa7da8000-7f1aa7dd9000 rw-p 00000000 00:00 0 
7f1aa7dd9000-7f1aa8169000 ---p 00000000 00:00 0 
7f1aa8169000-7f1aa8d59000 rwxp 00000000 00:00 0 
7f1aa8d59000-7f1ab7169000 ---p 00000000 00:00 0 
7f1ab7169000-7f1ab7184000 r-xp 00000000 08:04 9322334                    /usr/lib/jvm/java-8-oracle/jre/lib/amd64/libzip.so
7f1ab7184000-7f1ab7384000 ---p 0001b000 08:04 9322334                    /usr/lib/jvm/java-8-oracle/jre/lib/amd64/libzip.so
7f1ab7384000-7f1ab7385000 rw-p 0001b000 08:04 9322334                    /usr/lib/jvm/java-8-oracle/jre/lib/amd64/libzip.so
7f1ab7385000-7f1ab7390000 r-xp 00000000 08:04 3418124                    /lib/x86_64-linux-gnu/libnss_files-2.23.so
7f1ab7390000-7f1ab758f000 ---p 0000b000 08:04 3418124                    /lib/x86_64-linux-gnu/libnss_files-2.23.so
7f1ab758f000-7f1ab7590000 r--p 0000a000 08:04 3418124                    /lib/x86_64-linux-gnu/libnss_files-2.23.so
7f1ab7590000-7f1ab7591000 rw-p 0000b000 08:04 3418124                    /lib/x86_64-linux-gnu/libnss_files-2.23.so
7f1ab7591000-7f1ab7597000 rw-p 00000000 00:00 0 
7f1ab7597000-7f1ab75a2000 r-xp 00000000 08:04 3418132                    /lib/x86_64-linux-gnu/libnss_nis-2.23.so
7f1ab75a2000-7f1ab77a1000 ---p 0000b000 08:04 3418132                    /lib/x86_64-linux-gnu/libnss_nis-2.23.so
7f1ab77a1000-7f1ab77a2000 r--p 0000a000 08:04 3418132                    /lib/x86_64-linux-gnu/libnss_nis-2.23.so
7f1ab77a2000-7f1ab77a3000 rw-p 0000b000 08:04 3418132                    /lib/x86_64-linux-gnu/libnss_nis-2.23.so
7f1ab77a3000-7f1ab77b9000 r-xp 00000000 08:04 3412616                    /lib/x86_64-linux-gnu/libnsl-2.23.so
7f1ab77b9000-7f1ab79b8000 ---p 00016000 08:04 3412616                    /lib/x86_64-linux-gnu/libnsl-2.23.so
7f1ab79b8000-7f1ab79b9000 r--p 00015000 08:04 3412616                    /lib/x86_64-linux-gnu/libnsl-2.23.so
7f1ab79b9000-7f1ab79ba000 rw-p 00016000 08:04 3412616                    /lib/x86_64-linux-gnu/libnsl-2.23.so
7f1ab79ba000-7f1ab79bc000 rw-p 00000000 00:00 0 
7f1ab79bc000-7f1ab79c4000 r-xp 00000000 08:04 3418114                    /lib/x86_64-linux-gnu/libnss_compat-2.23.so
7f1ab79c4000-7f1ab7bc3000 ---p 00008000 08:04 3418114                    /lib/x86_64-linux-gnu/libnss_compat-2.23.so
7f1ab7bc3000-7f1ab7bc4000 r--p 00007000 08:04 3418114                    /lib/x86_64-linux-gnu/libnss_compat-2.23.so
7f1ab7bc4000-7f1ab7bc5000 rw-p 00008000 08:04 3418114                    /lib/x86_64-linux-gnu/libnss_compat-2.23.so
7f1ab7bc5000-7f1ab7bf0000 r-xp 00000000 08:04 9322328                    /usr/lib/jvm/java-8-oracle/jre/lib/amd64/libjava.so
7f1ab7bf0000-7f1ab7def000 ---p 0002b000 08:04 9322328                    /usr/lib/jvm/java-8-oracle/jre/lib/amd64/libjava.so
7f1ab7def000-7f1ab7df1000 rw-p 0002a000 08:04 9322328                    /usr/lib/jvm/java-8-oracle/jre/lib/amd64/libjava.so
7f1ab7df1000-7f1ab7dfe000 r-xp 00000000 08:04 9322333                    /usr/lib/jvm/java-8-oracle/jre/lib/amd64/libverify.so
7f1ab7dfe000-7f1ab7ffe000 ---p 0000d000 08:04 9322333                    /usr/lib/jvm/java-8-oracle/jre/lib/amd64/libverify.so
7f1ab7ffe000-7f1ab8000000 rw-p 0000d000 08:04 9322333                    /usr/lib/jvm/java-8-oracle/jre/lib/amd64/libverify.so
7f1ab8000000-7f1ab917e000 rw-p 00000000 00:00 0 
7f1ab917e000-7f1abc000000 ---p 00000000 00:00 0 
7f1abc000000-7f1abc004000 r--s 00042000 08:04 4720673                    /home/clovis/.m2/repository/com/fasterxml/jackson/core/jackson-core/2.8.10/jackson-core-2.8.10.jar
7f1abc004000-7f1abc00a000 r--s 0003d000 08:04 4720645                    /home/clovis/.m2/repository/org/yaml/snakeyaml/1.17/snakeyaml-1.17.jar
7f1abc00a000-7f1abc0cf000 rw-p 00000000 00:00 0 
7f1abc0cf000-7f1abc0d0000 ---p 00000000 00:00 0 
7f1abc0d0000-7f1abc1d0000 rw-p 00000000 00:00 0 
7f1abc1d0000-7f1abc1d7000 r-xp 00000000 08:04 3418134                    /lib/x86_64-linux-gnu/librt-2.23.so
7f1abc1d7000-7f1abc3d6000 ---p 00007000 08:04 3418134                    /lib/x86_64-linux-gnu/librt-2.23.so
7f1abc3d6000-7f1abc3d7000 r--p 00006000 08:04 3418134                    /lib/x86_64-linux-gnu/librt-2.23.so
7f1abc3d7000-7f1abc3d8000 rw-p 00007000 08:04 3418134                    /lib/x86_64-linux-gnu/librt-2.23.so
7f1abc3d8000-7f1abc4e0000 r-xp 00000000 08:04 3412615                    /lib/x86_64-linux-gnu/libm-2.23.so
7f1abc4e0000-7f1abc6df000 ---p 00108000 08:04 3412615                    /lib/x86_64-linux-gnu/libm-2.23.so
7f1abc6df000-7f1abc6e0000 r--p 00107000 08:04 3412615                    /lib/x86_64-linux-gnu/libm-2.23.so
7f1abc6e0000-7f1abc6e1000 rw-p 00108000 08:04 3412615                    /lib/x86_64-linux-gnu/libm-2.23.so
7f1abc6e1000-7f1abd3ba000 r-xp 00000000 08:04 9443567                    /usr/lib/jvm/java-8-oracle/jre/lib/amd64/server/libjvm.so
7f1abd3ba000-7f1abd5b9000 ---p 00cd9000 08:04 9443567                    /usr/lib/jvm/java-8-oracle/jre/lib/amd64/server/libjvm.so
7f1abd5b9000-7f1abd692000 rw-p 00cd8000 08:04 9443567                    /usr/lib/jvm/java-8-oracle/jre/lib/amd64/server/libjvm.so
7f1abd692000-7f1abd6de000 rw-p 00000000 00:00 0 
7f1abd6de000-7f1abd89e000 r-xp 00000000 08:04 3418098                    /lib/x86_64-linux-gnu/libc-2.23.so
7f1abd89e000-7f1abda9e000 ---p 001c0000 08:04 3418098                    /lib/x86_64-linux-gnu/libc-2.23.so
7f1abda9e000-7f1abdaa2000 r--p 001c0000 08:04 3418098                    /lib/x86_64-linux-gnu/libc-2.23.so
7f1abdaa2000-7f1abdaa4000 rw-p 001c4000 08:04 3418098                    /lib/x86_64-linux-gnu/libc-2.23.so
7f1abdaa4000-7f1abdaa8000 rw-p 00000000 00:00 0 
7f1abdaa8000-7f1abdaab000 r-xp 00000000 08:04 3418102                    /lib/x86_64-linux-gnu/libdl-2.23.so
7f1abdaab000-7f1abdcaa000 ---p 00003000 08:04 3418102                    /lib/x86_64-linux-gnu/libdl-2.23.so
7f1abdcaa000-7f1abdcab000 r--p 00002000 08:04 3418102                    /lib/x86_64-linux-gnu/libdl-2.23.so
7f1abdcab000-7f1abdcac000 rw-p 00003000 08:04 3418102                    /lib/x86_64-linux-gnu/libdl-2.23.so
7f1abdcac000-7f1abdcc2000 r-xp 00000000 08:04 9322152                    /usr/lib/jvm/java-8-oracle/lib/amd64/jli/libjli.so
7f1abdcc2000-7f1abdec1000 ---p 00016000 08:04 9322152                    /usr/lib/jvm/java-8-oracle/lib/amd64/jli/libjli.so
7f1abdec1000-7f1abdec2000 rw-p 00015000 08:04 9322152                    /usr/lib/jvm/java-8-oracle/lib/amd64/jli/libjli.so
7f1abdec2000-7f1abdeda000 r-xp 00000000 08:04 3418096                    /lib/x86_64-linux-gnu/libpthread-2.23.so
7f1abdeda000-7f1abe0d9000 ---p 00018000 08:04 3418096                    /lib/x86_64-linux-gnu/libpthread-2.23.so
7f1abe0d9000-7f1abe0da000 r--p 00017000 08:04 3418096                    /lib/x86_64-linux-gnu/libpthread-2.23.so
7f1abe0da000-7f1abe0db000 rw-p 00018000 08:04 3418096                    /lib/x86_64-linux-gnu/libpthread-2.23.so
7f1abe0db000-7f1abe0df000 rw-p 00000000 00:00 0 
7f1abe0df000-7f1abe105000 r-xp 00000000 08:04 3418094                    /lib/x86_64-linux-gnu/ld-2.23.so
7f1abe105000-7f1abe106000 r--s 00000000 08:04 4593471                    /home/clovis/.m2/repository/org/springframework/boot/spring-boot-starter-actuator/1.5.10.RELEASE/spring-boot-starter-actuator-1.5.10.RELEASE.jar
7f1abe106000-7f1abe10a000 r--s 0001c000 08:04 3950181                    /home/clovis/.m2/repository/de/codecentric/spring-boot-admin-server/1.5.4/spring-boot-admin-server-1.5.4.jar
7f1abe10a000-7f1abe111000 r--s 00045000 08:04 4196320                    /home/clovis/.m2/repository/ch/qos/logback/logback-classic/1.1.11/logback-classic-1.1.11.jar
7f1abe111000-7f1abe1dc000 rw-p 00000000 00:00 0 
7f1abe1dc000-7f1abe1df000 ---p 00000000 00:00 0 
7f1abe1df000-7f1abe2e2000 rw-p 00000000 00:00 0 
7f1abe2e2000-7f1abe2e4000 r--s 00004000 08:04 4459274                    /home/clovis/.m2/repository/org/slf4j/log4j-over-slf4j/1.7.25/log4j-over-slf4j-1.7.25.jar
7f1abe2e4000-7f1abe2e6000 r--s 00000000 08:04 4459272                    /home/clovis/.m2/repository/org/slf4j/jul-to-slf4j/1.7.25/jul-to-slf4j-1.7.25.jar
7f1abe2e6000-7f1abe2e8000 r--s 00003000 08:04 4459269                    /home/clovis/.m2/repository/org/slf4j/jcl-over-slf4j/1.7.25/jcl-over-slf4j-1.7.25.jar
7f1abe2e8000-7f1abe2e9000 r--s 00000000 08:04 4721820                    /home/clovis/.m2/repository/org/springframework/boot/spring-boot-starter-logging/1.5.10.RELEASE/spring-boot-starter-logging-1.5.10.RELEASE.jar
7f1abe2e9000-7f1abe2f9000 r--s 00095000 08:04 4721814                    /home/clovis/.m2/repository/org/springframework/boot/spring-boot/1.5.10.RELEASE/spring-boot-1.5.10.RELEASE.jar
7f1abe2f9000-7f1abe2fa000 r--s 00000000 08:04 4721648                    /home/clovis/.m2/repository/org/springframework/boot/spring-boot-starter/1.5.10.RELEASE/spring-boot-starter-1.5.10.RELEASE.jar
7f1abe2fa000-7f1abe302000 rw-s 00000000 08:04 1055869                    /tmp/hsperfdata_clovis/9030
7f1abe302000-7f1abe303000 rw-p 00000000 00:00 0 
7f1abe303000-7f1abe304000 ---p 00000000 00:00 0 
7f1abe304000-7f1abe305000 r--p 00025000 08:04 3418094                    /lib/x86_64-linux-gnu/ld-2.23.so
7f1abe305000-7f1abe306000 rw-p 00026000 08:04 3418094                    /lib/x86_64-linux-gnu/ld-2.23.so
7f1abe306000-7f1abe307000 rw-p 00000000 00:00 0 
7ffdc6166000-7ffdc6189000 rw-p 00000000 00:00 0                          [stack]
7ffdc61cb000-7ffdc61ce000 r--p 00000000 00:00 0                          [vvar]
7ffdc61ce000-7ffdc61d0000 r-xp 00000000 00:00 0                          [vdso]
ffffffffff600000-ffffffffff601000 r-xp 00000000 00:00 0                  [vsyscall]

VM Arguments:
jvm_args: -Dcom.sun.management.jmxremote -Dcom.sun.management.jmxremote.port=42569 -Dcom.sun.management.jmxremote.authenticate=false -Dcom.sun.management.jmxremote.ssl=false -Djava.rmi.server.hostname=localhost -Dspring.liveBeansView.mbeanDomain -Dspring.application.admin.enabled=true -Djava.security.egd=file:/dev/./urandom -Xverify:none -XX:TieredStopAtLevel=1 -Dfile.encoding=UTF-8 
java_command: com.gk.AdminServerApplication --spring.output.ansi.enabled=always
java_class_path (initial): /usr/lib/jvm/java-8-oracle/jre/lib/resources.jar:/usr/lib/jvm/java-8-oracle/jre/lib/rt.jar:/usr/lib/jvm/java-8-oracle/jre/lib/jsse.jar:/usr/lib/jvm/java-8-oracle/jre/lib/jce.jar:/usr/lib/jvm/java-8-oracle/jre/lib/charsets.jar:/usr/lib/jvm/java-8-oracle/jre/lib/jfr.jar:/usr/lib/jvm/java-8-oracle/jre/lib/ext/dnsns.jar:/usr/lib/jvm/java-8-oracle/jre/lib/ext/sunpkcs11.jar:/usr/lib/jvm/java-8-oracle/jre/lib/ext/cldrdata.jar:/usr/lib/jvm/java-8-oracle/jre/lib/ext/nashorn.jar:/usr/lib/jvm/java-8-oracle/jre/lib/ext/jaccess.jar:/usr/lib/jvm/java-8-oracle/jre/lib/ext/jfxrt.jar:/usr/lib/jvm/java-8-oracle/jre/lib/ext/sunjce_provider.jar:/usr/lib/jvm/java-8-oracle/jre/lib/ext/sunec.jar:/usr/lib/jvm/java-8-oracle/jre/lib/ext/zipfs.jar:/usr/lib/jvm/java-8-oracle/jre/lib/ext/localedata.jar:/media/clovis/Data/workspace_bicho/AdminServer/target/classes:/home/clovis/.m2/repository/org/springframework/boot/spring-boot-starter/1.5.10.RELEASE/spring-boot-starter-1.5.10.RELEASE.jar:/home/clovis/.m2/repository/org/springframework/boot/spring-boot/1.5.10.RELEASE/spring-boot-1.5.10.RELEASE.jar:/home/clovis/.m2/repository/org/springframework/boot/spring-boot-autoconfigure/1.5.10.RELEASE/spring-boot-autoconfigure-1.5.10.RELEASE.jar:/home/clovis/.m2/repository/org/springframework/boot/spring-boot-starter-logging/1.5.10.RELEASE/spring-boot-starter-logging-1.5.10.RELEASE.jar:/home/clovis/.m2/repository/ch/qos/logback/logback-classic/1.1.11/logback-classic-1.1.11.jar:/home/clovis/.m2/repository/ch/qos/logback/logback-core/1.1.11/logback-core-1.1.11.jar:/home/clovis/.m2/repository/org/slf4j/jcl-over-slf4j/1.7.25/jcl-over-slf4j-1.7.25.jar:/home/clovis/.m2/repository/org/slf4j/jul-to-slf4j/1.7.25/jul-to-slf4j-1.7.25.jar:/home/clovis/.m2/repository/org/slf4j/log4j-over-slf4j/1.7.25/log4j-over-slf4j-1.7.25.jar:/home/clovis/.m2/repository/org/springframework/spring-core/4.3.14.RELEASE/spring-core-4.3.14.RELEASE.jar:/home/clovis/.m2/repository/org/yaml/snakeyaml/1.17/snakeyam
Launcher Type: SUN_STANDARD

Environment Variables:
PATH=/home/clovis/bin:/home/clovis/.local/bin:/usr/local/sbin:/usr/local/bin:/usr/sbin:/usr/bin:/sbin:/bin:/usr/games:/usr/local/games
SHELL=/bin/bash
DISPLAY=:0

Signal Handlers:
SIGSEGV: [libjvm.so+0xad01e0], sa_mask[0]=11111111011111111101111111111110, sa_flags=SA_RESTART|SA_SIGINFO
SIGBUS: [libjvm.so+0xad01e0], sa_mask[0]=11111111011111111101111111111110, sa_flags=SA_RESTART|SA_SIGINFO
SIGFPE: [libjvm.so+0x927fb0], sa_mask[0]=11111111011111111101111111111110, sa_flags=SA_RESTART|SA_SIGINFO
SIGPIPE: [libjvm.so+0x927fb0], sa_mask[0]=11111111011111111101111111111110, sa_flags=SA_RESTART|SA_SIGINFO
SIGXFSZ: [libjvm.so+0x927fb0], sa_mask[0]=11111111011111111101111111111110, sa_flags=SA_RESTART|SA_SIGINFO
SIGILL: [libjvm.so+0x927fb0], sa_mask[0]=11111111011111111101111111111110, sa_flags=SA_RESTART|SA_SIGINFO
SIGUSR1: SIG_DFL, sa_mask[0]=00000000000000000000000000000000, sa_flags=none
SIGUSR2: [libjvm.so+0x9297f0], sa_mask[0]=00100000000000000000000000000000, sa_flags=SA_RESTART|SA_SIGINFO
SIGHUP: [libjvm.so+0x92abf0], sa_mask[0]=11111111011111111101111111111110, sa_flags=SA_RESTART|SA_SIGINFO
SIGINT: [libjvm.so+0x92abf0], sa_mask[0]=11111111011111111101111111111110, sa_flags=SA_RESTART|SA_SIGINFO
SIGTERM: [libjvm.so+0x92abf0], sa_mask[0]=11111111011111111101111111111110, sa_flags=SA_RESTART|SA_SIGINFO
SIGQUIT: [libjvm.so+0x92abf0], sa_mask[0]=11111111011111111101111111111110, sa_flags=SA_RESTART|SA_SIGINFO


---------------  S Y S T E M  ---------------

OS:DISTRIB_ID=LinuxMint
DISTRIB_RELEASE=18.2
DISTRIB_CODENAME=sonya
DISTRIB_DESCRIPTION="Linux Mint 18.2 Sonya"

uname:Linux 4.13.0-38-generic #43~16.04.1-Ubuntu SMP Wed Mar 14 17:48:43 UTC 2018 x86_64
libc:glibc 2.23 NPTL 2.23 
rlimit: STACK 8192k, CORE 0k, NPROC 31091, NOFILE 1048576, AS infinity
load average:15,53 7,07 3,55

/proc/meminfo:
MemTotal:        8050096 kB
MemFree:          138484 kB
MemAvailable:      67460 kB
Buffers:            1236 kB
Cached:           264304 kB
SwapCached:         2048 kB
Active:          6566496 kB
Inactive:        1030452 kB
Active(anon):    6530672 kB
Inactive(anon):   992004 kB
Active(file):      35824 kB
Inactive(file):    38448 kB
Unevictable:          64 kB
Mlocked:              64 kB
SwapTotal:        131068 kB
SwapFree:              0 kB
Dirty:               148 kB
Writeback:             0 kB
AnonPages:       7329604 kB
Mapped:           164900 kB
Shmem:            191188 kB
Slab:             141224 kB
SReclaimable:      53300 kB
SUnreclaim:        87924 kB
KernelStack:       22608 kB
PageTables:        80728 kB
NFS_Unstable:          0 kB
Bounce:                0 kB
WritebackTmp:          0 kB
CommitLimit:     4156116 kB
Committed_AS:   16255336 kB
VmallocTotal:   34359738367 kB
VmallocUsed:           0 kB
VmallocChunk:          0 kB
HardwareCorrupted:     0 kB
AnonHugePages:         0 kB
ShmemHugePages:        0 kB
ShmemPmdMapped:        0 kB
CmaTotal:              0 kB
CmaFree:               0 kB
HugePages_Total:       0
HugePages_Free:        0
HugePages_Rsvd:        0
HugePages_Surp:        0
Hugepagesize:       2048 kB
DirectMap4k:      262328 kB
DirectMap2M:     8007680 kB
DirectMap1G:     1048576 kB


CPU:total 4 (initial active 4) (2 cores per cpu, 2 threads per core) family 6 model 69 stepping 1, cmov, cx8, fxsr, mmx, sse, sse2, sse3, ssse3, sse4.1, sse4.2, popcnt, avx, avx2, aes, clmul, erms, lzcnt, ht, tsc, tscinvbit, bmi1, bmi2

/proc/cpuinfo:
processor	: 0
vendor_id	: GenuineIntel
cpu family	: 6
model		: 69
model name	: Intel(R) Core(TM) i5-4200U CPU @ 1.60GHz
stepping	: 1
microcode	: 0x23
cpu MHz		: 1566.229
cache size	: 3072 KB
physical id	: 0
siblings	: 4
core id		: 0
cpu cores	: 2
apicid		: 0
initial apicid	: 0
fpu		: yes
fpu_exception	: yes
cpuid level	: 13
wp		: yes
flags		: fpu vme de pse tsc msr pae mce cx8 apic sep mtrr pge mca cmov pat pse36 clflush dts acpi mmx fxsr sse sse2 ss ht tm pbe syscall nx pdpe1gb rdtscp lm constant_tsc arch_perfmon pebs bts rep_good nopl xtopology nonstop_tsc cpuid aperfmperf pni pclmulqdq dtes64 monitor ds_cpl vmx est tm2 ssse3 sdbg fma cx16 xtpr pdcm pcid sse4_1 sse4_2 movbe popcnt tsc_deadline_timer aes xsave avx f16c rdrand lahf_lm abm cpuid_fault epb invpcid_single pti retpoline spec_ctrl tpr_shadow vnmi flexpriority ept vpid fsgsbase tsc_adjust bmi1 avx2 smep bmi2 erms invpcid xsaveopt dtherm ida arat pln pts
bugs		: cpu_meltdown spectre_v1 spectre_v2
bogomips	: 4588.97
clflush size	: 64
cache_alignment	: 64
address sizes	: 39 bits physical, 48 bits virtual
power management:

processor	: 1
vendor_id	: GenuineIntel
cpu family	: 6
model		: 69
model name	: Intel(R) Core(TM) i5-4200U CPU @ 1.60GHz
stepping	: 1
microcode	: 0x23
cpu MHz		: 1581.180
cache size	: 3072 KB
physical id	: 0
siblings	: 4
core id		: 1
cpu cores	: 2
apicid		: 2
initial apicid	: 2
fpu		: yes
fpu_exception	: yes
cpuid level	: 13
wp		: yes
flags		: fpu vme de pse tsc msr pae mce cx8 apic sep mtrr pge mca cmov pat pse36 clflush dts acpi mmx fxsr sse sse2 ss ht tm pbe syscall nx pdpe1gb rdtscp lm constant_tsc arch_perfmon pebs bts rep_good nopl xtopology nonstop_tsc cpuid aperfmperf pni pclmulqdq dtes64 monitor ds_cpl vmx est tm2 ssse3 sdbg fma cx16 xtpr pdcm pcid sse4_1 sse4_2 movbe popcnt tsc_deadline_timer aes xsave avx f16c rdrand lahf_lm abm cpuid_fault epb invpcid_single pti retpoline spec_ctrl tpr_shadow vnmi flexpriority ept vpid fsgsbase tsc_adjust bmi1 avx2 smep bmi2 erms invpcid xsaveopt dtherm ida arat pln pts
bugs		: cpu_meltdown spectre_v1 spectre_v2
bogomips	: 4588.97
clflush size	: 64
cache_alignment	: 64
address sizes	: 39 bits physical, 48 bits virtual
power management:

processor	: 2
vendor_id	: GenuineIntel
cpu family	: 6
model		: 69
model name	: Intel(R) Core(TM) i5-4200U CPU @ 1.60GHz
stepping	: 1
microcode	: 0x23
cpu MHz		: 1624.717
cache size	: 3072 KB
physical id	: 0
siblings	: 4
core id		: 0
cpu cores	: 2
apicid		: 1
initial apicid	: 1
fpu		: yes
fpu_exception	: yes
cpuid level	: 13
wp		: yes
flags		: fpu vme de pse tsc msr pae mce cx8 apic sep mtrr pge mca cmov pat pse36 clflush dts acpi mmx fxsr sse sse2 ss ht tm pbe syscall nx pdpe1gb rdtscp lm constant_tsc arch_perfmon pebs bts rep_good nopl xtopology nonstop_tsc cpuid aperfmperf pni pclmulqdq dtes64 monitor ds_cpl vmx est tm2 ssse3 sdbg fma cx16 xtpr pdcm pcid sse4_1 sse4_2 movbe popcnt tsc_deadline_timer aes xsave avx f16c rdrand lahf_lm abm cpuid_fault epb invpcid_single pti retpoline spec_ctrl tpr_shadow vnmi flexpriority ept vpid fsgsbase tsc_adjust bmi1 avx2 smep bmi2 erms invpcid xsaveopt dtherm ida arat pln pts
bugs		: cpu_meltdown spectre_v1 spectre_v2
bogomips	: 4588.97
clflush size	: 64
cache_alignment	: 64
address sizes	: 39 bits physical, 48 bits virtual
power management:

processor	: 3
vendor_id	: GenuineIntel
cpu family	: 6
model		: 69
model name	: Intel(R) Core(TM) i5-4200U CPU @ 1.60GHz
stepping	: 1
microcode	: 0x23
cpu MHz		: 1591.106
cache size	: 3072 KB
physical id	: 0
siblings	: 4
core id		: 1
cpu cores	: 2
apicid		: 3
initial apicid	: 3
fpu		: yes
fpu_exception	: yes
cpuid level	: 13
wp		: yes
flags		: fpu vme de pse tsc msr pae mce cx8 apic sep mtrr pge mca cmov pat pse36 clflush dts acpi mmx fxsr sse sse2 ss ht tm pbe syscall nx pdpe1gb rdtscp lm constant_tsc arch_perfmon pebs bts rep_good nopl xtopology nonstop_tsc cpuid aperfmperf pni pclmulqdq dtes64 monitor ds_cpl vmx est tm2 ssse3 sdbg fma cx16 xtpr pdcm pcid sse4_1 sse4_2 movbe popcnt tsc_deadline_timer aes xsave avx f16c rdrand lahf_lm abm cpuid_fault epb invpcid_single pti retpoline spec_ctrl tpr_shadow vnmi flexpriority ept vpid fsgsbase tsc_adjust bmi1 avx2 smep bmi2 erms invpcid xsaveopt dtherm ida arat pln pts
bugs		: cpu_meltdown spectre_v1 spectre_v2
bogomips	: 4588.97
clflush size	: 64
cache_alignment	: 64
address sizes	: 39 bits physical, 48 bits virtual
power management:



Memory: 4k page, physical 8050096k(138236k free), swap 131068k(0k free)

vm_info: Java HotSpot(TM) 64-Bit Server VM (25.161-b12) for linux-amd64 JRE (1.8.0_161-b12), built on Dec 19 2017 16:12:43 by "java_re" with gcc 4.3.0 20080428 (Red Hat 4.3.0-8)

time: Mon Apr  9 23:24:04 2018
elapsed time: 401 seconds (0d 0h 6m 41s)

